[{"line":2,"elements":[{"start_timestamp":"2024-01-05T14:58:00.755Z","before":[{"result":{"duration":9459627000,"status":"passed"},"match":{"location":"com.fdmgroup.global.stepdefinitions.Hooks.setup()"}}],"line":6,"name":"@TMS_2359 Test that popup calendar is appear when user clicks on date function","description":"","id":"as-a-user-i-want-to-be-able-to-click-on-the-date-button-and-activate-a-pop-up-calendar-window-to-choose-a-specific;@tms-2359-test-that-popup-calendar-is-appear-when-user-clicks-on-date-function","after":[{"result":{"duration":21046247600,"status":"passed"},"match":{"location":"com.fdmgroup.global.stepdefinitions.Hooks.tearDown()"}}],"type":"scenario","keyword":"Scenario","steps":[{"result":{"duration":3689351700,"status":"passed"},"line":7,"name":"User is redirected to tms calendar page","match":{"location":"com.fdmgroup.academyusers.stepdefinitions.PopupView_stepdefinitions.user_is_redirected_to_tms_calendar_page()"},"keyword":"Given "},{"result":{"error_message":"org.openqa.selenium.TimeoutException: java.util.concurrent.TimeoutException\nBuild info: version: '4.16.1', revision: '9b4c83354e'\nSystem info: os.name: 'Windows 10', os.arch: 'amd64', os.version: '10.0', java.version: '17.0.5'\nDriver info: org.openqa.selenium.chrome.ChromeDriver\nCommand: [c97fb880e8b3a7eeb0748905bd285fe4, findElement {using=xpath, value=//*[@class='bi bi-calendar3']}]\nCapabilities {acceptInsecureCerts: false, browserName: chrome, browserVersion: 120.0.6099.199, chrome: {chromedriverVersion: 120.0.6099.109 (3419140ab66..., userDataDir: C:\\Users\\HP\\AppData\\Local\\T...}, fedcm:accounts: true, goog:chromeOptions: {debuggerAddress: localhost:53011}, networkConnectionEnabled: false, pageLoadStrategy: normal, platformName: windows, proxy: Proxy(), se:cdp: ws://localhost:53011/devtoo..., se:cdpVersion: 120.0.6099.199, setWindowRect: true, strictFileInteractability: false, timeouts: {implicit: 0, pageLoad: 300000, script: 30000}, unhandledPromptBehavior: dismiss and notify, webauthn:extension:credBlob: true, webauthn:extension:largeBlob: true, webauthn:extension:minPinLength: true, webauthn:extension:prf: true, webauthn:virtualAuthenticators: true}\nSession ID: c97fb880e8b3a7eeb0748905bd285fe4\r\n\tat org.openqa.selenium.remote.http.jdk.JdkHttpClient.execute0(JdkHttpClient.java:402)\r\n\tat org.openqa.selenium.remote.http.AddSeleniumUserAgent.lambda$apply$0(AddSeleniumUserAgent.java:42)\r\n\tat org.openqa.selenium.remote.http.Filter.lambda$andFinally$1(Filter.java:55)\r\n\tat org.openqa.selenium.remote.http.jdk.JdkHttpClient.execute(JdkHttpClient.java:358)\r\n\tat org.openqa.selenium.remote.HttpCommandExecutor.execute(HttpCommandExecutor.java:188)\r\n\tat org.openqa.selenium.remote.service.DriverCommandExecutor.invokeExecute(DriverCommandExecutor.java:200)\r\n\tat org.openqa.selenium.remote.service.DriverCommandExecutor.execute(DriverCommandExecutor.java:175)\r\n\tat org.openqa.selenium.remote.RemoteWebDriver.execute(RemoteWebDriver.java:523)\r\n\tat org.openqa.selenium.remote.ElementLocation$ElementFinder$2.findElement(ElementLocation.java:165)\r\n\tat org.openqa.selenium.remote.ElementLocation.findElement(ElementLocation.java:59)\r\n\tat org.openqa.selenium.remote.RemoteWebDriver.findElement(RemoteWebDriver.java:360)\r\n\tat org.openqa.selenium.remote.RemoteWebDriver.findElement(RemoteWebDriver.java:354)\r\n\tat org.openqa.selenium.support.pagefactory.DefaultElementLocator.findElement(DefaultElementLocator.java:68)\r\n\tat org.openqa.selenium.support.pagefactory.internal.LocatingElementHandler.invoke(LocatingElementHandler.java:38)\r\n\tat jdk.proxy2/jdk.proxy2.$Proxy25.click(Unknown Source)\r\n\tat com.fdmgroup.academyusers.pages.PopupCalendarPage.clickPopupLink(PopupCalendarPage.java:42)\r\n\tat com.fdmgroup.academyusers.stepdefinitions.PopupView_stepdefinitions.i_click_on_popup_calendar_button(PopupView_stepdefinitions.java:28)\r\n\tat ✽.I click on popup calendar button(file:///C:/Users/HP/Desktop/TestingTms/fdm_tms_qe_pod/src/test/resources/Features/Sprint_11/AcademyUsers/TMS_1001_PopUpView.feature:8)\r\nCaused by: java.util.concurrent.TimeoutException\r\n\tat java.base/java.util.concurrent.CompletableFuture.timedGet(CompletableFuture.java:1960)\r\n\tat java.base/java.util.concurrent.CompletableFuture.get(CompletableFuture.java:2095)\r\n\tat org.openqa.selenium.remote.http.jdk.JdkHttpClient.execute0(JdkHttpClient.java:385)\r\n\tat org.openqa.selenium.remote.http.AddSeleniumUserAgent.lambda$apply$0(AddSeleniumUserAgent.java:42)\r\n\tat org.openqa.selenium.remote.http.Filter.lambda$andFinally$1(Filter.java:55)\r\n\tat org.openqa.selenium.remote.http.jdk.JdkHttpClient.execute(JdkHttpClient.java:358)\r\n\tat org.openqa.selenium.remote.HttpCommandExecutor.execute(HttpCommandExecutor.java:188)\r\n\tat org.openqa.selenium.remote.service.DriverCommandExecutor.invokeExecute(DriverCommandExecutor.java:200)\r\n\tat org.openqa.selenium.remote.service.DriverCommandExecutor.execute(DriverCommandExecutor.java:175)\r\n\tat org.openqa.selenium.remote.RemoteWebDriver.execute(RemoteWebDriver.java:523)\r\n\tat org.openqa.selenium.remote.ElementLocation$ElementFinder$2.findElement(ElementLocation.java:165)\r\n\tat org.openqa.selenium.remote.ElementLocation.findElement(ElementLocation.java:59)\r\n\tat org.openqa.selenium.remote.RemoteWebDriver.findElement(RemoteWebDriver.java:360)\r\n\tat org.openqa.selenium.remote.RemoteWebDriver.findElement(RemoteWebDriver.java:354)\r\n\tat org.openqa.selenium.support.pagefactory.DefaultElementLocator.findElement(DefaultElementLocator.java:68)\r\n\tat org.openqa.selenium.support.pagefactory.internal.LocatingElementHandler.invoke(LocatingElementHandler.java:38)\r\n\tat jdk.proxy2/jdk.proxy2.$Proxy25.click(Unknown Source)\r\n\tat com.fdmgroup.academyusers.pages.PopupCalendarPage.clickPopupLink(PopupCalendarPage.java:42)\r\n\tat com.fdmgroup.academyusers.stepdefinitions.PopupView_stepdefinitions.i_click_on_popup_calendar_button(PopupView_stepdefinitions.java:28)\r\n\tat java.base/jdk.internal.reflect.NativeMethodAccessorImpl.invoke0(Native Method)\r\n\tat java.base/jdk.internal.reflect.NativeMethodAccessorImpl.invoke(NativeMethodAccessorImpl.java:77)\r\n\tat java.base/jdk.internal.reflect.DelegatingMethodAccessorImpl.invoke(DelegatingMethodAccessorImpl.java:43)\r\n\tat java.base/java.lang.reflect.Method.invoke(Method.java:568)\r\n\tat io.cucumber.java.Invoker.doInvoke(Invoker.java:66)\r\n\tat io.cucumber.java.Invoker.invoke(Invoker.java:24)\r\n\tat io.cucumber.java.AbstractGlueDefinition.invokeMethod(AbstractGlueDefinition.java:47)\r\n\tat io.cucumber.java.JavaStepDefinition.execute(JavaStepDefinition.java:29)\r\n\tat io.cucumber.core.runner.CoreStepDefinition.execute(CoreStepDefinition.java:66)\r\n\tat io.cucumber.core.runner.PickleStepDefinitionMatch.runStep(PickleStepDefinitionMatch.java:63)\r\n\tat io.cucumber.core.runner.ExecutionMode$1.execute(ExecutionMode.java:10)\r\n\tat io.cucumber.core.runner.TestStep.executeStep(TestStep.java:84)\r\n\tat io.cucumber.core.runner.TestStep.run(TestStep.java:56)\r\n\tat io.cucumber.core.runner.PickleStepTestStep.run(PickleStepTestStep.java:51)\r\n\tat io.cucumber.core.runner.TestCase.run(TestCase.java:84)\r\n\tat io.cucumber.core.runner.Runner.runPickle(Runner.java:75)\r\n\tat io.cucumber.junit.PickleRunners$NoStepDescriptions.lambda$run$0(PickleRunners.java:151)\r\n\tat io.cucumber.core.runtime.CucumberExecutionContext.lambda$runTestCase$5(CucumberExecutionContext.java:137)\r\n\tat io.cucumber.core.runtime.RethrowingThrowableCollector.executeAndThrow(RethrowingThrowableCollector.java:23)\r\n\tat io.cucumber.core.runtime.CucumberExecutionContext.runTestCase(CucumberExecutionContext.java:137)\r\n\tat io.cucumber.junit.PickleRunners$NoStepDescriptions.run(PickleRunners.java:148)\r\n\tat io.cucumber.junit.FeatureRunner.runChild(FeatureRunner.java:144)\r\n\tat io.cucumber.junit.FeatureRunner.runChild(FeatureRunner.java:28)\r\n\tat org.junit.runners.ParentRunner$4.run(ParentRunner.java:331)\r\n\tat org.junit.runners.ParentRunner$1.schedule(ParentRunner.java:79)\r\n\tat org.junit.runners.ParentRunner.runChildren(ParentRunner.java:329)\r\n\tat org.junit.runners.ParentRunner.access$100(ParentRunner.java:66)\r\n\tat org.junit.runners.ParentRunner$2.evaluate(ParentRunner.java:293)\r\n\tat org.junit.runners.ParentRunner$3.evaluate(ParentRunner.java:306)\r\n\tat org.junit.runners.ParentRunner.run(ParentRunner.java:413)\r\n\tat io.cucumber.junit.FeatureRunner.run(FeatureRunner.java:137)\r\n\tat io.cucumber.junit.Cucumber.runChild(Cucumber.java:196)\r\n\tat io.cucumber.junit.Cucumber.runChild(Cucumber.java:89)\r\n\tat org.junit.runners.ParentRunner$4.run(ParentRunner.java:331)\r\n\tat org.junit.runners.ParentRunner$1.schedule(ParentRunner.java:79)\r\n\tat org.junit.runners.ParentRunner.runChildren(ParentRunner.java:329)\r\n\tat org.junit.runners.ParentRunner.access$100(ParentRunner.java:66)\r\n\tat org.junit.runners.ParentRunner$2.evaluate(ParentRunner.java:293)\r\n\tat io.cucumber.core.runtime.CucumberExecutionContext.lambda$runFeatures$6(CucumberExecutionContext.java:148)\r\n\tat io.cucumber.core.runtime.CucumberExecutionContext.execute(CucumberExecutionContext.java:163)\r\n\tat io.cucumber.core.runtime.CucumberExecutionContext.runFeatures(CucumberExecutionContext.java:146)\r\n\tat io.cucumber.junit.Cucumber$StartAndFinishTestRun.evaluate(Cucumber.java:226)\r\n\tat org.junit.runners.ParentRunner$3.evaluate(ParentRunner.java:306)\r\n\tat org.junit.runners.ParentRunner.run(ParentRunner.java:413)\r\n\tat org.eclipse.jdt.internal.junit4.runner.JUnit4TestReference.run(JUnit4TestReference.java:93)\r\n\tat org.eclipse.jdt.internal.junit.runner.TestExecution.run(TestExecution.java:40)\r\n\tat org.eclipse.jdt.internal.junit.runner.RemoteTestRunner.runTests(RemoteTestRunner.java:529)\r\n\tat org.eclipse.jdt.internal.junit.runner.RemoteTestRunner.runTests(RemoteTestRunner.java:756)\r\n\tat org.eclipse.jdt.internal.junit.runner.RemoteTestRunner.run(RemoteTestRunner.java:452)\r\n\tat org.eclipse.jdt.internal.junit.runner.RemoteTestRunner.main(RemoteTestRunner.java:210)\r\n","duration":180056289700,"status":"failed"},"line":8,"name":"I click on popup calendar button","match":{"location":"com.fdmgroup.academyusers.stepdefinitions.PopupView_stepdefinitions.i_click_on_popup_calendar_button()"},"keyword":"When "},{"result":{"duration":997500,"status":"skipped"},"line":9,"name":"popup calendar should appear","match":{"location":"com.fdmgroup.academyusers.stepdefinitions.PopupView_stepdefinitions.popup_calendar_should_appear()"},"keyword":"Then "},{"result":{"duration":997300,"status":"skipped"},"line":10,"name":"Take a screenshot and saving it in \"src/test/resources/Screenshots/Sprint_11/AcademyUsers/TMS_1001/\" as \"TMS_2359\"","match":{"arguments":[{"val":"\"src/test/resources/Screenshots/Sprint_11/AcademyUsers/TMS_1001/\"","offset":35},{"val":"\"TMS_2359\"","offset":104}],"location":"com.fdmgroup.global.stepdefinitions.Hooks.take_a_screenshot_and_saving_it_in_as(java.lang.String,java.lang.String)"},"keyword":"And "}],"tags":[{"name":"@IntegrationTesting"},{"name":"@TMS_2359"}]},{"start_timestamp":"2024-01-05T15:01:35.223Z","before":[{"result":{"duration":5619527500,"status":"passed"},"match":{"location":"com.fdmgroup.global.stepdefinitions.Hooks.setup()"}}],"line":13,"name":"@TMS_2360 Test that user is allowed to navigate in past and future","description":"","id":"as-a-user-i-want-to-be-able-to-click-on-the-date-button-and-activate-a-pop-up-calendar-window-to-choose-a-specific;@tms-2360-test-that-user-is-allowed-to-navigate-in-past-and-future","after":[{"result":{"duration":21029479800,"status":"passed"},"match":{"location":"com.fdmgroup.global.stepdefinitions.Hooks.tearDown()"}}],"type":"scenario","keyword":"Scenario","steps":[{"result":{"duration":6245785100,"status":"passed"},"line":14,"name":"User is redirected to tms calendar page","match":{"location":"com.fdmgroup.academyusers.stepdefinitions.PopupView_stepdefinitions.user_is_redirected_to_tms_calendar_page()"},"keyword":"Given "},{"result":{"error_message":"org.openqa.selenium.TimeoutException: java.util.concurrent.TimeoutException\nBuild info: version: '4.16.1', revision: '9b4c83354e'\nSystem info: os.name: 'Windows 10', os.arch: 'amd64', os.version: '10.0', java.version: '17.0.5'\nDriver info: org.openqa.selenium.chrome.ChromeDriver\nCommand: [0950eb28a56ab3f428903a190b679e1f, findElement {using=xpath, value=//*[@class='bi bi-calendar3']}]\nCapabilities {acceptInsecureCerts: false, browserName: chrome, browserVersion: 120.0.6099.199, chrome: {chromedriverVersion: 120.0.6099.109 (3419140ab66..., userDataDir: C:\\Users\\HP\\AppData\\Local\\T...}, fedcm:accounts: true, goog:chromeOptions: {debuggerAddress: localhost:53291}, networkConnectionEnabled: false, pageLoadStrategy: normal, platformName: windows, proxy: Proxy(), se:cdp: ws://localhost:53291/devtoo..., se:cdpVersion: 120.0.6099.199, setWindowRect: true, strictFileInteractability: false, timeouts: {implicit: 0, pageLoad: 300000, script: 30000}, unhandledPromptBehavior: dismiss and notify, webauthn:extension:credBlob: true, webauthn:extension:largeBlob: true, webauthn:extension:minPinLength: true, webauthn:extension:prf: true, webauthn:virtualAuthenticators: true}\nSession ID: 0950eb28a56ab3f428903a190b679e1f\r\n\tat org.openqa.selenium.remote.http.jdk.JdkHttpClient.execute0(JdkHttpClient.java:402)\r\n\tat org.openqa.selenium.remote.http.AddSeleniumUserAgent.lambda$apply$0(AddSeleniumUserAgent.java:42)\r\n\tat org.openqa.selenium.remote.http.Filter.lambda$andFinally$1(Filter.java:55)\r\n\tat org.openqa.selenium.remote.http.jdk.JdkHttpClient.execute(JdkHttpClient.java:358)\r\n\tat org.openqa.selenium.remote.HttpCommandExecutor.execute(HttpCommandExecutor.java:188)\r\n\tat org.openqa.selenium.remote.service.DriverCommandExecutor.invokeExecute(DriverCommandExecutor.java:200)\r\n\tat org.openqa.selenium.remote.service.DriverCommandExecutor.execute(DriverCommandExecutor.java:175)\r\n\tat org.openqa.selenium.remote.RemoteWebDriver.execute(RemoteWebDriver.java:523)\r\n\tat org.openqa.selenium.remote.ElementLocation$ElementFinder$2.findElement(ElementLocation.java:165)\r\n\tat org.openqa.selenium.remote.ElementLocation.findElement(ElementLocation.java:59)\r\n\tat org.openqa.selenium.remote.RemoteWebDriver.findElement(RemoteWebDriver.java:360)\r\n\tat org.openqa.selenium.remote.RemoteWebDriver.findElement(RemoteWebDriver.java:354)\r\n\tat org.openqa.selenium.support.pagefactory.DefaultElementLocator.findElement(DefaultElementLocator.java:68)\r\n\tat org.openqa.selenium.support.pagefactory.internal.LocatingElementHandler.invoke(LocatingElementHandler.java:38)\r\n\tat jdk.proxy2/jdk.proxy2.$Proxy25.click(Unknown Source)\r\n\tat com.fdmgroup.academyusers.pages.PopupCalendarPage.clickPopupLink(PopupCalendarPage.java:42)\r\n\tat com.fdmgroup.academyusers.stepdefinitions.PopupView_stepdefinitions.i_click_on_popup_calendar_button(PopupView_stepdefinitions.java:28)\r\n\tat ✽.I click on popup calendar button(file:///C:/Users/HP/Desktop/TestingTms/fdm_tms_qe_pod/src/test/resources/Features/Sprint_11/AcademyUsers/TMS_1001_PopUpView.feature:15)\r\nCaused by: java.util.concurrent.TimeoutException\r\n\tat java.base/java.util.concurrent.CompletableFuture.timedGet(CompletableFuture.java:1960)\r\n\tat java.base/java.util.concurrent.CompletableFuture.get(CompletableFuture.java:2095)\r\n\tat org.openqa.selenium.remote.http.jdk.JdkHttpClient.execute0(JdkHttpClient.java:385)\r\n\tat org.openqa.selenium.remote.http.AddSeleniumUserAgent.lambda$apply$0(AddSeleniumUserAgent.java:42)\r\n\tat org.openqa.selenium.remote.http.Filter.lambda$andFinally$1(Filter.java:55)\r\n\tat org.openqa.selenium.remote.http.jdk.JdkHttpClient.execute(JdkHttpClient.java:358)\r\n\tat org.openqa.selenium.remote.HttpCommandExecutor.execute(HttpCommandExecutor.java:188)\r\n\tat org.openqa.selenium.remote.service.DriverCommandExecutor.invokeExecute(DriverCommandExecutor.java:200)\r\n\tat org.openqa.selenium.remote.service.DriverCommandExecutor.execute(DriverCommandExecutor.java:175)\r\n\tat org.openqa.selenium.remote.RemoteWebDriver.execute(RemoteWebDriver.java:523)\r\n\tat org.openqa.selenium.remote.ElementLocation$ElementFinder$2.findElement(ElementLocation.java:165)\r\n\tat org.openqa.selenium.remote.ElementLocation.findElement(ElementLocation.java:59)\r\n\tat org.openqa.selenium.remote.RemoteWebDriver.findElement(RemoteWebDriver.java:360)\r\n\tat org.openqa.selenium.remote.RemoteWebDriver.findElement(RemoteWebDriver.java:354)\r\n\tat org.openqa.selenium.support.pagefactory.DefaultElementLocator.findElement(DefaultElementLocator.java:68)\r\n\tat org.openqa.selenium.support.pagefactory.internal.LocatingElementHandler.invoke(LocatingElementHandler.java:38)\r\n\tat jdk.proxy2/jdk.proxy2.$Proxy25.click(Unknown Source)\r\n\tat com.fdmgroup.academyusers.pages.PopupCalendarPage.clickPopupLink(PopupCalendarPage.java:42)\r\n\tat com.fdmgroup.academyusers.stepdefinitions.PopupView_stepdefinitions.i_click_on_popup_calendar_button(PopupView_stepdefinitions.java:28)\r\n\tat java.base/jdk.internal.reflect.NativeMethodAccessorImpl.invoke0(Native Method)\r\n\tat java.base/jdk.internal.reflect.NativeMethodAccessorImpl.invoke(NativeMethodAccessorImpl.java:77)\r\n\tat java.base/jdk.internal.reflect.DelegatingMethodAccessorImpl.invoke(DelegatingMethodAccessorImpl.java:43)\r\n\tat java.base/java.lang.reflect.Method.invoke(Method.java:568)\r\n\tat io.cucumber.java.Invoker.doInvoke(Invoker.java:66)\r\n\tat io.cucumber.java.Invoker.invoke(Invoker.java:24)\r\n\tat io.cucumber.java.AbstractGlueDefinition.invokeMethod(AbstractGlueDefinition.java:47)\r\n\tat io.cucumber.java.JavaStepDefinition.execute(JavaStepDefinition.java:29)\r\n\tat io.cucumber.core.runner.CoreStepDefinition.execute(CoreStepDefinition.java:66)\r\n\tat io.cucumber.core.runner.PickleStepDefinitionMatch.runStep(PickleStepDefinitionMatch.java:63)\r\n\tat io.cucumber.core.runner.ExecutionMode$1.execute(ExecutionMode.java:10)\r\n\tat io.cucumber.core.runner.TestStep.executeStep(TestStep.java:84)\r\n\tat io.cucumber.core.runner.TestStep.run(TestStep.java:56)\r\n\tat io.cucumber.core.runner.PickleStepTestStep.run(PickleStepTestStep.java:51)\r\n\tat io.cucumber.core.runner.TestCase.run(TestCase.java:84)\r\n\tat io.cucumber.core.runner.Runner.runPickle(Runner.java:75)\r\n\tat io.cucumber.junit.PickleRunners$NoStepDescriptions.lambda$run$0(PickleRunners.java:151)\r\n\tat io.cucumber.core.runtime.CucumberExecutionContext.lambda$runTestCase$5(CucumberExecutionContext.java:137)\r\n\tat io.cucumber.core.runtime.RethrowingThrowableCollector.executeAndThrow(RethrowingThrowableCollector.java:23)\r\n\tat io.cucumber.core.runtime.CucumberExecutionContext.runTestCase(CucumberExecutionContext.java:137)\r\n\tat io.cucumber.junit.PickleRunners$NoStepDescriptions.run(PickleRunners.java:148)\r\n\tat io.cucumber.junit.FeatureRunner.runChild(FeatureRunner.java:144)\r\n\tat io.cucumber.junit.FeatureRunner.runChild(FeatureRunner.java:28)\r\n\tat org.junit.runners.ParentRunner$4.run(ParentRunner.java:331)\r\n\tat org.junit.runners.ParentRunner$1.schedule(ParentRunner.java:79)\r\n\tat org.junit.runners.ParentRunner.runChildren(ParentRunner.java:329)\r\n\tat org.junit.runners.ParentRunner.access$100(ParentRunner.java:66)\r\n\tat org.junit.runners.ParentRunner$2.evaluate(ParentRunner.java:293)\r\n\tat org.junit.runners.ParentRunner$3.evaluate(ParentRunner.java:306)\r\n\tat org.junit.runners.ParentRunner.run(ParentRunner.java:413)\r\n\tat io.cucumber.junit.FeatureRunner.run(FeatureRunner.java:137)\r\n\tat io.cucumber.junit.Cucumber.runChild(Cucumber.java:196)\r\n\tat io.cucumber.junit.Cucumber.runChild(Cucumber.java:89)\r\n\tat org.junit.runners.ParentRunner$4.run(ParentRunner.java:331)\r\n\tat org.junit.runners.ParentRunner$1.schedule(ParentRunner.java:79)\r\n\tat org.junit.runners.ParentRunner.runChildren(ParentRunner.java:329)\r\n\tat org.junit.runners.ParentRunner.access$100(ParentRunner.java:66)\r\n\tat org.junit.runners.ParentRunner$2.evaluate(ParentRunner.java:293)\r\n\tat io.cucumber.core.runtime.CucumberExecutionContext.lambda$runFeatures$6(CucumberExecutionContext.java:148)\r\n\tat io.cucumber.core.runtime.CucumberExecutionContext.execute(CucumberExecutionContext.java:163)\r\n\tat io.cucumber.core.runtime.CucumberExecutionContext.runFeatures(CucumberExecutionContext.java:146)\r\n\tat io.cucumber.junit.Cucumber$StartAndFinishTestRun.evaluate(Cucumber.java:226)\r\n\tat org.junit.runners.ParentRunner$3.evaluate(ParentRunner.java:306)\r\n\tat org.junit.runners.ParentRunner.run(ParentRunner.java:413)\r\n\tat org.eclipse.jdt.internal.junit4.runner.JUnit4TestReference.run(JUnit4TestReference.java:93)\r\n\tat org.eclipse.jdt.internal.junit.runner.TestExecution.run(TestExecution.java:40)\r\n\tat org.eclipse.jdt.internal.junit.runner.RemoteTestRunner.runTests(RemoteTestRunner.java:529)\r\n\tat org.eclipse.jdt.internal.junit.runner.RemoteTestRunner.runTests(RemoteTestRunner.java:756)\r\n\tat org.eclipse.jdt.internal.junit.runner.RemoteTestRunner.run(RemoteTestRunner.java:452)\r\n\tat org.eclipse.jdt.internal.junit.runner.RemoteTestRunner.main(RemoteTestRunner.java:210)\r\n","duration":180013694100,"status":"failed"},"line":15,"name":"I click on popup calendar button","match":{"location":"com.fdmgroup.academyusers.stepdefinitions.PopupView_stepdefinitions.i_click_on_popup_calendar_button()"},"keyword":"When "},{"result":{"status":"skipped"},"line":16,"name":"popup calendar should appear","match":{"location":"com.fdmgroup.academyusers.stepdefinitions.PopupView_stepdefinitions.popup_calendar_should_appear()"},"keyword":"Then "},{"result":{"status":"skipped"},"line":17,"name":"I can move forward backward in calendar","match":{"location":"com.fdmgroup.academyusers.stepdefinitions.PopupView_stepdefinitions.i_can_move_forward_backward_in_calendar()"},"keyword":"And "},{"result":{"duration":997200,"status":"skipped"},"line":18,"name":"Take a screenshot and saving it in \"src/test/resources/Screenshots/Sprint_11/AcademyUsers/TMS_1001/\" as \"TMS_2360\"","match":{"arguments":[{"val":"\"src/test/resources/Screenshots/Sprint_11/AcademyUsers/TMS_1001/\"","offset":35},{"val":"\"TMS_2360\"","offset":104}],"location":"com.fdmgroup.global.stepdefinitions.Hooks.take_a_screenshot_and_saving_it_in_as(java.lang.String,java.lang.String)"},"keyword":"And "}],"tags":[{"name":"@IntegrationTesting"},{"name":"@TMS_2360"}]}],"name":"As a user I want to be able to click on the date button and activate a pop up calendar window to choose a specific","description":"week in the year to view.","id":"as-a-user-i-want-to-be-able-to-click-on-the-date-button-and-activate-a-pop-up-calendar-window-to-choose-a-specific","keyword":"Feature","uri":"file:src/test/resources/Features/Sprint_11/AcademyUsers/TMS_1001_PopUpView.feature","tags":[{"name":"@IntegrationTesting","type":"Tag","location":{"line":1,"column":1}}]},{"line":3,"elements":[{"start_timestamp":"2024-01-05T15:05:08.403Z","before":[{"result":{"duration":9381981400,"status":"passed"},"match":{"location":"com.fdmgroup.global.stepdefinitions.Hooks.setup()"}}],"line":6,"name":"TC_TMS User should be logged in to the system","description":"","id":"tms-2205-as-an-academy-admin--i-want-to-be-able-to-select-single-or-multiple-skills-from-a-‘skills’-drop-down-so-that-each-trainee-has-an-appropriate-skills-assigned-to-them.;tc-tms-user-should-be-logged-in-to-the-system","after":[{"result":{"duration":788960100,"status":"passed"},"match":{"location":"com.fdmgroup.global.stepdefinitions.Hooks.tearDown()"}}],"type":"scenario","keyword":"Scenario","steps":[{"result":{"duration":8672059800,"status":"passed"},"line":7,"name":"User launches the TMS portal page","match":{"location":"com.fdmgroup.academyusers.stepdefinitions.Login_stepdefinitions.user_launches_the_tms_portal_page()"},"keyword":"Given "},{"result":{"duration":402923600,"status":"passed"},"line":8,"name":"Enters valid id and password of admin","match":{"location":"com.fdmgroup.admins.stepdefinitions.ImportTrainees_stepdefinitions.enters_valid_id_and_password_of_admin()"},"keyword":"When "},{"result":{"duration":1185294400,"status":"passed"},"line":9,"name":"user clicks the login btn","match":{"location":"com.fdmgroup.admins.stepdefinitions.DisplaySkills_stepdefinitions.user_clicks_the_login_btn()"},"keyword":"And "}],"tags":[{"name":"@IntegrationTesting"},{"name":"@TC_TMS_Login_Test"}]},{"start_timestamp":"2024-01-05T15:05:28.996Z","before":[{"result":{"duration":8685340400,"status":"passed"},"match":{"location":"com.fdmgroup.global.stepdefinitions.Hooks.setup()"}}],"line":12,"name":"TMS_2432 Test that user can edit, remove and select single/multiple skills from dropdown","description":"","id":"tms-2205-as-an-academy-admin--i-want-to-be-able-to-select-single-or-multiple-skills-from-a-‘skills’-drop-down-so-that-each-trainee-has-an-appropriate-skills-assigned-to-them.;tms-2432-test-that-user-can-edit--remove-and-select-single/multiple-skills-from-dropdown","after":[{"result":{"duration":727301400,"status":"passed"},"match":{"location":"com.fdmgroup.global.stepdefinitions.Hooks.tearDown()"}}],"type":"scenario","keyword":"Scenario","steps":[{"result":{"error_message":"org.openqa.selenium.NoSuchElementException: no such element: Unable to locate element: {\"method\":\"xpath\",\"selector\":\"//*[contains(@routerlink,'admin')]\"}\n  (Session info: chrome=120.0.6099.199)\nFor documentation on this error, please visit: https://www.selenium.dev/documentation/webdriver/troubleshooting/errors#no-such-element-exception\nBuild info: version: '4.16.1', revision: '9b4c83354e'\nSystem info: os.name: 'Windows 10', os.arch: 'amd64', os.version: '10.0', java.version: '17.0.5'\nDriver info: org.openqa.selenium.chrome.ChromeDriver\nCommand: [72a822eb2ff5339c9c7f87541c4996bc, findElement {using=xpath, value=//*[contains(@routerlink,'admin')]}]\nCapabilities {acceptInsecureCerts: false, browserName: chrome, browserVersion: 120.0.6099.199, chrome: {chromedriverVersion: 120.0.6099.109 (3419140ab66..., userDataDir: C:\\Users\\HP\\AppData\\Local\\T...}, fedcm:accounts: true, goog:chromeOptions: {debuggerAddress: localhost:53886}, networkConnectionEnabled: false, pageLoadStrategy: normal, platformName: windows, proxy: Proxy(), se:cdp: ws://localhost:53886/devtoo..., se:cdpVersion: 120.0.6099.199, setWindowRect: true, strictFileInteractability: false, timeouts: {implicit: 0, pageLoad: 300000, script: 30000}, unhandledPromptBehavior: dismiss and notify, webauthn:extension:credBlob: true, webauthn:extension:largeBlob: true, webauthn:extension:minPinLength: true, webauthn:extension:prf: true, webauthn:virtualAuthenticators: true}\nSession ID: 72a822eb2ff5339c9c7f87541c4996bc\r\n\tat java.base/jdk.internal.reflect.NativeConstructorAccessorImpl.newInstance0(Native Method)\r\n\tat java.base/jdk.internal.reflect.NativeConstructorAccessorImpl.newInstance(NativeConstructorAccessorImpl.java:77)\r\n\tat java.base/jdk.internal.reflect.DelegatingConstructorAccessorImpl.newInstance(DelegatingConstructorAccessorImpl.java:45)\r\n\tat java.base/java.lang.reflect.Constructor.newInstanceWithCaller(Constructor.java:499)\r\n\tat java.base/java.lang.reflect.Constructor.newInstance(Constructor.java:480)\r\n\tat org.openqa.selenium.remote.codec.w3c.W3CHttpResponseCodec.createException(W3CHttpResponseCodec.java:200)\r\n\tat org.openqa.selenium.remote.codec.w3c.W3CHttpResponseCodec.decode(W3CHttpResponseCodec.java:133)\r\n\tat org.openqa.selenium.remote.codec.w3c.W3CHttpResponseCodec.decode(W3CHttpResponseCodec.java:52)\r\n\tat org.openqa.selenium.remote.HttpCommandExecutor.execute(HttpCommandExecutor.java:191)\r\n\tat org.openqa.selenium.remote.service.DriverCommandExecutor.invokeExecute(DriverCommandExecutor.java:200)\r\n\tat org.openqa.selenium.remote.service.DriverCommandExecutor.execute(DriverCommandExecutor.java:175)\r\n\tat org.openqa.selenium.remote.RemoteWebDriver.execute(RemoteWebDriver.java:523)\r\n\tat org.openqa.selenium.remote.ElementLocation$ElementFinder$2.findElement(ElementLocation.java:165)\r\n\tat org.openqa.selenium.remote.ElementLocation.findElement(ElementLocation.java:59)\r\n\tat org.openqa.selenium.remote.RemoteWebDriver.findElement(RemoteWebDriver.java:360)\r\n\tat org.openqa.selenium.remote.RemoteWebDriver.findElement(RemoteWebDriver.java:354)\r\n\tat org.openqa.selenium.support.pagefactory.DefaultElementLocator.findElement(DefaultElementLocator.java:68)\r\n\tat org.openqa.selenium.support.pagefactory.internal.LocatingElementHandler.invoke(LocatingElementHandler.java:38)\r\n\tat jdk.proxy2/jdk.proxy2.$Proxy25.sendKeys(Unknown Source)\r\n\tat com.fdmgroup.admins.pages.DisplaySkillsPage.clickAdminLink(DisplaySkillsPage.java:41)\r\n\tat com.fdmgroup.admins.stepdefinitions.DisplaySkills_stepdefinitions.the_user_is_logged_in_as_an_academy_admin_in_the_tms(DisplaySkills_stepdefinitions.java:26)\r\n\tat ✽.The user is logged in as an Academy admin in the TMS(file:///C:/Users/HP/Desktop/TestingTms/fdm_tms_qe_pod/src/test/resources/Features/Sprint_12/Admins/TMS_2205_EditSkills.feature:13)\r\n","duration":2026569500,"status":"failed"},"line":13,"name":"The user is logged in as an Academy admin in the TMS","match":{"location":"com.fdmgroup.admins.stepdefinitions.DisplaySkills_stepdefinitions.the_user_is_logged_in_as_an_academy_admin_in_the_tms()"},"keyword":"Given "},{"result":{"status":"skipped"},"line":14,"name":"As an admin, test that I can edit,remove and select single or mutltiple  skills from dropdown","match":{"location":"com.fdmgroup.admins.stepdefinitions.EditSkills_stepdefinitions.as_an_admin_test_that_i_can_edit_remove_and_select_single_or_mutltiple_skills_from_dropdown()"},"keyword":"When "},{"result":{"status":"skipped"},"line":15,"name":"Admin should be able to edit, remove or select single or multiple skils","match":{"location":"com.fdmgroup.admins.stepdefinitions.EditSkills_stepdefinitions.admin_should_be_able_to_edit_remove_or_select_single_or_multiple_skils()"},"keyword":"Then "},{"result":{"status":"skipped"},"line":16,"name":"Take a screenshot and saving it in \"src/test/resources/Screenshots/Sprint_12/Admins/TMS_2205/\" as \"TMS_2432\"","match":{"arguments":[{"val":"\"src/test/resources/Screenshots/Sprint_12/Admins/TMS_2205/\"","offset":35},{"val":"\"TMS_2432\"","offset":98}],"location":"com.fdmgroup.global.stepdefinitions.Hooks.take_a_screenshot_and_saving_it_in_as(java.lang.String,java.lang.String)"},"keyword":"And "}],"tags":[{"name":"@IntegrationTesting"},{"name":"@TMS2432"}]}],"name":"TMS_2205 As an Academy Admin, I want to be able to select single or multiple skills from a ‘Skills’ drop-down so that each trainee has an appropriate skills assigned to them.","description":"","id":"tms-2205-as-an-academy-admin--i-want-to-be-able-to-select-single-or-multiple-skills-from-a-‘skills’-drop-down-so-that-each-trainee-has-an-appropriate-skills-assigned-to-them.","keyword":"Feature","uri":"file:src/test/resources/Features/Sprint_12/Admins/TMS_2205_EditSkills.feature","tags":[{"name":"@IntegrationTesting","type":"Tag","location":{"line":2,"column":1}}]},{"line":3,"elements":[{"start_timestamp":"2024-01-05T15:05:40.616Z","before":[{"result":{"duration":8066298600,"status":"passed"},"match":{"location":"com.fdmgroup.global.stepdefinitions.Hooks.setup()"}}],"line":6,"name":"TC_TMS User should be logged in to the system","description":"","id":"tms-2330-as-an-academy-admin-i-want-to-be-able-to-view-a-full-list-of-trainee’s-skills-when-viewing-their-profile--so-that-i-can-know-what-skills-the-particular-trainee/consultant-has.;tc-tms-user-should-be-logged-in-to-the-system","after":[{"result":{"duration":748666100,"status":"passed"},"match":{"location":"com.fdmgroup.global.stepdefinitions.Hooks.tearDown()"}}],"type":"scenario","keyword":"Scenario","steps":[{"result":{"duration":4428207500,"status":"passed"},"line":7,"name":"User launches the TMS portal page","match":{"location":"com.fdmgroup.academyusers.stepdefinitions.Login_stepdefinitions.user_launches_the_tms_portal_page()"},"keyword":"Given "},{"result":{"duration":511630500,"status":"passed"},"line":8,"name":"Enters valid id and password of admin","match":{"location":"com.fdmgroup.admins.stepdefinitions.ImportTrainees_stepdefinitions.enters_valid_id_and_password_of_admin()"},"keyword":"When "},{"result":{"duration":1163137900,"status":"passed"},"line":9,"name":"user clicks the login btn","match":{"location":"com.fdmgroup.admins.stepdefinitions.DisplaySkills_stepdefinitions.user_clicks_the_login_btn()"},"keyword":"And "}],"tags":[{"name":"@IntegrationTesting"},{"name":"@TC_TMS_Login_Test"}]},{"start_timestamp":"2024-01-05T15:05:55.676Z","before":[{"result":{"duration":8236077800,"status":"passed"},"match":{"location":"com.fdmgroup.global.stepdefinitions.Hooks.setup()"}}],"line":12,"name":"TMS_2435 Test that skills are sorted in alphabetically vertical order","description":"","id":"tms-2330-as-an-academy-admin-i-want-to-be-able-to-view-a-full-list-of-trainee’s-skills-when-viewing-their-profile--so-that-i-can-know-what-skills-the-particular-trainee/consultant-has.;tms-2435-test-that-skills-are-sorted-in-alphabetically-vertical-order","after":[{"result":{"duration":1307864300,"status":"passed"},"match":{"location":"com.fdmgroup.global.stepdefinitions.Hooks.tearDown()"}}],"type":"scenario","keyword":"Scenario","steps":[{"result":{"error_message":"org.openqa.selenium.NoSuchElementException: no such element: Unable to locate element: {\"method\":\"xpath\",\"selector\":\"//*[contains(@routerlink,'admin')]\"}\n  (Session info: chrome=120.0.6099.199)\nFor documentation on this error, please visit: https://www.selenium.dev/documentation/webdriver/troubleshooting/errors#no-such-element-exception\nBuild info: version: '4.16.1', revision: '9b4c83354e'\nSystem info: os.name: 'Windows 10', os.arch: 'amd64', os.version: '10.0', java.version: '17.0.5'\nDriver info: org.openqa.selenium.chrome.ChromeDriver\nCommand: [3109ced4f23d8d982bf0dcc351968b83, findElement {using=xpath, value=//*[contains(@routerlink,'admin')]}]\nCapabilities {acceptInsecureCerts: false, browserName: chrome, browserVersion: 120.0.6099.199, chrome: {chromedriverVersion: 120.0.6099.109 (3419140ab66..., userDataDir: C:\\Users\\HP\\AppData\\Local\\T...}, fedcm:accounts: true, goog:chromeOptions: {debuggerAddress: localhost:53953}, networkConnectionEnabled: false, pageLoadStrategy: normal, platformName: windows, proxy: Proxy(), se:cdp: ws://localhost:53953/devtoo..., se:cdpVersion: 120.0.6099.199, setWindowRect: true, strictFileInteractability: false, timeouts: {implicit: 0, pageLoad: 300000, script: 30000}, unhandledPromptBehavior: dismiss and notify, webauthn:extension:credBlob: true, webauthn:extension:largeBlob: true, webauthn:extension:minPinLength: true, webauthn:extension:prf: true, webauthn:virtualAuthenticators: true}\nSession ID: 3109ced4f23d8d982bf0dcc351968b83\r\n\tat java.base/jdk.internal.reflect.NativeConstructorAccessorImpl.newInstance0(Native Method)\r\n\tat java.base/jdk.internal.reflect.NativeConstructorAccessorImpl.newInstance(NativeConstructorAccessorImpl.java:77)\r\n\tat java.base/jdk.internal.reflect.DelegatingConstructorAccessorImpl.newInstance(DelegatingConstructorAccessorImpl.java:45)\r\n\tat java.base/java.lang.reflect.Constructor.newInstanceWithCaller(Constructor.java:499)\r\n\tat java.base/java.lang.reflect.Constructor.newInstance(Constructor.java:480)\r\n\tat org.openqa.selenium.remote.codec.w3c.W3CHttpResponseCodec.createException(W3CHttpResponseCodec.java:200)\r\n\tat org.openqa.selenium.remote.codec.w3c.W3CHttpResponseCodec.decode(W3CHttpResponseCodec.java:133)\r\n\tat org.openqa.selenium.remote.codec.w3c.W3CHttpResponseCodec.decode(W3CHttpResponseCodec.java:52)\r\n\tat org.openqa.selenium.remote.HttpCommandExecutor.execute(HttpCommandExecutor.java:191)\r\n\tat org.openqa.selenium.remote.service.DriverCommandExecutor.invokeExecute(DriverCommandExecutor.java:200)\r\n\tat org.openqa.selenium.remote.service.DriverCommandExecutor.execute(DriverCommandExecutor.java:175)\r\n\tat org.openqa.selenium.remote.RemoteWebDriver.execute(RemoteWebDriver.java:523)\r\n\tat org.openqa.selenium.remote.ElementLocation$ElementFinder$2.findElement(ElementLocation.java:165)\r\n\tat org.openqa.selenium.remote.ElementLocation.findElement(ElementLocation.java:59)\r\n\tat org.openqa.selenium.remote.RemoteWebDriver.findElement(RemoteWebDriver.java:360)\r\n\tat org.openqa.selenium.remote.RemoteWebDriver.findElement(RemoteWebDriver.java:354)\r\n\tat org.openqa.selenium.support.pagefactory.DefaultElementLocator.findElement(DefaultElementLocator.java:68)\r\n\tat org.openqa.selenium.support.pagefactory.internal.LocatingElementHandler.invoke(LocatingElementHandler.java:38)\r\n\tat jdk.proxy2/jdk.proxy2.$Proxy25.sendKeys(Unknown Source)\r\n\tat com.fdmgroup.admins.pages.DisplaySkillsPage.clickAdminLink(DisplaySkillsPage.java:41)\r\n\tat com.fdmgroup.admins.stepdefinitions.DisplaySkills_stepdefinitions.the_user_is_logged_in_as_an_academy_admin_in_the_tms(DisplaySkills_stepdefinitions.java:26)\r\n\tat ✽.The user is logged in as an Academy admin in the TMS(file:///C:/Users/HP/Desktop/TestingTms/fdm_tms_qe_pod/src/test/resources/Features/Sprint_12/Admins/TMS_2330_DisplaySkills.feature:13)\r\n","duration":2069253600,"status":"failed"},"line":13,"name":"The user is logged in as an Academy admin in the TMS","match":{"location":"com.fdmgroup.admins.stepdefinitions.DisplaySkills_stepdefinitions.the_user_is_logged_in_as_an_academy_admin_in_the_tms()"},"keyword":"Given "},{"result":{"status":"skipped"},"line":14,"name":"As an admin, test that sorting skills is working properly","match":{"location":"com.fdmgroup.admins.stepdefinitions.DisplaySkills_stepdefinitions.as_an_admin_test_that_sorting_skills_is_working_properly()"},"keyword":"When "},{"result":{"status":"skipped"},"line":15,"name":"It should work","match":{"location":"com.fdmgroup.admins.stepdefinitions.DisplaySkills_stepdefinitions.it_should_work()"},"keyword":"Then "},{"result":{"duration":996400,"status":"skipped"},"line":16,"name":"Take a screenshot and saving it in \"src/test/resources/Screenshots/Sprint_12/Admins/TMS_2330/\" as \"TMS_2435\"","match":{"arguments":[{"val":"\"src/test/resources/Screenshots/Sprint_12/Admins/TMS_2330/\"","offset":35},{"val":"\"TMS_2435\"","offset":98}],"location":"com.fdmgroup.global.stepdefinitions.Hooks.take_a_screenshot_and_saving_it_in_as(java.lang.String,java.lang.String)"},"keyword":"And "}],"tags":[{"name":"@IntegrationTesting"},{"name":"@TMS2435"}]},{"start_timestamp":"2024-01-05T15:06:07.458Z","before":[{"result":{"duration":8290527700,"status":"passed"},"match":{"location":"com.fdmgroup.global.stepdefinitions.Hooks.setup()"}}],"line":19,"name":"TC_TMS User should be logout the system","description":"","id":"tms-2330-as-an-academy-admin-i-want-to-be-able-to-view-a-full-list-of-trainee’s-skills-when-viewing-their-profile--so-that-i-can-know-what-skills-the-particular-trainee/consultant-has.;tc-tms-user-should-be-logout-the-system","after":[{"result":{"duration":1553571900,"status":"passed"},"match":{"location":"com.fdmgroup.global.stepdefinitions.Hooks.tearDown()"}}],"type":"scenario","keyword":"Scenario","steps":[{"result":{"error_message":"org.openqa.selenium.NoSuchElementException: no such element: Unable to locate element: {\"method\":\"xpath\",\"selector\":\"//*[contains(@class,'profile-icon')]\"}\n  (Session info: chrome=120.0.6099.199)\nFor documentation on this error, please visit: https://www.selenium.dev/documentation/webdriver/troubleshooting/errors#no-such-element-exception\nBuild info: version: '4.16.1', revision: '9b4c83354e'\nSystem info: os.name: 'Windows 10', os.arch: 'amd64', os.version: '10.0', java.version: '17.0.5'\nDriver info: org.openqa.selenium.chrome.ChromeDriver\nCommand: [0492d867db1e01626ce90015890dbe2a, findElement {using=xpath, value=//*[contains(@class,'profile-icon')]}]\nCapabilities {acceptInsecureCerts: false, browserName: chrome, browserVersion: 120.0.6099.199, chrome: {chromedriverVersion: 120.0.6099.109 (3419140ab66..., userDataDir: C:\\Users\\HP\\AppData\\Local\\T...}, fedcm:accounts: true, goog:chromeOptions: {debuggerAddress: localhost:54008}, networkConnectionEnabled: false, pageLoadStrategy: normal, platformName: windows, proxy: Proxy(), se:cdp: ws://localhost:54008/devtoo..., se:cdpVersion: 120.0.6099.199, setWindowRect: true, strictFileInteractability: false, timeouts: {implicit: 0, pageLoad: 300000, script: 30000}, unhandledPromptBehavior: dismiss and notify, webauthn:extension:credBlob: true, webauthn:extension:largeBlob: true, webauthn:extension:minPinLength: true, webauthn:extension:prf: true, webauthn:virtualAuthenticators: true}\nSession ID: 0492d867db1e01626ce90015890dbe2a\r\n\tat java.base/jdk.internal.reflect.NativeConstructorAccessorImpl.newInstance0(Native Method)\r\n\tat java.base/jdk.internal.reflect.NativeConstructorAccessorImpl.newInstance(NativeConstructorAccessorImpl.java:77)\r\n\tat java.base/jdk.internal.reflect.DelegatingConstructorAccessorImpl.newInstance(DelegatingConstructorAccessorImpl.java:45)\r\n\tat java.base/java.lang.reflect.Constructor.newInstanceWithCaller(Constructor.java:499)\r\n\tat java.base/java.lang.reflect.Constructor.newInstance(Constructor.java:480)\r\n\tat org.openqa.selenium.remote.codec.w3c.W3CHttpResponseCodec.createException(W3CHttpResponseCodec.java:200)\r\n\tat org.openqa.selenium.remote.codec.w3c.W3CHttpResponseCodec.decode(W3CHttpResponseCodec.java:133)\r\n\tat org.openqa.selenium.remote.codec.w3c.W3CHttpResponseCodec.decode(W3CHttpResponseCodec.java:52)\r\n\tat org.openqa.selenium.remote.HttpCommandExecutor.execute(HttpCommandExecutor.java:191)\r\n\tat org.openqa.selenium.remote.service.DriverCommandExecutor.invokeExecute(DriverCommandExecutor.java:200)\r\n\tat org.openqa.selenium.remote.service.DriverCommandExecutor.execute(DriverCommandExecutor.java:175)\r\n\tat org.openqa.selenium.remote.RemoteWebDriver.execute(RemoteWebDriver.java:523)\r\n\tat org.openqa.selenium.remote.ElementLocation$ElementFinder$2.findElement(ElementLocation.java:165)\r\n\tat org.openqa.selenium.remote.ElementLocation.findElement(ElementLocation.java:59)\r\n\tat org.openqa.selenium.remote.RemoteWebDriver.findElement(RemoteWebDriver.java:360)\r\n\tat org.openqa.selenium.remote.RemoteWebDriver.findElement(RemoteWebDriver.java:354)\r\n\tat org.openqa.selenium.support.pagefactory.DefaultElementLocator.findElement(DefaultElementLocator.java:68)\r\n\tat org.openqa.selenium.support.pagefactory.internal.LocatingElementHandler.invoke(LocatingElementHandler.java:38)\r\n\tat jdk.proxy2/jdk.proxy2.$Proxy25.click(Unknown Source)\r\n\tat com.fdmgroup.admins.pages.ImportTraineePage.profileIconClick(ImportTraineePage.java:113)\r\n\tat com.fdmgroup.admins.stepdefinitions.ImportTrainees_stepdefinitions.clicks_profile_icon_of_admin(ImportTrainees_stepdefinitions.java:238)\r\n\tat ✽.clicks profile icon of admin(file:///C:/Users/HP/Desktop/TestingTms/fdm_tms_qe_pod/src/test/resources/Features/Sprint_12/Admins/TMS_2330_DisplaySkills.feature:20)\r\n","duration":2064348900,"status":"failed"},"line":20,"name":"clicks profile icon of admin","match":{"location":"com.fdmgroup.admins.stepdefinitions.ImportTrainees_stepdefinitions.clicks_profile_icon_of_admin()"},"keyword":"When "},{"result":{"status":"skipped"},"line":21,"name":"admin clicks the Logout button","match":{"location":"com.fdmgroup.admins.stepdefinitions.ImportTrainees_stepdefinitions.admin_clicks_the_logout_button()"},"keyword":"And "}],"tags":[{"name":"@IntegrationTesting"},{"name":"@TC_TMS_Logout_Test"}]}],"name":"TMS_2330 As an Academy Admin,I want to be able to view a full list of Trainee’s skills when viewing their profile, so that I can know what skills the particular Trainee/Consultant has.","description":"","id":"tms-2330-as-an-academy-admin-i-want-to-be-able-to-view-a-full-list-of-trainee’s-skills-when-viewing-their-profile--so-that-i-can-know-what-skills-the-particular-trainee/consultant-has.","keyword":"Feature","uri":"file:src/test/resources/Features/Sprint_12/Admins/TMS_2330_DisplaySkills.feature","tags":[{"name":"@IntegrationTesting","type":"Tag","location":{"line":2,"column":1}}]}]