<<<<<<< HEAD
<<<<<<< HEAD
[{"line":5,"elements":[{"start_timestamp":"2023-08-02T15:32:10.343Z","before":[{"result":{"duration":3046823000,"status":"passed"},"match":{"location":"com.fdmgroup.global.stepdefinitions.Hooks.setup()"}}],"line":8,"name":"TC_TMS469_01 Test that Admin should be able to enter Assessment Name in \"Assessment Name\" input field","description":"","id":"as-an-academy-admin--i-want-to-create-an-assessment-template--so-that-i-can-start-designing-customized-assessments-from-there.;tc-tms469-01-test-that-admin-should-be-able-to-enter-assessment-name-in-\"assessment-name\"-input-field","type":"scenario","keyword":"Scenario","steps":[{"result":{"duration":237719000,"status":"passed"},"line":9,"name":"User is logged in as an Admin and navigate to Create Assessment Form page","match":{"location":"com.fdmgroup.admins.stepdefinitions.CreateAssessmentForm_stepdefinitions.user_is_logged_in_as_an_admin_and_navigate_to_create_assessment_form_page()"},"keyword":"Given "},{"result":{"duration":41824000,"status":"passed"},"line":10,"name":"Admin click on Assessment Name input field","match":{"location":"com.fdmgroup.admins.stepdefinitions.CreateAssessmentForm_stepdefinitions.admin_click_on_assessment_name_input_field()"},"keyword":"When "},{"result":{"duration":12137000,"status":"passed"},"line":11,"name":"The input field should be editable","match":{"location":"com.fdmgroup.admins.stepdefinitions.CreateAssessmentForm_stepdefinitions.the_input_field_should_be_editable()"},"keyword":"Then "},{"result":{"duration":69893000,"status":"passed"},"line":12,"name":"Admin enter \"QA Test\" in Assessment Name input field","match":{"arguments":[{"val":"\"QA Test\"","offset":12}],"location":"com.fdmgroup.admins.stepdefinitions.CreateAssessmentForm_stepdefinitions.admin_enter_in_assessment_name_input_field(java.lang.String)"},"keyword":"When "},{"result":{"duration":21325000,"status":"passed"},"line":13,"name":"The \"QA Test\" should be entered into input field","match":{"arguments":[{"val":"\"QA Test\"","offset":4}],"location":"com.fdmgroup.admins.stepdefinitions.CreateAssessmentForm_stepdefinitions.the_should_be_entered_into_input_field(java.lang.String)"},"keyword":"Then "},{"result":{"duration":228528000,"status":"passed"},"line":14,"name":"Take a screenshot and saving it in \"src/test/resources/Screenshots/Sprint_2/Admins/\" as \"TMS_469_01\"","match":{"arguments":[{"val":"\"src/test/resources/Screenshots/Sprint_2/Admins/\"","offset":35},{"val":"\"TMS_469_01\"","offset":88}],"location":"com.fdmgroup.global.stepdefinitions.Hooks.take_a_screenshot_and_saving_it_in_as(java.lang.String,java.lang.String)"},"keyword":"And "}],"tags":[{"name":"@CreateAssessmentFormFeature"},{"name":"@TC_TMS469_01"}]},{"start_timestamp":"2023-08-02T15:32:14.028Z","before":[{"result":{"duration":3655000,"status":"passed"},"match":{"location":"com.fdmgroup.global.stepdefinitions.Hooks.setup()"}}],"line":17,"name":"TC_TMS469_02 Test that Admin should be able to select different status from the \"Status\" dropdown list","description":"","id":"as-an-academy-admin--i-want-to-create-an-assessment-template--so-that-i-can-start-designing-customized-assessments-from-there.;tc-tms469-02-test-that-admin-should-be-able-to-select-different-status-from-the-\"status\"-dropdown-list","type":"scenario","keyword":"Scenario","steps":[{"result":{"duration":63719000,"status":"passed"},"line":18,"name":"User is logged in as an Admin and navigate to Create Assessment Form page","match":{"location":"com.fdmgroup.admins.stepdefinitions.CreateAssessmentForm_stepdefinitions.user_is_logged_in_as_an_admin_and_navigate_to_create_assessment_form_page()"},"keyword":"Given "},{"result":{"duration":53414000,"status":"passed"},"line":19,"name":"Admin click on Status dropdown list","match":{"location":"com.fdmgroup.admins.stepdefinitions.CreateAssessmentForm_stepdefinitions.admin_click_on_status_dropdown_list()"},"keyword":"When "},{"result":{"duration":15577000,"status":"passed"},"line":20,"name":"Status dropdown list should be displayed","match":{"location":"com.fdmgroup.admins.stepdefinitions.CreateAssessmentForm_stepdefinitions.status_dropdown_list_should_be_displayed()"},"keyword":"Then "},{"result":{"duration":333645000,"status":"passed"},"line":21,"name":"Admin select \"Active\" status from Status dropdown list","match":{"arguments":[{"val":"\"Active\"","offset":13}],"location":"com.fdmgroup.admins.stepdefinitions.CreateAssessmentForm_stepdefinitions.admin_select_active_status_from_status_dropdown_list(java.lang.String)"},"keyword":"When "},{"result":{"duration":46492000,"status":"passed"},"line":22,"name":"\"Active\" status should be selected","match":{"arguments":[{"val":"\"Active\"","offset":0}],"location":"com.fdmgroup.admins.stepdefinitions.CreateAssessmentForm_stepdefinitions.active_status_should_be_selected(java.lang.String)"},"keyword":"Then "},{"result":{"duration":271361000,"status":"passed"},"line":23,"name":"Admin click on Status dropdown list","match":{"location":"com.fdmgroup.admins.stepdefinitions.CreateAssessmentForm_stepdefinitions.admin_click_on_status_dropdown_list()"},"keyword":"When "},{"result":{"duration":19287000,"status":"passed"},"line":24,"name":"Status dropdown list should be displayed","match":{"location":"com.fdmgroup.admins.stepdefinitions.CreateAssessmentForm_stepdefinitions.status_dropdown_list_should_be_displayed()"},"keyword":"Then "},{"result":{"duration":49072000,"status":"passed"},"line":25,"name":"Admin select \"Inactive\" status from Status dropdown list","match":{"arguments":[{"val":"\"Inactive\"","offset":13}],"location":"com.fdmgroup.admins.stepdefinitions.CreateAssessmentForm_stepdefinitions.admin_select_active_status_from_status_dropdown_list(java.lang.String)"},"keyword":"When "},{"result":{"duration":33836000,"status":"passed"},"line":26,"name":"\"Inactive\" status should be selected","match":{"arguments":[{"val":"\"Inactive\"","offset":0}],"location":"com.fdmgroup.admins.stepdefinitions.CreateAssessmentForm_stepdefinitions.active_status_should_be_selected(java.lang.String)"},"keyword":"Then "},{"result":{"duration":30665000,"status":"passed"},"line":27,"name":"Admin click on Status dropdown list","match":{"location":"com.fdmgroup.admins.stepdefinitions.CreateAssessmentForm_stepdefinitions.admin_click_on_status_dropdown_list()"},"keyword":"When "},{"result":{"duration":12276000,"status":"passed"},"line":28,"name":"Status dropdown list should be displayed","match":{"location":"com.fdmgroup.admins.stepdefinitions.CreateAssessmentForm_stepdefinitions.status_dropdown_list_should_be_displayed()"},"keyword":"Then "},{"result":{"duration":316768000,"status":"passed"},"line":29,"name":"Admin select \"Select status\" status from Status dropdown list","match":{"arguments":[{"val":"\"Select status\"","offset":13}],"location":"com.fdmgroup.admins.stepdefinitions.CreateAssessmentForm_stepdefinitions.admin_select_active_status_from_status_dropdown_list(java.lang.String)"},"keyword":"When "},{"result":{"duration":38205000,"status":"passed"},"line":30,"name":"\"Select status\" status should be selected","match":{"arguments":[{"val":"\"Select status\"","offset":0}],"location":"com.fdmgroup.admins.stepdefinitions.CreateAssessmentForm_stepdefinitions.active_status_should_be_selected(java.lang.String)"},"keyword":"Then "},{"result":{"duration":198398000,"status":"passed"},"line":31,"name":"Take a screenshot and saving it in \"src/test/resources/Screenshots/Sprint_2/Admins/\" as \"TMS_469_02\"","match":{"arguments":[{"val":"\"src/test/resources/Screenshots/Sprint_2/Admins/\"","offset":35},{"val":"\"TMS_469_02\"","offset":88}],"location":"com.fdmgroup.global.stepdefinitions.Hooks.take_a_screenshot_and_saving_it_in_as(java.lang.String,java.lang.String)"},"keyword":"And "}],"tags":[{"name":"@CreateAssessmentFormFeature"},{"name":"@TC_TMS469_02"}]},{"start_timestamp":"2023-08-02T15:32:15.526Z","before":[{"result":{"duration":3062000,"status":"passed"},"match":{"location":"com.fdmgroup.global.stepdefinitions.Hooks.setup()"}}],"line":34,"name":"TC_TMS469_03 Test that Admin should be able to select different grade scale from the \"Grade Scale\" dropdown list","description":"","id":"as-an-academy-admin--i-want-to-create-an-assessment-template--so-that-i-can-start-designing-customized-assessments-from-there.;tc-tms469-03-test-that-admin-should-be-able-to-select-different-grade-scale-from-the-\"grade-scale\"-dropdown-list","type":"scenario","keyword":"Scenario","steps":[{"result":{"duration":271677000,"status":"passed"},"line":35,"name":"User is logged in as an Admin and navigate to Create Assessment Form page","match":{"location":"com.fdmgroup.admins.stepdefinitions.CreateAssessmentForm_stepdefinitions.user_is_logged_in_as_an_admin_and_navigate_to_create_assessment_form_page()"},"keyword":"Given "},{"result":{"duration":38735000,"status":"passed"},"line":36,"name":"Admin click on Grade Scale dropdown list","match":{"location":"com.fdmgroup.admins.stepdefinitions.CreateAssessmentForm_stepdefinitions.admin_click_on_grade_scale_dropdown_list()"},"keyword":"When "},{"result":{"duration":10664000,"status":"passed"},"line":37,"name":"Grade Scale dropdown list should be displayed","match":{"location":"com.fdmgroup.admins.stepdefinitions.CreateAssessmentForm_stepdefinitions.grade_scale_dropdown_list_should_be_displayed()"},"keyword":"Then "},{"result":{"duration":322315000,"status":"passed"},"line":38,"name":"Admin select \"FDM Academy Grade Scale\" option from Grade Scale dropdown list","match":{"arguments":[{"val":"\"FDM Academy Grade Scale\"","offset":13}],"location":"com.fdmgroup.admins.stepdefinitions.CreateAssessmentForm_stepdefinitions.admin_select_option_from_grade_scale_dropdown_list(java.lang.String)"},"keyword":"When "},{"result":{"duration":38880000,"status":"passed"},"line":39,"name":"\"FDM Academy Grade Scale\" option should be selected","match":{"arguments":[{"val":"\"FDM Academy Grade Scale\"","offset":0}],"location":"com.fdmgroup.admins.stepdefinitions.CreateAssessmentForm_stepdefinitions.option_should_be_selected(java.lang.String)"},"keyword":"Then "},{"result":{"duration":267251000,"status":"passed"},"line":40,"name":"Admin click on Grade Scale dropdown list","match":{"location":"com.fdmgroup.admins.stepdefinitions.CreateAssessmentForm_stepdefinitions.admin_click_on_grade_scale_dropdown_list()"},"keyword":"When "},{"result":{"duration":20978000,"status":"passed"},"line":41,"name":"Grade Scale dropdown list should be displayed","match":{"location":"com.fdmgroup.admins.stepdefinitions.CreateAssessmentForm_stepdefinitions.grade_scale_dropdown_list_should_be_displayed()"},"keyword":"Then "},{"result":{"duration":47632000,"status":"passed"},"line":42,"name":"Admin select \"Other\" option from Grade Scale dropdown list","match":{"arguments":[{"val":"\"Other\"","offset":13}],"location":"com.fdmgroup.admins.stepdefinitions.CreateAssessmentForm_stepdefinitions.admin_select_option_from_grade_scale_dropdown_list(java.lang.String)"},"keyword":"When "},{"result":{"duration":33199000,"status":"passed"},"line":43,"name":"\"Other\" option should be selected","match":{"arguments":[{"val":"\"Other\"","offset":0}],"location":"com.fdmgroup.admins.stepdefinitions.CreateAssessmentForm_stepdefinitions.option_should_be_selected(java.lang.String)"},"keyword":"Then "},{"result":{"duration":30967000,"status":"passed"},"line":44,"name":"Admin click on Grade Scale dropdown list","match":{"location":"com.fdmgroup.admins.stepdefinitions.CreateAssessmentForm_stepdefinitions.admin_click_on_grade_scale_dropdown_list()"},"keyword":"When "},{"result":{"duration":10832000,"status":"passed"},"line":45,"name":"Grade Scale dropdown list should be displayed","match":{"location":"com.fdmgroup.admins.stepdefinitions.CreateAssessmentForm_stepdefinitions.grade_scale_dropdown_list_should_be_displayed()"},"keyword":"Then "},{"result":{"duration":310526000,"status":"passed"},"line":46,"name":"Admin select \"Select Grade Scale\" option from Grade Scale dropdown list","match":{"arguments":[{"val":"\"Select Grade Scale\"","offset":13}],"location":"com.fdmgroup.admins.stepdefinitions.CreateAssessmentForm_stepdefinitions.admin_select_option_from_grade_scale_dropdown_list(java.lang.String)"},"keyword":"When "},{"result":{"duration":35096000,"status":"passed"},"line":47,"name":"\"Select Grade Scale\" option should be selected","match":{"arguments":[{"val":"\"Select Grade Scale\"","offset":0}],"location":"com.fdmgroup.admins.stepdefinitions.CreateAssessmentForm_stepdefinitions.option_should_be_selected(java.lang.String)"},"keyword":"Then "},{"result":{"duration":201270000,"status":"passed"},"line":48,"name":"Take a screenshot and saving it in \"src/test/resources/Screenshots/Sprint_2/Admins/\" as \"TMS_469_03\"","match":{"arguments":[{"val":"\"src/test/resources/Screenshots/Sprint_2/Admins/\"","offset":35},{"val":"\"TMS_469_03\"","offset":88}],"location":"com.fdmgroup.global.stepdefinitions.Hooks.take_a_screenshot_and_saving_it_in_as(java.lang.String,java.lang.String)"},"keyword":"And "}],"tags":[{"name":"@CreateAssessmentFormFeature"},{"name":"@TC_TMS469_03"}]},{"start_timestamp":"2023-08-02T15:32:17.180Z","before":[{"result":{"duration":2882000,"status":"passed"},"match":{"location":"com.fdmgroup.global.stepdefinitions.Hooks.setup()"}}],"line":51,"name":"TC_TMS469_04 Test that Admin should be able to enter description in \"Description\" input field","description":"","id":"as-an-academy-admin--i-want-to-create-an-assessment-template--so-that-i-can-start-designing-customized-assessments-from-there.;tc-tms469-04-test-that-admin-should-be-able-to-enter-description-in-\"description\"-input-field","type":"scenario","keyword":"Scenario","steps":[{"result":{"duration":277346000,"status":"passed"},"line":52,"name":"User is logged in as an Admin and navigate to Create Assessment Form page","match":{"location":"com.fdmgroup.admins.stepdefinitions.CreateAssessmentForm_stepdefinitions.user_is_logged_in_as_an_admin_and_navigate_to_create_assessment_form_page()"},"keyword":"Given "},{"result":{"duration":29403000,"status":"passed"},"line":53,"name":"Admin click on Description input field","match":{"location":"com.fdmgroup.admins.stepdefinitions.CreateAssessmentForm_stepdefinitions.admin_click_on_description_input_field()"},"keyword":"When "},{"result":{"duration":7309000,"status":"passed"},"line":54,"name":"The Description input field should be editable","match":{"location":"com.fdmgroup.admins.stepdefinitions.CreateAssessmentForm_stepdefinitions.the_description_input_field_should_be_editable()"},"keyword":"Then "},{"result":{"duration":34704000,"status":"passed"},"line":55,"name":"Admin enter \"QA Test Description\" in Description input field","match":{"arguments":[{"val":"\"QA Test Description\"","offset":12}],"location":"com.fdmgroup.admins.stepdefinitions.CreateAssessmentForm_stepdefinitions.admin_enter_in_description_input_field(java.lang.String)"},"keyword":"When "},{"result":{"duration":12174000,"status":"passed"},"line":56,"name":"The \"QA Test Description\" should be entered into Description input field","match":{"arguments":[{"val":"\"QA Test Description\"","offset":4}],"location":"com.fdmgroup.admins.stepdefinitions.CreateAssessmentForm_stepdefinitions.the_should_be_entered_into_description_input_field(java.lang.String)"},"keyword":"Then "},{"result":{"duration":198081000,"status":"passed"},"line":57,"name":"Take a screenshot and saving it in \"src/test/resources/Screenshots/Sprint_2/Admins/\" as \"TMS_469_04\"","match":{"arguments":[{"val":"\"src/test/resources/Screenshots/Sprint_2/Admins/\"","offset":35},{"val":"\"TMS_469_04\"","offset":88}],"location":"com.fdmgroup.global.stepdefinitions.Hooks.take_a_screenshot_and_saving_it_in_as(java.lang.String,java.lang.String)"},"keyword":"And "}],"tags":[{"name":"@CreateAssessmentFormFeature"},{"name":"@TC_TMS469_04"}]},{"start_timestamp":"2023-08-02T15:32:17.760Z","before":[{"result":{"duration":3505000,"status":"passed"},"match":{"location":"com.fdmgroup.global.stepdefinitions.Hooks.setup()"}}],"line":60,"name":"TC_TMS469_05 Test that Admin should be able to enter instructions in \"Instructions\" input field","description":"","id":"as-an-academy-admin--i-want-to-create-an-assessment-template--so-that-i-can-start-designing-customized-assessments-from-there.;tc-tms469-05-test-that-admin-should-be-able-to-enter-instructions-in-\"instructions\"-input-field","type":"scenario","keyword":"Scenario","steps":[{"result":{"duration":76637000,"status":"passed"},"line":61,"name":"User is logged in as an Admin and navigate to Create Assessment Form page","match":{"location":"com.fdmgroup.admins.stepdefinitions.CreateAssessmentForm_stepdefinitions.user_is_logged_in_as_an_admin_and_navigate_to_create_assessment_form_page()"},"keyword":"Given "},{"result":{"duration":25699000,"status":"passed"},"line":62,"name":"Admin click on Instructions input field","match":{"location":"com.fdmgroup.admins.stepdefinitions.CreateAssessmentForm_stepdefinitions.admin_click_on_instructions_input_field()"},"keyword":"When "},{"result":{"duration":7889000,"status":"passed"},"line":63,"name":"The Instructions input field should be editable","match":{"location":"com.fdmgroup.admins.stepdefinitions.CreateAssessmentForm_stepdefinitions.the_instructions_input_field_should_be_editable()"},"keyword":"Then "},{"result":{"duration":37622000,"status":"passed"},"line":64,"name":"Admin enter \"QA Test Instructions\" in Instructions input field","match":{"arguments":[{"val":"\"QA Test Instructions\"","offset":12}],"location":"com.fdmgroup.admins.stepdefinitions.CreateAssessmentForm_stepdefinitions.admin_enter_in_instructions_input_field(java.lang.String)"},"keyword":"When "},{"result":{"duration":9890000,"status":"passed"},"line":65,"name":"The \"QA Test Instructions\" should be entered into Instructions input field","match":{"arguments":[{"val":"\"QA Test Instructions\"","offset":4}],"location":"com.fdmgroup.admins.stepdefinitions.CreateAssessmentForm_stepdefinitions.the_should_be_entered_into_instructions_input_field(java.lang.String)"},"keyword":"Then "},{"result":{"duration":197670000,"status":"passed"},"line":66,"name":"Take a screenshot and saving it in \"src/test/resources/Screenshots/Sprint_2/Admins/\" as \"TMS_469_05\"","match":{"arguments":[{"val":"\"src/test/resources/Screenshots/Sprint_2/Admins/\"","offset":35},{"val":"\"TMS_469_05\"","offset":88}],"location":"com.fdmgroup.global.stepdefinitions.Hooks.take_a_screenshot_and_saving_it_in_as(java.lang.String,java.lang.String)"},"keyword":"And "}],"tags":[{"name":"@CreateAssessmentFormFeature"},{"name":"@TC_TMS469_05"}]},{"start_timestamp":"2023-08-02T15:32:18.125Z","before":[{"result":{"duration":2997000,"status":"passed"},"match":{"location":"com.fdmgroup.global.stepdefinitions.Hooks.setup()"}}],"line":69,"name":"TC_TMS469_06 Test that Admin should be able to see \"Create\" button disabled when mandatory fields are empty","description":"","id":"as-an-academy-admin--i-want-to-create-an-assessment-template--so-that-i-can-start-designing-customized-assessments-from-there.;tc-tms469-06-test-that-admin-should-be-able-to-see-\"create\"-button-disabled-when-mandatory-fields-are-empty","type":"scenario","keyword":"Scenario","steps":[{"result":{"duration":60570000,"status":"passed"},"line":70,"name":"User is logged in as an Admin and navigate to Create Assessment Form page","match":{"location":"com.fdmgroup.admins.stepdefinitions.CreateAssessmentForm_stepdefinitions.user_is_logged_in_as_an_admin_and_navigate_to_create_assessment_form_page()"},"keyword":"Given "},{"result":{"duration":9889000,"status":"passed"},"line":71,"name":"Admin check that mandatory field Assessment Name is empty","match":{"location":"com.fdmgroup.admins.stepdefinitions.CreateAssessmentForm_stepdefinitions.admin_check_that_mandatory_field_assessment_name_is_empty()"},"keyword":"When "},{"result":{"duration":9414000,"status":"passed"},"line":72,"name":"Assessment Name input field should be empty","match":{"location":"com.fdmgroup.admins.stepdefinitions.CreateAssessmentForm_stepdefinitions.assessment_name_input_field_should_be_empty()"},"keyword":"Then "},{"result":{"duration":36552000,"status":"passed"},"line":73,"name":"Admin check that mandatory field Status is selected as \"Select status\" option","match":{"arguments":[{"val":"\"Select status\"","offset":55}],"location":"com.fdmgroup.admins.stepdefinitions.CreateAssessmentForm_stepdefinitions.admin_check_that_mandatory_field_status_is_selected_as_option(java.lang.String)"},"keyword":"When "},{"result":{"duration":30470000,"status":"passed"},"line":74,"name":"Status dropdown list should be selected as \"Select status\" option","match":{"arguments":[{"val":"\"Select status\"","offset":43}],"location":"com.fdmgroup.admins.stepdefinitions.CreateAssessmentForm_stepdefinitions.status_dropdown_list_should_be_selected_as_option(java.lang.String)"},"keyword":"Then "},{"result":{"duration":32464000,"status":"passed"},"line":75,"name":"Admin check that mandatory field Grade Scale is selected as \"Select Grade Scale\" option","match":{"arguments":[{"val":"\"Select Grade Scale\"","offset":60}],"location":"com.fdmgroup.admins.stepdefinitions.CreateAssessmentForm_stepdefinitions.admin_check_that_mandatory_field_grade_scale_is_selected_as_option(java.lang.String)"},"keyword":"When "},{"result":{"duration":28572000,"status":"passed"},"line":76,"name":"Grade Scale dropdown list should be selected as \"Select Grade Scale\" option","match":{"arguments":[{"val":"\"Select Grade Scale\"","offset":48}],"location":"com.fdmgroup.admins.stepdefinitions.CreateAssessmentForm_stepdefinitions.grade_scale_dropdown_list_should_be_selected_as_option(java.lang.String)"},"keyword":"Then "},{"result":{"duration":9218000,"status":"passed"},"line":77,"name":"Admin confirm that Create button is disabled","match":{"location":"com.fdmgroup.admins.stepdefinitions.CreateAssessmentForm_stepdefinitions.admin_confirm_that_create_button_is_disabled()"},"keyword":"When "},{"result":{"duration":8009000,"status":"passed"},"line":78,"name":"Create button should be disabled","match":{"location":"com.fdmgroup.admins.stepdefinitions.CreateAssessmentForm_stepdefinitions.create_button_should_be_disabled()"},"keyword":"Then "},{"result":{"duration":188622000,"status":"passed"},"line":79,"name":"Take a screenshot and saving it in \"src/test/resources/Screenshots/Sprint_2/Admins/\" as \"TMS_469_06\"","match":{"arguments":[{"val":"\"src/test/resources/Screenshots/Sprint_2/Admins/\"","offset":35},{"val":"\"TMS_469_06\"","offset":88}],"location":"com.fdmgroup.global.stepdefinitions.Hooks.take_a_screenshot_and_saving_it_in_as(java.lang.String,java.lang.String)"},"keyword":"And "}],"tags":[{"name":"@CreateAssessmentFormFeature"},{"name":"@TC_TMS469_06"}]},{"start_timestamp":"2023-08-02T15:32:18.550Z","before":[{"result":{"duration":2807000,"status":"passed"},"match":{"location":"com.fdmgroup.global.stepdefinitions.Hooks.setup()"}}],"line":82,"name":"TC_TMS469_07 Test that Admin should be able to see \"Create\" button enabled when mandatory fields are filled","description":"","id":"as-an-academy-admin--i-want-to-create-an-assessment-template--so-that-i-can-start-designing-customized-assessments-from-there.;tc-tms469-07-test-that-admin-should-be-able-to-see-\"create\"-button-enabled-when-mandatory-fields-are-filled","type":"scenario","keyword":"Scenario","steps":[{"result":{"duration":66063000,"status":"passed"},"line":83,"name":"User is logged in as an Admin and navigate to Create Assessment Form page","match":{"location":"com.fdmgroup.admins.stepdefinitions.CreateAssessmentForm_stepdefinitions.user_is_logged_in_as_an_admin_and_navigate_to_create_assessment_form_page()"},"keyword":"Given "},{"result":{"duration":50098000,"status":"passed"},"line":84,"name":"Admin enter \"Test Create Button\" in Assessment Name input field","match":{"arguments":[{"val":"\"Test Create Button\"","offset":12}],"location":"com.fdmgroup.admins.stepdefinitions.CreateAssessmentForm_stepdefinitions.admin_enter_in_assessment_name_input_field(java.lang.String)"},"keyword":"When "},{"result":{"duration":12260000,"status":"passed"},"line":85,"name":"\"Test Create Button\" should be displayed in Assessment Name input field","match":{"arguments":[{"val":"\"Test Create Button\"","offset":0}],"location":"com.fdmgroup.admins.stepdefinitions.CreateAssessmentForm_stepdefinitions.should_be_displayed_in_assessment_name_input_field(java.lang.String)"},"keyword":"Then "},{"result":{"duration":35271000,"status":"passed"},"line":86,"name":"Admin click on Status dropdown list","match":{"location":"com.fdmgroup.admins.stepdefinitions.CreateAssessmentForm_stepdefinitions.admin_click_on_status_dropdown_list()"},"keyword":"When "},{"result":{"duration":12091000,"status":"passed"},"line":87,"name":"Status dropdown list should be displayed","match":{"location":"com.fdmgroup.admins.stepdefinitions.CreateAssessmentForm_stepdefinitions.status_dropdown_list_should_be_displayed()"},"keyword":"Then "},{"result":{"duration":316530000,"status":"passed"},"line":88,"name":"Admin select \"Active\" status from Status dropdown list","match":{"arguments":[{"val":"\"Active\"","offset":13}],"location":"com.fdmgroup.admins.stepdefinitions.CreateAssessmentForm_stepdefinitions.admin_select_active_status_from_status_dropdown_list(java.lang.String)"},"keyword":"When "},{"result":{"duration":36652000,"status":"passed"},"line":89,"name":"\"Active\" status should be selected","match":{"arguments":[{"val":"\"Active\"","offset":0}],"location":"com.fdmgroup.admins.stepdefinitions.CreateAssessmentForm_stepdefinitions.active_status_should_be_selected(java.lang.String)"},"keyword":"Then "},{"result":{"duration":281251000,"status":"passed"},"line":90,"name":"Admin click on Grade Scale dropdown list","match":{"location":"com.fdmgroup.admins.stepdefinitions.CreateAssessmentForm_stepdefinitions.admin_click_on_grade_scale_dropdown_list()"},"keyword":"When "},{"result":{"duration":11599000,"status":"passed"},"line":91,"name":"Grade Scale dropdown list should be displayed","match":{"location":"com.fdmgroup.admins.stepdefinitions.CreateAssessmentForm_stepdefinitions.grade_scale_dropdown_list_should_be_displayed()"},"keyword":"Then "},{"result":{"duration":310560000,"status":"passed"},"line":92,"name":"Admin select \"FDM Academy Grade Scale\" option from Grade Scale dropdown list","match":{"arguments":[{"val":"\"FDM Academy Grade Scale\"","offset":13}],"location":"com.fdmgroup.admins.stepdefinitions.CreateAssessmentForm_stepdefinitions.admin_select_option_from_grade_scale_dropdown_list(java.lang.String)"},"keyword":"When "},{"result":{"duration":38941000,"status":"passed"},"line":93,"name":"\"FDM Academy Grade Scale\" option should be selected","match":{"arguments":[{"val":"\"FDM Academy Grade Scale\"","offset":0}],"location":"com.fdmgroup.admins.stepdefinitions.CreateAssessmentForm_stepdefinitions.option_should_be_selected(java.lang.String)"},"keyword":"Then "},{"result":{"duration":6771000,"status":"passed"},"line":94,"name":"Admin confirm that Create button is enabled","match":{"location":"com.fdmgroup.admins.stepdefinitions.CreateAssessmentForm_stepdefinitions.admin_confirm_that_create_button_is_enabled()"},"keyword":"When "},{"result":{"duration":6261000,"status":"passed"},"line":95,"name":"Create button should be enabled","match":{"location":"com.fdmgroup.admins.stepdefinitions.CreateAssessmentForm_stepdefinitions.create_button_should_be_enabled()"},"keyword":"Then "},{"result":{"duration":196329000,"status":"passed"},"line":96,"name":"Take a screenshot and saving it in \"src/test/resources/Screenshots/Sprint_2/Admins/\" as \"TMS_469_07\"","match":{"arguments":[{"val":"\"src/test/resources/Screenshots/Sprint_2/Admins/\"","offset":35},{"val":"\"TMS_469_07\"","offset":88}],"location":"com.fdmgroup.global.stepdefinitions.Hooks.take_a_screenshot_and_saving_it_in_as(java.lang.String,java.lang.String)"},"keyword":"And "}],"tags":[{"name":"@CreateAssessmentFormFeature"},{"name":"@TC_TMS469_07"}]},{"start_timestamp":"2023-08-02T15:32:19.942Z","before":[{"result":{"duration":2225000,"status":"passed"},"match":{"location":"com.fdmgroup.global.stepdefinitions.Hooks.setup()"}}],"line":99,"name":"TC_TMS469_08 Test that Admin should be able to clear all fields when click on \"Cancel\" button","description":"","id":"as-an-academy-admin--i-want-to-create-an-assessment-template--so-that-i-can-start-designing-customized-assessments-from-there.;tc-tms469-08-test-that-admin-should-be-able-to-clear-all-fields-when-click-on-\"cancel\"-button","type":"scenario","keyword":"Scenario","steps":[{"result":{"duration":272000000,"status":"passed"},"line":100,"name":"User is logged in as an Admin and navigate to Create Assessment Form page","match":{"location":"com.fdmgroup.admins.stepdefinitions.CreateAssessmentForm_stepdefinitions.user_is_logged_in_as_an_admin_and_navigate_to_create_assessment_form_page()"},"keyword":"Given "},{"result":{"duration":46760000,"status":"passed"},"line":101,"name":"Admin enter \"Test Cancel Button\" in Assessment Name input field","match":{"arguments":[{"val":"\"Test Cancel Button\"","offset":12}],"location":"com.fdmgroup.admins.stepdefinitions.CreateAssessmentForm_stepdefinitions.admin_enter_in_assessment_name_input_field(java.lang.String)"},"keyword":"When "},{"result":{"duration":11500000,"status":"passed"},"line":102,"name":"\"Test Cancel Button\" should be displayed in Assessment Name input field","match":{"arguments":[{"val":"\"Test Cancel Button\"","offset":0}],"location":"com.fdmgroup.admins.stepdefinitions.CreateAssessmentForm_stepdefinitions.should_be_displayed_in_assessment_name_input_field(java.lang.String)"},"keyword":"Then "},{"result":{"duration":33031000,"status":"passed"},"line":103,"name":"Admin click on Status dropdown list","match":{"location":"com.fdmgroup.admins.stepdefinitions.CreateAssessmentForm_stepdefinitions.admin_click_on_status_dropdown_list()"},"keyword":"When "},{"result":{"duration":10315000,"status":"passed"},"line":104,"name":"Status dropdown list should be displayed","match":{"location":"com.fdmgroup.admins.stepdefinitions.CreateAssessmentForm_stepdefinitions.status_dropdown_list_should_be_displayed()"},"keyword":"Then "},{"result":{"duration":315599000,"status":"passed"},"line":105,"name":"Admin select \"Active\" status from Status dropdown list","match":{"arguments":[{"val":"\"Active\"","offset":13}],"location":"com.fdmgroup.admins.stepdefinitions.CreateAssessmentForm_stepdefinitions.admin_select_active_status_from_status_dropdown_list(java.lang.String)"},"keyword":"When "},{"result":{"duration":39933000,"status":"passed"},"line":106,"name":"\"Active\" status should be selected","match":{"arguments":[{"val":"\"Active\"","offset":0}],"location":"com.fdmgroup.admins.stepdefinitions.CreateAssessmentForm_stepdefinitions.active_status_should_be_selected(java.lang.String)"},"keyword":"Then "},{"result":{"duration":280060000,"status":"passed"},"line":107,"name":"Admin click on Grade Scale dropdown list","match":{"location":"com.fdmgroup.admins.stepdefinitions.CreateAssessmentForm_stepdefinitions.admin_click_on_grade_scale_dropdown_list()"},"keyword":"When "},{"result":{"duration":15912000,"status":"passed"},"line":108,"name":"Grade Scale dropdown list should be displayed","match":{"location":"com.fdmgroup.admins.stepdefinitions.CreateAssessmentForm_stepdefinitions.grade_scale_dropdown_list_should_be_displayed()"},"keyword":"Then "},{"result":{"duration":310464000,"status":"passed"},"line":109,"name":"Admin select \"FDM Academy Grade Scale\" option from Grade Scale dropdown list","match":{"arguments":[{"val":"\"FDM Academy Grade Scale\"","offset":13}],"location":"com.fdmgroup.admins.stepdefinitions.CreateAssessmentForm_stepdefinitions.admin_select_option_from_grade_scale_dropdown_list(java.lang.String)"},"keyword":"When "},{"result":{"duration":40531000,"status":"passed"},"line":110,"name":"\"FDM Academy Grade Scale\" option should be selected","match":{"arguments":[{"val":"\"FDM Academy Grade Scale\"","offset":0}],"location":"com.fdmgroup.admins.stepdefinitions.CreateAssessmentForm_stepdefinitions.option_should_be_selected(java.lang.String)"},"keyword":"Then "},{"result":{"duration":289790000,"status":"passed"},"line":111,"name":"Admin enter \"Test Description\" in Description input field","match":{"arguments":[{"val":"\"Test Description\"","offset":12}],"location":"com.fdmgroup.admins.stepdefinitions.CreateAssessmentForm_stepdefinitions.admin_enter_in_description_input_field(java.lang.String)"},"keyword":"When "},{"result":{"duration":12291000,"status":"passed"},"line":112,"name":"The \"Test Description\" should be entered into Description input field","match":{"arguments":[{"val":"\"Test Description\"","offset":4}],"location":"com.fdmgroup.admins.stepdefinitions.CreateAssessmentForm_stepdefinitions.the_should_be_entered_into_description_input_field(java.lang.String)"},"keyword":"Then "},{"result":{"duration":39027000,"status":"passed"},"line":113,"name":"Admin enter \"Test Instructions\" in Instructions input field","match":{"arguments":[{"val":"\"Test Instructions\"","offset":12}],"location":"com.fdmgroup.admins.stepdefinitions.CreateAssessmentForm_stepdefinitions.admin_enter_in_instructions_input_field(java.lang.String)"},"keyword":"When "},{"result":{"duration":10035000,"status":"passed"},"line":114,"name":"The \"Test Instructions\" should be entered into Instructions input field","match":{"arguments":[{"val":"\"Test Instructions\"","offset":4}],"location":"com.fdmgroup.admins.stepdefinitions.CreateAssessmentForm_stepdefinitions.the_should_be_entered_into_instructions_input_field(java.lang.String)"},"keyword":"Then "},{"result":{"duration":26064000,"status":"passed"},"line":115,"name":"Admin click on Cancel button","match":{"location":"com.fdmgroup.admins.stepdefinitions.CreateAssessmentForm_stepdefinitions.admin_click_on_cancel_button()"},"keyword":"When "},{"result":{"duration":70094000,"status":"passed"},"line":116,"name":"Data from all the fields should be cleared","match":{"location":"com.fdmgroup.admins.stepdefinitions.CreateAssessmentForm_stepdefinitions.data_from_all_the_fields_should_be_cleared()"},"keyword":"Then "},{"result":{"duration":197346000,"status":"passed"},"line":117,"name":"Take a screenshot and saving it in \"src/test/resources/Screenshots/Sprint_2/Admins/\" as \"TMS_469_08\"","match":{"arguments":[{"val":"\"src/test/resources/Screenshots/Sprint_2/Admins/\"","offset":35},{"val":"\"TMS_469_08\"","offset":88}],"location":"com.fdmgroup.global.stepdefinitions.Hooks.take_a_screenshot_and_saving_it_in_as(java.lang.String,java.lang.String)"},"keyword":"And "}],"tags":[{"name":"@CreateAssessmentFormFeature"},{"name":"@TC_TMS469_08"}]},{"start_timestamp":"2023-08-02T15:32:21.974Z","before":[{"result":{"duration":2534000,"status":"passed"},"match":{"location":"com.fdmgroup.global.stepdefinitions.Hooks.setup()"}}],"line":120,"name":"TC_TMS469_09 Test that Admin should be able to see heading on Create Assessment page","description":"","id":"as-an-academy-admin--i-want-to-create-an-assessment-template--so-that-i-can-start-designing-customized-assessments-from-there.;tc-tms469-09-test-that-admin-should-be-able-to-see-heading-on-create-assessment-page","type":"scenario","keyword":"Scenario","steps":[{"result":{"duration":67856000,"status":"passed"},"line":121,"name":"User is logged in as an Admin and navigate to Create Assessment Form page","match":{"location":"com.fdmgroup.admins.stepdefinitions.CreateAssessmentForm_stepdefinitions.user_is_logged_in_as_an_admin_and_navigate_to_create_assessment_form_page()"},"keyword":"Given "},{"result":{"duration":9428000,"status":"passed"},"line":122,"name":"Admin confirm that \"Create Assessment Form\" is displayed as a heading of the page","match":{"arguments":[{"val":"\"Create Assessment Form\"","offset":19}],"location":"com.fdmgroup.admins.stepdefinitions.CreateAssessmentForm_stepdefinitions.admin_confirm_that_is_displayed_as_a_heading_of_the_page(java.lang.String)"},"keyword":"When "},{"result":{"duration":8303000,"status":"passed"},"line":123,"name":"\"Create Assessment Form\" should be displayed as a page heading","match":{"arguments":[{"val":"\"Create Assessment Form\"","offset":0}],"location":"com.fdmgroup.admins.stepdefinitions.CreateAssessmentForm_stepdefinitions.should_be_displayed_as_a_page_heading(java.lang.String)"},"keyword":"Then "},{"result":{"duration":193396000,"status":"passed"},"line":124,"name":"Take a screenshot and saving it in \"src/test/resources/Screenshots/Sprint_2/Admins/\" as \"TMS_469_09\"","match":{"arguments":[{"val":"\"src/test/resources/Screenshots/Sprint_2/Admins/\"","offset":35},{"val":"\"TMS_469_09\"","offset":88}],"location":"com.fdmgroup.global.stepdefinitions.Hooks.take_a_screenshot_and_saving_it_in_as(java.lang.String,java.lang.String)"},"keyword":"And "}],"tags":[{"name":"@CreateAssessmentFormFeature"},{"name":"@TC_TMS469_09"}]},{"start_timestamp":"2023-08-02T15:32:22.262Z","before":[{"result":{"duration":2493000,"status":"passed"},"match":{"location":"com.fdmgroup.global.stepdefinitions.Hooks.setup()"}}],"line":127,"name":"TC_TMS469_10 Test that Admin should be able to see pop-up with text \"Assessment created successfully.\" when click on \"Create\" button","description":"","id":"as-an-academy-admin--i-want-to-create-an-assessment-template--so-that-i-can-start-designing-customized-assessments-from-there.;tc-tms469-10-test-that-admin-should-be-able-to-see-pop-up-with-text-\"assessment-created-successfully.\"-when-click-on-\"create\"-button","type":"scenario","keyword":"Scenario","steps":[{"result":{"duration":53341000,"status":"passed"},"line":128,"name":"User is logged in as an Admin and navigate to Create Assessment Form page","match":{"location":"com.fdmgroup.admins.stepdefinitions.CreateAssessmentForm_stepdefinitions.user_is_logged_in_as_an_admin_and_navigate_to_create_assessment_form_page()"},"keyword":"Given "},{"result":{"duration":48260000,"status":"passed"},"line":129,"name":"Admin enter \"Test Create Button\" in Assessment Name input field","match":{"arguments":[{"val":"\"Test Create Button\"","offset":12}],"location":"com.fdmgroup.admins.stepdefinitions.CreateAssessmentForm_stepdefinitions.admin_enter_in_assessment_name_input_field(java.lang.String)"},"keyword":"When "},{"result":{"duration":9596000,"status":"passed"},"line":130,"name":"\"Test Create Button\" should be displayed in Assessment Name input field","match":{"arguments":[{"val":"\"Test Create Button\"","offset":0}],"location":"com.fdmgroup.admins.stepdefinitions.CreateAssessmentForm_stepdefinitions.should_be_displayed_in_assessment_name_input_field(java.lang.String)"},"keyword":"Then "},{"result":{"duration":35003000,"status":"passed"},"line":131,"name":"Admin click on Status dropdown list","match":{"location":"com.fdmgroup.admins.stepdefinitions.CreateAssessmentForm_stepdefinitions.admin_click_on_status_dropdown_list()"},"keyword":"When "},{"result":{"duration":9961000,"status":"passed"},"line":132,"name":"Status dropdown list should be displayed","match":{"location":"com.fdmgroup.admins.stepdefinitions.CreateAssessmentForm_stepdefinitions.status_dropdown_list_should_be_displayed()"},"keyword":"Then "},{"result":{"duration":313549000,"status":"passed"},"line":133,"name":"Admin select \"Active\" status from Status dropdown list","match":{"arguments":[{"val":"\"Active\"","offset":13}],"location":"com.fdmgroup.admins.stepdefinitions.CreateAssessmentForm_stepdefinitions.admin_select_active_status_from_status_dropdown_list(java.lang.String)"},"keyword":"When "},{"result":{"duration":38368000,"status":"passed"},"line":134,"name":"\"Active\" status should be selected","match":{"arguments":[{"val":"\"Active\"","offset":0}],"location":"com.fdmgroup.admins.stepdefinitions.CreateAssessmentForm_stepdefinitions.active_status_should_be_selected(java.lang.String)"},"keyword":"Then "},{"result":{"duration":279742000,"status":"passed"},"line":135,"name":"Admin click on Grade Scale dropdown list","match":{"location":"com.fdmgroup.admins.stepdefinitions.CreateAssessmentForm_stepdefinitions.admin_click_on_grade_scale_dropdown_list()"},"keyword":"When "},{"result":{"duration":12847000,"status":"passed"},"line":136,"name":"Grade Scale dropdown list should be displayed","match":{"location":"com.fdmgroup.admins.stepdefinitions.CreateAssessmentForm_stepdefinitions.grade_scale_dropdown_list_should_be_displayed()"},"keyword":"Then "},{"result":{"duration":310806000,"status":"passed"},"line":137,"name":"Admin select \"FDM Academy Grade Scale\" option from Grade Scale dropdown list","match":{"arguments":[{"val":"\"FDM Academy Grade Scale\"","offset":13}],"location":"com.fdmgroup.admins.stepdefinitions.CreateAssessmentForm_stepdefinitions.admin_select_option_from_grade_scale_dropdown_list(java.lang.String)"},"keyword":"When "},{"result":{"duration":36051000,"status":"passed"},"line":138,"name":"\"FDM Academy Grade Scale\" option should be selected","match":{"arguments":[{"val":"\"FDM Academy Grade Scale\"","offset":0}],"location":"com.fdmgroup.admins.stepdefinitions.CreateAssessmentForm_stepdefinitions.option_should_be_selected(java.lang.String)"},"keyword":"Then "},{"result":{"duration":268686000,"status":"passed"},"line":139,"name":"Admin click on Create button","match":{"location":"com.fdmgroup.admins.stepdefinitions.CreateAssessmentForm_stepdefinitions.admin_click_on_create_button()"},"keyword":"When "},{"result":{"duration":13935000,"status":"passed"},"line":140,"name":"Pop-up should be displayed with text \"Assessment created successfully.\"","match":{"arguments":[{"val":"\"Assessment created successfully.\"","offset":37}],"location":"com.fdmgroup.admins.stepdefinitions.CreateAssessmentForm_stepdefinitions.pop_up_should_be_displayed_with_text(java.lang.String)"},"keyword":"Then "},{"result":{"duration":181714000,"status":"passed"},"line":141,"name":"Take a screenshot and saving it in \"src/test/resources/Screenshots/Sprint_2/Admins/\" as \"TMS_469_10\"","match":{"arguments":[{"val":"\"src/test/resources/Screenshots/Sprint_2/Admins/\"","offset":35},{"val":"\"TMS_469_10\"","offset":88}],"location":"com.fdmgroup.global.stepdefinitions.Hooks.take_a_screenshot_and_saving_it_in_as(java.lang.String,java.lang.String)"},"keyword":"And "}],"tags":[{"name":"@CreateAssessmentFormFeature"},{"name":"@TC_TMS469_10"}]},{"start_timestamp":"2023-08-02T15:32:23.885Z","before":[{"result":{"duration":2117000,"status":"passed"},"match":{"location":"com.fdmgroup.global.stepdefinitions.Hooks.setup()"}}],"line":144,"name":"TC_TMS469_11 Test that Admin should be able to see pop-up with text \"Assessment already exists. Try different assessment name.\" when click on \"Create\" button","description":"","id":"as-an-academy-admin--i-want-to-create-an-assessment-template--so-that-i-can-start-designing-customized-assessments-from-there.;tc-tms469-11-test-that-admin-should-be-able-to-see-pop-up-with-text-\"assessment-already-exists.-try-different-assessment-name.\"-when-click-on-\"create\"-button","type":"scenario","keyword":"Scenario","steps":[{"result":{"duration":74714000,"status":"passed"},"line":145,"name":"User is logged in as an Admin and navigate to Create Assessment Form page","match":{"location":"com.fdmgroup.admins.stepdefinitions.CreateAssessmentForm_stepdefinitions.user_is_logged_in_as_an_admin_and_navigate_to_create_assessment_form_page()"},"keyword":"Given "},{"result":{"duration":46979000,"status":"passed"},"line":146,"name":"Admin enter \"Test Create Button\" in Assessment Name input field","match":{"arguments":[{"val":"\"Test Create Button\"","offset":12}],"location":"com.fdmgroup.admins.stepdefinitions.CreateAssessmentForm_stepdefinitions.admin_enter_in_assessment_name_input_field(java.lang.String)"},"keyword":"When "},{"result":{"duration":10118000,"status":"passed"},"line":147,"name":"\"Test Create Button\" should be displayed in Assessment Name input field","match":{"arguments":[{"val":"\"Test Create Button\"","offset":0}],"location":"com.fdmgroup.admins.stepdefinitions.CreateAssessmentForm_stepdefinitions.should_be_displayed_in_assessment_name_input_field(java.lang.String)"},"keyword":"Then "},{"result":{"duration":32268000,"status":"passed"},"line":148,"name":"Admin click on Status dropdown list","match":{"location":"com.fdmgroup.admins.stepdefinitions.CreateAssessmentForm_stepdefinitions.admin_click_on_status_dropdown_list()"},"keyword":"When "},{"result":{"duration":10455000,"status":"passed"},"line":149,"name":"Status dropdown list should be displayed","match":{"location":"com.fdmgroup.admins.stepdefinitions.CreateAssessmentForm_stepdefinitions.status_dropdown_list_should_be_displayed()"},"keyword":"Then "},{"result":{"duration":310448000,"status":"passed"},"line":150,"name":"Admin select \"Active\" status from Status dropdown list","match":{"arguments":[{"val":"\"Active\"","offset":13}],"location":"com.fdmgroup.admins.stepdefinitions.CreateAssessmentForm_stepdefinitions.admin_select_active_status_from_status_dropdown_list(java.lang.String)"},"keyword":"When "},{"result":{"duration":42014000,"status":"passed"},"line":151,"name":"\"Active\" status should be selected","match":{"arguments":[{"val":"\"Active\"","offset":0}],"location":"com.fdmgroup.admins.stepdefinitions.CreateAssessmentForm_stepdefinitions.active_status_should_be_selected(java.lang.String)"},"keyword":"Then "},{"result":{"duration":281462000,"status":"passed"},"line":152,"name":"Admin click on Grade Scale dropdown list","match":{"location":"com.fdmgroup.admins.stepdefinitions.CreateAssessmentForm_stepdefinitions.admin_click_on_grade_scale_dropdown_list()"},"keyword":"When "},{"result":{"duration":14790000,"status":"passed"},"line":153,"name":"Grade Scale dropdown list should be displayed","match":{"location":"com.fdmgroup.admins.stepdefinitions.CreateAssessmentForm_stepdefinitions.grade_scale_dropdown_list_should_be_displayed()"},"keyword":"Then "},{"result":{"duration":310272000,"status":"passed"},"line":154,"name":"Admin select \"FDM Academy Grade Scale\" option from Grade Scale dropdown list","match":{"arguments":[{"val":"\"FDM Academy Grade Scale\"","offset":13}],"location":"com.fdmgroup.admins.stepdefinitions.CreateAssessmentForm_stepdefinitions.admin_select_option_from_grade_scale_dropdown_list(java.lang.String)"},"keyword":"When "},{"result":{"duration":39623000,"status":"passed"},"line":155,"name":"\"FDM Academy Grade Scale\" option should be selected","match":{"arguments":[{"val":"\"FDM Academy Grade Scale\"","offset":0}],"location":"com.fdmgroup.admins.stepdefinitions.CreateAssessmentForm_stepdefinitions.option_should_be_selected(java.lang.String)"},"keyword":"Then "},{"result":{"duration":262315000,"status":"passed"},"line":156,"name":"Admin click on Create button","match":{"location":"com.fdmgroup.admins.stepdefinitions.CreateAssessmentForm_stepdefinitions.admin_click_on_create_button()"},"keyword":"When "},{"result":{"duration":15112000,"status":"passed"},"line":157,"name":"Pop-up should be displayed with text \"Assessment already exists. Try different assessment name.\"","match":{"arguments":[{"val":"\"Assessment already exists. Try different assessment name.\"","offset":37}],"location":"com.fdmgroup.admins.stepdefinitions.CreateAssessmentForm_stepdefinitions.pop_up_should_be_displayed_with_text(java.lang.String)"},"keyword":"Then "},{"result":{"duration":192637000,"status":"passed"},"line":158,"name":"Take a screenshot and saving it in \"src/test/resources/Screenshots/Sprint_2/Admins/\" as \"TMS_469_11\"","match":{"arguments":[{"val":"\"src/test/resources/Screenshots/Sprint_2/Admins/\"","offset":35},{"val":"\"TMS_469_11\"","offset":88}],"location":"com.fdmgroup.global.stepdefinitions.Hooks.take_a_screenshot_and_saving_it_in_as(java.lang.String,java.lang.String)"},"keyword":"And "}],"tags":[{"name":"@CreateAssessmentFormFeature"},{"name":"@TC_TMS469_11"}]},{"start_timestamp":"2023-08-02T15:32:25.538Z","before":[{"result":{"duration":1976000,"status":"passed"},"match":{"location":"com.fdmgroup.global.stepdefinitions.Hooks.setup()"}}],"line":161,"name":"TC_TMS469_12 Test that Admin should be able to close pop-up when click on \"x\" close buton","description":"","id":"as-an-academy-admin--i-want-to-create-an-assessment-template--so-that-i-can-start-designing-customized-assessments-from-there.;tc-tms469-12-test-that-admin-should-be-able-to-close-pop-up-when-click-on-\"x\"-close-buton","type":"scenario","keyword":"Scenario","steps":[{"result":{"duration":64997000,"status":"passed"},"line":162,"name":"User is logged in as an Admin and navigate to Create Assessment Form page","match":{"location":"com.fdmgroup.admins.stepdefinitions.CreateAssessmentForm_stepdefinitions.user_is_logged_in_as_an_admin_and_navigate_to_create_assessment_form_page()"},"keyword":"Given "},{"result":{"duration":47528000,"status":"passed"},"line":163,"name":"Admin enter \"Test close Button\" in Assessment Name input field","match":{"arguments":[{"val":"\"Test close Button\"","offset":12}],"location":"com.fdmgroup.admins.stepdefinitions.CreateAssessmentForm_stepdefinitions.admin_enter_in_assessment_name_input_field(java.lang.String)"},"keyword":"When "},{"result":{"duration":10149000,"status":"passed"},"line":164,"name":"\"Test close Button\" should be displayed in Assessment Name input field","match":{"arguments":[{"val":"\"Test close Button\"","offset":0}],"location":"com.fdmgroup.admins.stepdefinitions.CreateAssessmentForm_stepdefinitions.should_be_displayed_in_assessment_name_input_field(java.lang.String)"},"keyword":"Then "},{"result":{"duration":35095000,"status":"passed"},"line":165,"name":"Admin click on Status dropdown list","match":{"location":"com.fdmgroup.admins.stepdefinitions.CreateAssessmentForm_stepdefinitions.admin_click_on_status_dropdown_list()"},"keyword":"When "},{"result":{"duration":9755000,"status":"passed"},"line":166,"name":"Status dropdown list should be displayed","match":{"location":"com.fdmgroup.admins.stepdefinitions.CreateAssessmentForm_stepdefinitions.status_dropdown_list_should_be_displayed()"},"keyword":"Then "},{"result":{"duration":308592000,"status":"passed"},"line":167,"name":"Admin select \"Active\" status from Status dropdown list","match":{"arguments":[{"val":"\"Active\"","offset":13}],"location":"com.fdmgroup.admins.stepdefinitions.CreateAssessmentForm_stepdefinitions.admin_select_active_status_from_status_dropdown_list(java.lang.String)"},"keyword":"When "},{"result":{"duration":35367000,"status":"passed"},"line":168,"name":"\"Active\" status should be selected","match":{"arguments":[{"val":"\"Active\"","offset":0}],"location":"com.fdmgroup.admins.stepdefinitions.CreateAssessmentForm_stepdefinitions.active_status_should_be_selected(java.lang.String)"},"keyword":"Then "},{"result":{"duration":282979000,"status":"passed"},"line":169,"name":"Admin click on Grade Scale dropdown list","match":{"location":"com.fdmgroup.admins.stepdefinitions.CreateAssessmentForm_stepdefinitions.admin_click_on_grade_scale_dropdown_list()"},"keyword":"When "},{"result":{"duration":14858000,"status":"passed"},"line":170,"name":"Grade Scale dropdown list should be displayed","match":{"location":"com.fdmgroup.admins.stepdefinitions.CreateAssessmentForm_stepdefinitions.grade_scale_dropdown_list_should_be_displayed()"},"keyword":"Then "},{"result":{"duration":308564000,"status":"passed"},"line":171,"name":"Admin select \"FDM Academy Grade Scale\" option from Grade Scale dropdown list","match":{"arguments":[{"val":"\"FDM Academy Grade Scale\"","offset":13}],"location":"com.fdmgroup.admins.stepdefinitions.CreateAssessmentForm_stepdefinitions.admin_select_option_from_grade_scale_dropdown_list(java.lang.String)"},"keyword":"When "},{"result":{"duration":40724000,"status":"passed"},"line":172,"name":"\"FDM Academy Grade Scale\" option should be selected","match":{"arguments":[{"val":"\"FDM Academy Grade Scale\"","offset":0}],"location":"com.fdmgroup.admins.stepdefinitions.CreateAssessmentForm_stepdefinitions.option_should_be_selected(java.lang.String)"},"keyword":"Then "},{"result":{"duration":263997000,"status":"passed"},"line":173,"name":"Admin click on Create button","match":{"location":"com.fdmgroup.admins.stepdefinitions.CreateAssessmentForm_stepdefinitions.admin_click_on_create_button()"},"keyword":"When "},{"result":{"duration":15158000,"status":"passed"},"line":174,"name":"Pop-up should be displayed with the x close button on top-right corner","match":{"location":"com.fdmgroup.admins.stepdefinitions.CreateAssessmentForm_stepdefinitions.pop_up_should_be_displayed_with_the_x_close_button_on_top_right_corner()"},"keyword":"Then "},{"result":{"duration":23307000,"status":"passed"},"line":175,"name":"Admin click on x close button","match":{"location":"com.fdmgroup.admins.stepdefinitions.CreateAssessmentForm_stepdefinitions.admin_click_on_x_close_button()"},"keyword":"When "},{"result":{"duration":7169000,"status":"passed"},"line":176,"name":"Pop-up should be closed","match":{"location":"com.fdmgroup.admins.stepdefinitions.CreateAssessmentForm_stepdefinitions.pop_up_should_be_closed()"},"keyword":"Then "},{"result":{"duration":197323000,"status":"passed"},"line":177,"name":"Take a screenshot and saving it in \"src/test/resources/Screenshots/Sprint_2/Admins/\" as \"TMS_469_12\"","match":{"arguments":[{"val":"\"src/test/resources/Screenshots/Sprint_2/Admins/\"","offset":35},{"val":"\"TMS_469_12\"","offset":88}],"location":"com.fdmgroup.global.stepdefinitions.Hooks.take_a_screenshot_and_saving_it_in_as(java.lang.String,java.lang.String)"},"keyword":"And "}],"tags":[{"name":"@CreateAssessmentFormFeature"},{"name":"@TC_TMS469_12"}]},{"start_timestamp":"2023-08-02T15:32:27.214Z","before":[{"result":{"duration":2075000,"status":"passed"},"match":{"location":"com.fdmgroup.global.stepdefinitions.Hooks.setup()"}}],"line":180,"name":"TC_TMS469_13 Test that Admin should be able to open Customize Form page when click on \"Customize Form\" button inside the pop-up","description":"","id":"as-an-academy-admin--i-want-to-create-an-assessment-template--so-that-i-can-start-designing-customized-assessments-from-there.;tc-tms469-13-test-that-admin-should-be-able-to-open-customize-form-page-when-click-on-\"customize-form\"-button-inside-the-pop-up","type":"scenario","keyword":"Scenario","steps":[{"result":{"duration":71363000,"status":"passed"},"line":181,"name":"User is logged in as an Admin and navigate to Create Assessment Form page","match":{"location":"com.fdmgroup.admins.stepdefinitions.CreateAssessmentForm_stepdefinitions.user_is_logged_in_as_an_admin_and_navigate_to_create_assessment_form_page()"},"keyword":"Given "},{"result":{"duration":49411000,"status":"passed"},"line":182,"name":"Admin enter \"Test Customize Form\" in Assessment Name input field","match":{"arguments":[{"val":"\"Test Customize Form\"","offset":12}],"location":"com.fdmgroup.admins.stepdefinitions.CreateAssessmentForm_stepdefinitions.admin_enter_in_assessment_name_input_field(java.lang.String)"},"keyword":"When "},{"result":{"duration":10431000,"status":"passed"},"line":183,"name":"\"Test Customize Form\" should be displayed in Assessment Name input field","match":{"arguments":[{"val":"\"Test Customize Form\"","offset":0}],"location":"com.fdmgroup.admins.stepdefinitions.CreateAssessmentForm_stepdefinitions.should_be_displayed_in_assessment_name_input_field(java.lang.String)"},"keyword":"Then "},{"result":{"duration":29012000,"status":"passed"},"line":184,"name":"Admin click on Status dropdown list","match":{"location":"com.fdmgroup.admins.stepdefinitions.CreateAssessmentForm_stepdefinitions.admin_click_on_status_dropdown_list()"},"keyword":"When "},{"result":{"duration":10431000,"status":"passed"},"line":185,"name":"Status dropdown list should be displayed","match":{"location":"com.fdmgroup.admins.stepdefinitions.CreateAssessmentForm_stepdefinitions.status_dropdown_list_should_be_displayed()"},"keyword":"Then "},{"result":{"duration":313850000,"status":"passed"},"line":186,"name":"Admin select \"Active\" status from Status dropdown list","match":{"arguments":[{"val":"\"Active\"","offset":13}],"location":"com.fdmgroup.admins.stepdefinitions.CreateAssessmentForm_stepdefinitions.admin_select_active_status_from_status_dropdown_list(java.lang.String)"},"keyword":"When "},{"result":{"duration":36433000,"status":"passed"},"line":187,"name":"\"Active\" status should be selected","match":{"arguments":[{"val":"\"Active\"","offset":0}],"location":"com.fdmgroup.admins.stepdefinitions.CreateAssessmentForm_stepdefinitions.active_status_should_be_selected(java.lang.String)"},"keyword":"Then "},{"result":{"duration":282613000,"status":"passed"},"line":188,"name":"Admin click on Grade Scale dropdown list","match":{"location":"com.fdmgroup.admins.stepdefinitions.CreateAssessmentForm_stepdefinitions.admin_click_on_grade_scale_dropdown_list()"},"keyword":"When "},{"result":{"duration":15858000,"status":"passed"},"line":189,"name":"Grade Scale dropdown list should be displayed","match":{"location":"com.fdmgroup.admins.stepdefinitions.CreateAssessmentForm_stepdefinitions.grade_scale_dropdown_list_should_be_displayed()"},"keyword":"Then "},{"result":{"duration":305864000,"status":"passed"},"line":190,"name":"Admin select \"FDM Academy Grade Scale\" option from Grade Scale dropdown list","match":{"arguments":[{"val":"\"FDM Academy Grade Scale\"","offset":13}],"location":"com.fdmgroup.admins.stepdefinitions.CreateAssessmentForm_stepdefinitions.admin_select_option_from_grade_scale_dropdown_list(java.lang.String)"},"keyword":"When "},{"result":{"duration":43758000,"status":"passed"},"line":191,"name":"\"FDM Academy Grade Scale\" option should be selected","match":{"arguments":[{"val":"\"FDM Academy Grade Scale\"","offset":0}],"location":"com.fdmgroup.admins.stepdefinitions.CreateAssessmentForm_stepdefinitions.option_should_be_selected(java.lang.String)"},"keyword":"Then "},{"result":{"duration":267677000,"status":"passed"},"line":192,"name":"Admin click on Create button","match":{"location":"com.fdmgroup.admins.stepdefinitions.CreateAssessmentForm_stepdefinitions.admin_click_on_create_button()"},"keyword":"When "},{"result":{"duration":13651000,"status":"passed"},"line":193,"name":"Pop-up should be displayed with Customize Form button","match":{"location":"com.fdmgroup.admins.stepdefinitions.CreateAssessmentForm_stepdefinitions.pop_up_should_be_displayed_with_customize_form_button()"},"keyword":"Then "},{"result":{"duration":25559000,"status":"passed"},"line":194,"name":"Admin click on Customize Form button","match":{"location":"com.fdmgroup.admins.stepdefinitions.CreateAssessmentForm_stepdefinitions.admin_click_on_customize_form_button()"},"keyword":"When "},{"result":{"duration":12824000,"status":"passed"},"line":195,"name":"Customize Form page should be displayed","match":{"location":"com.fdmgroup.admins.stepdefinitions.CreateAssessmentForm_stepdefinitions.customize_form_page_should_be_displayed()"},"keyword":"Then "},{"result":{"duration":191027000,"status":"passed"},"line":196,"name":"Take a screenshot and saving it in \"src/test/resources/Screenshots/Sprint_2/Admins/\" as \"TMS_469_13\"","match":{"arguments":[{"val":"\"src/test/resources/Screenshots/Sprint_2/Admins/\"","offset":35},{"val":"\"TMS_469_13\"","offset":88}],"location":"com.fdmgroup.global.stepdefinitions.Hooks.take_a_screenshot_and_saving_it_in_as(java.lang.String,java.lang.String)"},"keyword":"And "}],"tags":[{"name":"@CreateAssessmentFormFeature"},{"name":"@TC_TMS469_13"}]}],"name":"As an Academy Admin, I want to create an assessment template, So that I can start designing customized assessments from there.","description":"","id":"as-an-academy-admin--i-want-to-create-an-assessment-template--so-that-i-can-start-designing-customized-assessments-from-there.","keyword":"Feature","uri":"file:src/test/resources/Features/Sprint_2/Admins/TMS_239_CreateAssessment.feature","tags":[{"name":"@CreateAssessmentFormFeature","type":"Tag","location":{"line":4,"column":1}}]},{"line":1,"elements":[{"start_timestamp":"2023-08-02T15:32:28.907Z","before":[{"result":{"duration":2190000,"status":"passed"},"match":{"location":"com.fdmgroup.global.stepdefinitions.Hooks.setup()"}}],"line":3,"name":"TC_TMS27_01 Test that Admin can select filter button on the left top corner.","description":"","id":"sort-filter-on-start-date;tc-tms27-01-test-that-admin-can-select-filter-button-on-the-left-top-corner.","type":"scenario","keyword":"Scenario","steps":[{"result":{"error_message":"org.junit.ComparisonFailure: expected:<Monday\n07/[24]> but was:<Monday\n07/[31]>\n\tat org.junit.Assert.assertEquals(Assert.java:117)\n\tat org.junit.Assert.assertEquals(Assert.java:146)\n\tat com.fdmgroup.admins.stepdefinitions.CalendarView_stepdefinitions.admin_clicks_on_calendar_button_on_the_nav_bar(CalendarView_stepdefinitions.java:22)\n\tat .Admin clicks on calendar button on the Nav bar(file:///Users/tejaspatel/Documents/FDM/Automation_TMS/fdm_tms_qe_pod/src/test/resources/Features/Sprint_2/Admins/TMS_27_CalendarView.feature:4)\n","duration":120125000,"status":"failed"},"line":4,"name":"Admin clicks on calendar button on the Nav bar","match":{"location":"com.fdmgroup.admins.stepdefinitions.CalendarView_stepdefinitions.admin_clicks_on_calendar_button_on_the_nav_bar()"},"keyword":"When "},{"result":{"duration":44000,"status":"skipped"},"line":5,"name":"Admin clicks on filter button on the right top corner","match":{"location":"com.fdmgroup.admins.stepdefinitions.CalendarView_stepdefinitions.admin_clicks_on_filter_button_on_the_right_top_corner()"},"keyword":"Then "},{"result":{"duration":20000,"status":"skipped"},"line":6,"name":"Take a screenshot and saving it in \"src/test/resources/Screenshots/Admins/Sprint_2/\" as \"TMS_27_01\"","match":{"arguments":[{"val":"\"src/test/resources/Screenshots/Admins/Sprint_2/\"","offset":35},{"val":"\"TMS_27_01\"","offset":88}],"location":"com.fdmgroup.global.stepdefinitions.Hooks.take_a_screenshot_and_saving_it_in_as(java.lang.String,java.lang.String)"},"keyword":"And "}]},{"start_timestamp":"2023-08-02T15:32:29.037Z","before":[{"result":{"duration":13344000,"status":"passed"},"match":{"location":"com.fdmgroup.global.stepdefinitions.Hooks.setup()"}}],"line":8,"name":"TC_TMS27_02 Test that Admin can select specific week by navigating through the left navigator and right navigator button through a button on top right corner.","description":"","id":"sort-filter-on-start-date;tc-tms27-02-test-that-admin-can-select-specific-week-by-navigating-through-the-left-navigator-and-right-navigator-button-through-a-button-on-top-right-corner.","type":"scenario","keyword":"Scenario","steps":[{"result":{"error_message":"org.junit.ComparisonFailure: expected:<Monday\n07/[24]> but was:<Monday\n07/[31]>\n\tat org.junit.Assert.assertEquals(Assert.java:117)\n\tat org.junit.Assert.assertEquals(Assert.java:146)\n\tat com.fdmgroup.admins.stepdefinitions.CalendarView_stepdefinitions.admin_clicks_on_calendar_button_on_the_nav_bar(CalendarView_stepdefinitions.java:22)\n\tat .Admin clicks on calendar button on the Nav bar(file:///Users/tejaspatel/Documents/FDM/Automation_TMS/fdm_tms_qe_pod/src/test/resources/Features/Sprint_2/Admins/TMS_27_CalendarView.feature:9)\n","duration":114110000,"status":"failed"},"line":9,"name":"Admin clicks on calendar button on the Nav bar","match":{"location":"com.fdmgroup.admins.stepdefinitions.CalendarView_stepdefinitions.admin_clicks_on_calendar_button_on_the_nav_bar()"},"keyword":"When "},{"result":{"duration":34000,"status":"skipped"},"line":10,"name":"Admin clicks on left navigator button on the center corner button","match":{"location":"com.fdmgroup.admins.stepdefinitions.CalendarView_stepdefinitions.admin_clicks_on_left_navigator_button_on_the_center_corner_button()"},"keyword":"Then "},{"result":{"duration":19000,"status":"skipped"},"line":11,"name":"Admin clicks on right navigator button on the center corner button","match":{"location":"com.fdmgroup.admins.stepdefinitions.CalendarView_stepdefinitions.admin_clicks_on_right_navigator_button_on_the_center_corner_button()"},"keyword":"Then "},{"result":{"duration":17000,"status":"skipped"},"line":12,"name":"Take a screenshot and saving it in \"src/test/resources/Screenshots/Admins/Sprint_2/\" as \"TMS_27_02\"","match":{"arguments":[{"val":"\"src/test/resources/Screenshots/Admins/Sprint_2/\"","offset":35},{"val":"\"TMS_27_02\"","offset":88}],"location":"com.fdmgroup.global.stepdefinitions.Hooks.take_a_screenshot_and_saving_it_in_as(java.lang.String,java.lang.String)"},"keyword":"And "}]},{"start_timestamp":"2023-08-02T15:32:29.169Z","before":[{"result":{"duration":2526000,"status":"passed"},"match":{"location":"com.fdmgroup.global.stepdefinitions.Hooks.setup()"}}],"line":14,"name":"TC_TMS27_03 Test that Admin can intially see  one weekly calendar","description":"","id":"sort-filter-on-start-date;tc-tms27-03-test-that-admin-can-intially-see--one-weekly-calendar","type":"scenario","keyword":"Scenario","steps":[{"result":{"error_message":"org.junit.ComparisonFailure: expected:<Monday\n07/[24]> but was:<Monday\n07/[31]>\n\tat org.junit.Assert.assertEquals(Assert.java:117)\n\tat org.junit.Assert.assertEquals(Assert.java:146)\n\tat com.fdmgroup.admins.stepdefinitions.CalendarView_stepdefinitions.admin_clicks_on_calendar_button_on_the_nav_bar(CalendarView_stepdefinitions.java:22)\n\tat .Admin clicks on calendar button on the Nav bar(file:///Users/tejaspatel/Documents/FDM/Automation_TMS/fdm_tms_qe_pod/src/test/resources/Features/Sprint_2/Admins/TMS_27_CalendarView.feature:15)\n","duration":97188000,"status":"failed"},"line":15,"name":"Admin clicks on calendar button on the Nav bar","match":{"location":"com.fdmgroup.admins.stepdefinitions.CalendarView_stepdefinitions.admin_clicks_on_calendar_button_on_the_nav_bar()"},"keyword":"When "},{"result":{"duration":31000,"status":"skipped"},"line":16,"name":"Admin is on calendar page","match":{"location":"com.fdmgroup.admins.stepdefinitions.CalendarView_stepdefinitions.admin_is_on_calendar_page()"},"keyword":"Then "},{"result":{"duration":23000,"status":"skipped"},"line":17,"name":"Take a screenshot and saving it in \"src/test/resources/Screenshots/Admins/Sprint_2/\" as \"TMS_27_03\"","match":{"arguments":[{"val":"\"src/test/resources/Screenshots/Admins/Sprint_2/\"","offset":35},{"val":"\"TMS_27_03\"","offset":88}],"location":"com.fdmgroup.global.stepdefinitions.Hooks.take_a_screenshot_and_saving_it_in_as(java.lang.String,java.lang.String)"},"keyword":"And "}]},{"start_timestamp":"2023-08-02T15:32:29.273Z","before":[{"result":{"duration":2208000,"status":"passed"},"match":{"location":"com.fdmgroup.global.stepdefinitions.Hooks.setup()"}}],"line":19,"name":"TC_TMS27_04 Test that Admin can see the calendar that is aligned to current date.","description":"","id":"sort-filter-on-start-date;tc-tms27-04-test-that-admin-can-see-the-calendar-that-is-aligned-to-current-date.","type":"scenario","keyword":"Scenario","steps":[{"result":{"error_message":"org.junit.ComparisonFailure: expected:<Monday\n07/[24]> but was:<Monday\n07/[31]>\n\tat org.junit.Assert.assertEquals(Assert.java:117)\n\tat org.junit.Assert.assertEquals(Assert.java:146)\n\tat com.fdmgroup.admins.stepdefinitions.CalendarView_stepdefinitions.admin_clicks_on_calendar_button_on_the_nav_bar(CalendarView_stepdefinitions.java:22)\n\tat .Admin clicks on calendar button on the Nav bar(file:///Users/tejaspatel/Documents/FDM/Automation_TMS/fdm_tms_qe_pod/src/test/resources/Features/Sprint_2/Admins/TMS_27_CalendarView.feature:20)\n","duration":105912000,"status":"failed"},"line":20,"name":"Admin clicks on calendar button on the Nav bar","match":{"location":"com.fdmgroup.admins.stepdefinitions.CalendarView_stepdefinitions.admin_clicks_on_calendar_button_on_the_nav_bar()"},"keyword":"When "},{"result":{"duration":32000,"status":"skipped"},"line":21,"name":"Admin is on calendar page","match":{"location":"com.fdmgroup.admins.stepdefinitions.CalendarView_stepdefinitions.admin_is_on_calendar_page()"},"keyword":"Then "},{"result":{"duration":33000,"status":"skipped"},"line":22,"name":"Take a screenshot and saving it in \"src/test/resources/Screenshots/Admins/Sprint_2/\" as \"TMS_27_04\"","match":{"arguments":[{"val":"\"src/test/resources/Screenshots/Admins/Sprint_2/\"","offset":35},{"val":"\"TMS_27_04\"","offset":88}],"location":"com.fdmgroup.global.stepdefinitions.Hooks.take_a_screenshot_and_saving_it_in_as(java.lang.String,java.lang.String)"},"keyword":"And "}]},{"start_timestamp":"2023-08-02T15:32:29.385Z","before":[{"result":{"duration":2673000,"status":"passed"},"match":{"location":"com.fdmgroup.global.stepdefinitions.Hooks.setup()"}}],"line":24,"name":"TC_TMS27_05 Test that Admin can see list of Trainers name in the first Column.","description":"","id":"sort-filter-on-start-date;tc-tms27-05-test-that-admin-can-see-list-of-trainers-name-in-the-first-column.","type":"scenario","keyword":"Scenario","steps":[{"result":{"error_message":"org.junit.ComparisonFailure: expected:<Monday\n07/[24]> but was:<Monday\n07/[31]>\n\tat org.junit.Assert.assertEquals(Assert.java:117)\n\tat org.junit.Assert.assertEquals(Assert.java:146)\n\tat com.fdmgroup.admins.stepdefinitions.CalendarView_stepdefinitions.admin_clicks_on_calendar_button_on_the_nav_bar(CalendarView_stepdefinitions.java:22)\n\tat .Admin clicks on calendar button on the Nav bar(file:///Users/tejaspatel/Documents/FDM/Automation_TMS/fdm_tms_qe_pod/src/test/resources/Features/Sprint_2/Admins/TMS_27_CalendarView.feature:25)\n","duration":107254000,"status":"failed"},"line":25,"name":"Admin clicks on calendar button on the Nav bar","match":{"location":"com.fdmgroup.admins.stepdefinitions.CalendarView_stepdefinitions.admin_clicks_on_calendar_button_on_the_nav_bar()"},"keyword":"When "},{"result":{"duration":45000,"status":"skipped"},"line":26,"name":"Admin is on calendar page","match":{"location":"com.fdmgroup.admins.stepdefinitions.CalendarView_stepdefinitions.admin_is_on_calendar_page()"},"keyword":"Then "},{"result":{"duration":47000,"status":"skipped"},"line":27,"name":"Take a screenshot and saving it in \"src/test/resources/Screenshots/Admins/Sprint_2/\" as \"TMS_27_05\"","match":{"arguments":[{"val":"\"src/test/resources/Screenshots/Admins/Sprint_2/\"","offset":35},{"val":"\"TMS_27_05\"","offset":88}],"location":"com.fdmgroup.global.stepdefinitions.Hooks.take_a_screenshot_and_saving_it_in_as(java.lang.String,java.lang.String)"},"keyword":"And "}]},{"start_timestamp":"2023-08-02T15:32:29.532Z","before":[{"result":{"duration":2241000,"status":"passed"},"match":{"location":"com.fdmgroup.global.stepdefinitions.Hooks.setup()"}}],"line":29,"name":"TC_TMS27_06 Test that Calendar has AM and PM section for each day in the date.","description":"","id":"sort-filter-on-start-date;tc-tms27-06-test-that-calendar-has-am-and-pm-section-for-each-day-in-the-date.","type":"scenario","keyword":"Scenario","steps":[{"result":{"error_message":"org.junit.ComparisonFailure: expected:<Monday\n07/[24]> but was:<Monday\n07/[31]>\n\tat org.junit.Assert.assertEquals(Assert.java:117)\n\tat org.junit.Assert.assertEquals(Assert.java:146)\n\tat com.fdmgroup.admins.stepdefinitions.CalendarView_stepdefinitions.admin_clicks_on_calendar_button_on_the_nav_bar(CalendarView_stepdefinitions.java:22)\n\tat .Admin clicks on calendar button on the Nav bar(file:///Users/tejaspatel/Documents/FDM/Automation_TMS/fdm_tms_qe_pod/src/test/resources/Features/Sprint_2/Admins/TMS_27_CalendarView.feature:30)\n","duration":91925000,"status":"failed"},"line":30,"name":"Admin clicks on calendar button on the Nav bar","match":{"location":"com.fdmgroup.admins.stepdefinitions.CalendarView_stepdefinitions.admin_clicks_on_calendar_button_on_the_nav_bar()"},"keyword":"When "},{"result":{"duration":36000,"status":"skipped"},"line":31,"name":"Admin is on calendar page","match":{"location":"com.fdmgroup.admins.stepdefinitions.CalendarView_stepdefinitions.admin_is_on_calendar_page()"},"keyword":"Then "},{"result":{"duration":19000,"status":"skipped"},"line":32,"name":"Take a screenshot and saving it in \"src/test/resources/Screenshots/Admins/Sprint_2/\" as \"TMS_27_06\"","match":{"arguments":[{"val":"\"src/test/resources/Screenshots/Admins/Sprint_2/\"","offset":35},{"val":"\"TMS_27_06\"","offset":88}],"location":"com.fdmgroup.global.stepdefinitions.Hooks.take_a_screenshot_and_saving_it_in_as(java.lang.String,java.lang.String)"},"keyword":"And "}]},{"start_timestamp":"2023-08-02T15:32:29.630Z","before":[{"result":{"duration":1814000,"status":"passed"},"match":{"location":"com.fdmgroup.global.stepdefinitions.Hooks.setup()"}}],"line":34,"name":"TC_TMS27_07 Test that Calendar has 1 week calendar button in the right top corner.","description":"","id":"sort-filter-on-start-date;tc-tms27-07-test-that-calendar-has-1-week-calendar-button-in-the-right-top-corner.","type":"scenario","keyword":"Scenario","steps":[{"result":{"error_message":"org.junit.ComparisonFailure: expected:<Monday\n07/[24]> but was:<Monday\n07/[31]>\n\tat org.junit.Assert.assertEquals(Assert.java:117)\n\tat org.junit.Assert.assertEquals(Assert.java:146)\n\tat com.fdmgroup.admins.stepdefinitions.CalendarView_stepdefinitions.admin_clicks_on_calendar_button_on_the_nav_bar(CalendarView_stepdefinitions.java:22)\n\tat .Admin clicks on calendar button on the Nav bar(file:///Users/tejaspatel/Documents/FDM/Automation_TMS/fdm_tms_qe_pod/src/test/resources/Features/Sprint_2/Admins/TMS_27_CalendarView.feature:35)\n","duration":90683000,"status":"failed"},"line":35,"name":"Admin clicks on calendar button on the Nav bar","match":{"location":"com.fdmgroup.admins.stepdefinitions.CalendarView_stepdefinitions.admin_clicks_on_calendar_button_on_the_nav_bar()"},"keyword":"When "},{"result":{"duration":38000,"status":"skipped"},"line":36,"name":"Admin clicks on One week button on right top corner","match":{"location":"com.fdmgroup.admins.stepdefinitions.CalendarView_stepdefinitions.admin_clicks_on_one_week_button_on_right_top_corner()"},"keyword":"Then "},{"result":{"duration":28000,"status":"skipped"},"line":37,"name":"Take a screenshot and saving it in \"src/test/resources/Screenshots/Admins/Sprint_2/\" as \"TMS_27_07\"","match":{"arguments":[{"val":"\"src/test/resources/Screenshots/Admins/Sprint_2/\"","offset":35},{"val":"\"TMS_27_07\"","offset":88}],"location":"com.fdmgroup.global.stepdefinitions.Hooks.take_a_screenshot_and_saving_it_in_as(java.lang.String,java.lang.String)"},"keyword":"And "}]}],"name":"Sort Filter on Start Date","description":"","id":"sort-filter-on-start-date","keyword":"Feature","uri":"file:src/test/resources/Features/Sprint_2/Admins/TMS_27_CalendarView.feature","tags":[]}]
=======
[{"line":5,"elements":[{"start_timestamp":"2023-08-08T16:14:13.645Z","before":[{"result":{"duration":9156645000,"status":"passed"},"match":{"location":"com.fdmgroup.global.stepdefinitions.Hooks.setup()"}}],"line":8,"name":"TC_TMS469_01 Test that Admin should be able to enter Assessment Name in \"Assessment Name\" input field","description":"","id":"as-an-academy-admin--i-want-to-create-an-assessment-template--so-that-i-can-start-designing-customized-assessments-from-there.;tc-tms469-01-test-that-admin-should-be-able-to-enter-assessment-name-in-\"assessment-name\"-input-field","type":"scenario","keyword":"Scenario","steps":[{"result":{"duration":1445860900,"status":"passed"},"line":9,"name":"User is logged in as an Admin and navigate to Create Assessment Form page","match":{"location":"com.fdmgroup.admins.stepdefinitions.CreateAssessmentForm_stepdefinitions.user_is_logged_in_as_an_admin_and_navigate_to_create_assessment_form_page()"},"keyword":"Given "},{"result":{"duration":149732900,"status":"passed"},"line":10,"name":"Admin click on Assessment Name input field","match":{"location":"com.fdmgroup.admins.stepdefinitions.CreateAssessmentForm_stepdefinitions.admin_click_on_assessment_name_input_field()"},"keyword":"When "},{"result":{"duration":25001200,"status":"passed"},"line":11,"name":"The input field should be editable","match":{"location":"com.fdmgroup.admins.stepdefinitions.CreateAssessmentForm_stepdefinitions.the_input_field_should_be_editable()"},"keyword":"Then "},{"result":{"duration":150347500,"status":"passed"},"line":12,"name":"Admin enter \"QA Test\" in Assessment Name input field","match":{"arguments":[{"val":"\"QA Test\"","offset":12}],"location":"com.fdmgroup.admins.stepdefinitions.CreateAssessmentForm_stepdefinitions.admin_enter_in_assessment_name_input_field(java.lang.String)"},"keyword":"When "},{"result":{"duration":54036200,"status":"passed"},"line":13,"name":"The \"QA Test\" should be entered into input field","match":{"arguments":[{"val":"\"QA Test\"","offset":4}],"location":"com.fdmgroup.admins.stepdefinitions.CreateAssessmentForm_stepdefinitions.the_should_be_entered_into_input_field(java.lang.String)"},"keyword":"Then "},{"result":{"duration":2171527200,"status":"passed"},"line":14,"name":"Take a screenshot and saving it in \"src/test/resources/Screenshots/Sprint_2/Admins/\" as \"TMS_469_01\"","match":{"arguments":[{"val":"\"src/test/resources/Screenshots/Sprint_2/Admins/\"","offset":35},{"val":"\"TMS_469_01\"","offset":88}],"location":"com.fdmgroup.global.stepdefinitions.Hooks.take_a_screenshot_and_saving_it_in_as(java.lang.String,java.lang.String)"},"keyword":"And "}],"tags":[{"name":"@CreateAssessmentFormFeature"},{"name":"@TC_TMS469_01"}]},{"start_timestamp":"2023-08-08T16:14:26.929Z","before":[{"result":{"duration":13095800,"status":"passed"},"match":{"location":"com.fdmgroup.global.stepdefinitions.Hooks.setup()"}}],"line":17,"name":"TC_TMS469_02 Test that Admin should be able to select different status from the \"Status\" dropdown list","description":"","id":"as-an-academy-admin--i-want-to-create-an-assessment-template--so-that-i-can-start-designing-customized-assessments-from-there.;tc-tms469-02-test-that-admin-should-be-able-to-select-different-status-from-the-\"status\"-dropdown-list","type":"scenario","keyword":"Scenario","steps":[{"result":{"duration":600766300,"status":"passed"},"line":18,"name":"User is logged in as an Admin and navigate to Create Assessment Form page","match":{"location":"com.fdmgroup.admins.stepdefinitions.CreateAssessmentForm_stepdefinitions.user_is_logged_in_as_an_admin_and_navigate_to_create_assessment_form_page()"},"keyword":"Given "},{"result":{"duration":116879600,"status":"passed"},"line":19,"name":"Admin click on Status dropdown list","match":{"location":"com.fdmgroup.admins.stepdefinitions.CreateAssessmentForm_stepdefinitions.admin_click_on_status_dropdown_list()"},"keyword":"When "},{"result":{"duration":73392300,"status":"passed"},"line":20,"name":"Status dropdown list should be displayed","match":{"location":"com.fdmgroup.admins.stepdefinitions.CreateAssessmentForm_stepdefinitions.status_dropdown_list_should_be_displayed()"},"keyword":"Then "},{"result":{"duration":243596700,"status":"passed"},"line":21,"name":"Admin select \"Active\" status from Status dropdown list","match":{"arguments":[{"val":"\"Active\"","offset":13}],"location":"com.fdmgroup.admins.stepdefinitions.CreateAssessmentForm_stepdefinitions.admin_select_active_status_from_status_dropdown_list(java.lang.String)"},"keyword":"When "},{"result":{"duration":125737200,"status":"passed"},"line":22,"name":"\"Active\" status should be selected","match":{"arguments":[{"val":"\"Active\"","offset":0}],"location":"com.fdmgroup.admins.stepdefinitions.CreateAssessmentForm_stepdefinitions.active_status_should_be_selected(java.lang.String)"},"keyword":"Then "},{"result":{"duration":71924200,"status":"passed"},"line":23,"name":"Admin click on Status dropdown list","match":{"location":"com.fdmgroup.admins.stepdefinitions.CreateAssessmentForm_stepdefinitions.admin_click_on_status_dropdown_list()"},"keyword":"When "},{"result":{"duration":28080400,"status":"passed"},"line":24,"name":"Status dropdown list should be displayed","match":{"location":"com.fdmgroup.admins.stepdefinitions.CreateAssessmentForm_stepdefinitions.status_dropdown_list_should_be_displayed()"},"keyword":"Then "},{"result":{"duration":221136600,"status":"passed"},"line":25,"name":"Admin select \"Inactive\" status from Status dropdown list","match":{"arguments":[{"val":"\"Inactive\"","offset":13}],"location":"com.fdmgroup.admins.stepdefinitions.CreateAssessmentForm_stepdefinitions.admin_select_active_status_from_status_dropdown_list(java.lang.String)"},"keyword":"When "},{"result":{"duration":98378100,"status":"passed"},"line":26,"name":"\"Inactive\" status should be selected","match":{"arguments":[{"val":"\"Inactive\"","offset":0}],"location":"com.fdmgroup.admins.stepdefinitions.CreateAssessmentForm_stepdefinitions.active_status_should_be_selected(java.lang.String)"},"keyword":"Then "},{"result":{"duration":68099100,"status":"passed"},"line":27,"name":"Admin click on Status dropdown list","match":{"location":"com.fdmgroup.admins.stepdefinitions.CreateAssessmentForm_stepdefinitions.admin_click_on_status_dropdown_list()"},"keyword":"When "},{"result":{"duration":39683000,"status":"passed"},"line":28,"name":"Status dropdown list should be displayed","match":{"location":"com.fdmgroup.admins.stepdefinitions.CreateAssessmentForm_stepdefinitions.status_dropdown_list_should_be_displayed()"},"keyword":"Then "},{"result":{"duration":124256200,"status":"passed"},"line":29,"name":"Admin select \"Select status\" status from Status dropdown list","match":{"arguments":[{"val":"\"Select status\"","offset":13}],"location":"com.fdmgroup.admins.stepdefinitions.CreateAssessmentForm_stepdefinitions.admin_select_active_status_from_status_dropdown_list(java.lang.String)"},"keyword":"When "},{"result":{"duration":98138500,"status":"passed"},"line":30,"name":"\"Select status\" status should be selected","match":{"arguments":[{"val":"\"Select status\"","offset":0}],"location":"com.fdmgroup.admins.stepdefinitions.CreateAssessmentForm_stepdefinitions.active_status_should_be_selected(java.lang.String)"},"keyword":"Then "},{"result":{"duration":232935100,"status":"passed"},"line":31,"name":"Take a screenshot and saving it in \"src/test/resources/Screenshots/Sprint_2/Admins/\" as \"TMS_469_02\"","match":{"arguments":[{"val":"\"src/test/resources/Screenshots/Sprint_2/Admins/\"","offset":35},{"val":"\"TMS_469_02\"","offset":88}],"location":"com.fdmgroup.global.stepdefinitions.Hooks.take_a_screenshot_and_saving_it_in_as(java.lang.String,java.lang.String)"},"keyword":"And "}],"tags":[{"name":"@CreateAssessmentFormFeature"},{"name":"@TC_TMS469_02"}]},{"start_timestamp":"2023-08-08T16:14:29.152Z","before":[{"result":{"duration":16193600,"status":"passed"},"match":{"location":"com.fdmgroup.global.stepdefinitions.Hooks.setup()"}}],"line":34,"name":"TC_TMS469_03 Test that Admin should be able to select different grade scale from the \"Grade Scale\" dropdown list","description":"","id":"as-an-academy-admin--i-want-to-create-an-assessment-template--so-that-i-can-start-designing-customized-assessments-from-there.;tc-tms469-03-test-that-admin-should-be-able-to-select-different-grade-scale-from-the-\"grade-scale\"-dropdown-list","type":"scenario","keyword":"Scenario","steps":[{"result":{"duration":715854000,"status":"passed"},"line":35,"name":"User is logged in as an Admin and navigate to Create Assessment Form page","match":{"location":"com.fdmgroup.admins.stepdefinitions.CreateAssessmentForm_stepdefinitions.user_is_logged_in_as_an_admin_and_navigate_to_create_assessment_form_page()"},"keyword":"Given "},{"result":{"duration":203609100,"status":"passed"},"line":36,"name":"Admin click on Grade Scale dropdown list","match":{"location":"com.fdmgroup.admins.stepdefinitions.CreateAssessmentForm_stepdefinitions.admin_click_on_grade_scale_dropdown_list()"},"keyword":"When "},{"result":{"duration":84983700,"status":"passed"},"line":37,"name":"Grade Scale dropdown list should be displayed","match":{"location":"com.fdmgroup.admins.stepdefinitions.CreateAssessmentForm_stepdefinitions.grade_scale_dropdown_list_should_be_displayed()"},"keyword":"Then "},{"result":{"duration":207288500,"status":"passed"},"line":38,"name":"Admin select \"FDM Academy Grade Scale\" option from Grade Scale dropdown list","match":{"arguments":[{"val":"\"FDM Academy Grade Scale\"","offset":13}],"location":"com.fdmgroup.admins.stepdefinitions.CreateAssessmentForm_stepdefinitions.admin_select_option_from_grade_scale_dropdown_list(java.lang.String)"},"keyword":"When "},{"result":{"duration":128034200,"status":"passed"},"line":39,"name":"\"FDM Academy Grade Scale\" option should be selected","match":{"arguments":[{"val":"\"FDM Academy Grade Scale\"","offset":0}],"location":"com.fdmgroup.admins.stepdefinitions.CreateAssessmentForm_stepdefinitions.option_should_be_selected(java.lang.String)"},"keyword":"Then "},{"result":{"duration":76262900,"status":"passed"},"line":40,"name":"Admin click on Grade Scale dropdown list","match":{"location":"com.fdmgroup.admins.stepdefinitions.CreateAssessmentForm_stepdefinitions.admin_click_on_grade_scale_dropdown_list()"},"keyword":"When "},{"result":{"duration":50813000,"status":"passed"},"line":41,"name":"Grade Scale dropdown list should be displayed","match":{"location":"com.fdmgroup.admins.stepdefinitions.CreateAssessmentForm_stepdefinitions.grade_scale_dropdown_list_should_be_displayed()"},"keyword":"Then "},{"result":{"duration":144033700,"status":"passed"},"line":42,"name":"Admin select \"Other\" option from Grade Scale dropdown list","match":{"arguments":[{"val":"\"Other\"","offset":13}],"location":"com.fdmgroup.admins.stepdefinitions.CreateAssessmentForm_stepdefinitions.admin_select_option_from_grade_scale_dropdown_list(java.lang.String)"},"keyword":"When "},{"result":{"duration":73607900,"status":"passed"},"line":43,"name":"\"Other\" option should be selected","match":{"arguments":[{"val":"\"Other\"","offset":0}],"location":"com.fdmgroup.admins.stepdefinitions.CreateAssessmentForm_stepdefinitions.option_should_be_selected(java.lang.String)"},"keyword":"Then "},{"result":{"duration":46261100,"status":"passed"},"line":44,"name":"Admin click on Grade Scale dropdown list","match":{"location":"com.fdmgroup.admins.stepdefinitions.CreateAssessmentForm_stepdefinitions.admin_click_on_grade_scale_dropdown_list()"},"keyword":"When "},{"result":{"duration":29059200,"status":"passed"},"line":45,"name":"Grade Scale dropdown list should be displayed","match":{"location":"com.fdmgroup.admins.stepdefinitions.CreateAssessmentForm_stepdefinitions.grade_scale_dropdown_list_should_be_displayed()"},"keyword":"Then "},{"result":{"duration":97182700,"status":"passed"},"line":46,"name":"Admin select \"Select Grade Scale\" option from Grade Scale dropdown list","match":{"arguments":[{"val":"\"Select Grade Scale\"","offset":13}],"location":"com.fdmgroup.admins.stepdefinitions.CreateAssessmentForm_stepdefinitions.admin_select_option_from_grade_scale_dropdown_list(java.lang.String)"},"keyword":"When "},{"result":{"duration":76540200,"status":"passed"},"line":47,"name":"\"Select Grade Scale\" option should be selected","match":{"arguments":[{"val":"\"Select Grade Scale\"","offset":0}],"location":"com.fdmgroup.admins.stepdefinitions.CreateAssessmentForm_stepdefinitions.option_should_be_selected(java.lang.String)"},"keyword":"Then "},{"result":{"duration":221351000,"status":"passed"},"line":48,"name":"Take a screenshot and saving it in \"src/test/resources/Screenshots/Sprint_2/Admins/\" as \"TMS_469_03\"","match":{"arguments":[{"val":"\"src/test/resources/Screenshots/Sprint_2/Admins/\"","offset":35},{"val":"\"TMS_469_03\"","offset":88}],"location":"com.fdmgroup.global.stepdefinitions.Hooks.take_a_screenshot_and_saving_it_in_as(java.lang.String,java.lang.String)"},"keyword":"And "}],"tags":[{"name":"@CreateAssessmentFormFeature"},{"name":"@TC_TMS469_03"}]},{"start_timestamp":"2023-08-08T16:14:31.357Z","before":[{"result":{"duration":10054700,"status":"passed"},"match":{"location":"com.fdmgroup.global.stepdefinitions.Hooks.setup()"}}],"line":51,"name":"TC_TMS469_04 Test that Admin should be able to enter description in \"Description\" input field","description":"","id":"as-an-academy-admin--i-want-to-create-an-assessment-template--so-that-i-can-start-designing-customized-assessments-from-there.;tc-tms469-04-test-that-admin-should-be-able-to-enter-description-in-\"description\"-input-field","type":"scenario","keyword":"Scenario","steps":[{"result":{"duration":261223300,"status":"passed"},"line":52,"name":"User is logged in as an Admin and navigate to Create Assessment Form page","match":{"location":"com.fdmgroup.admins.stepdefinitions.CreateAssessmentForm_stepdefinitions.user_is_logged_in_as_an_admin_and_navigate_to_create_assessment_form_page()"},"keyword":"Given "},{"result":{"duration":78616700,"status":"passed"},"line":53,"name":"Admin click on Description input field","match":{"location":"com.fdmgroup.admins.stepdefinitions.CreateAssessmentForm_stepdefinitions.admin_click_on_description_input_field()"},"keyword":"When "},{"result":{"duration":20491400,"status":"passed"},"line":54,"name":"The Description input field should be editable","match":{"location":"com.fdmgroup.admins.stepdefinitions.CreateAssessmentForm_stepdefinitions.the_description_input_field_should_be_editable()"},"keyword":"Then "},{"result":{"duration":152796400,"status":"passed"},"line":55,"name":"Admin enter \"QA Test Description\" in Description input field","match":{"arguments":[{"val":"\"QA Test Description\"","offset":12}],"location":"com.fdmgroup.admins.stepdefinitions.CreateAssessmentForm_stepdefinitions.admin_enter_in_description_input_field(java.lang.String)"},"keyword":"When "},{"result":{"duration":33624700,"status":"passed"},"line":56,"name":"The \"QA Test Description\" should be entered into Description input field","match":{"arguments":[{"val":"\"QA Test Description\"","offset":4}],"location":"com.fdmgroup.admins.stepdefinitions.CreateAssessmentForm_stepdefinitions.the_should_be_entered_into_description_input_field(java.lang.String)"},"keyword":"Then "},{"result":{"duration":228843400,"status":"passed"},"line":57,"name":"Take a screenshot and saving it in \"src/test/resources/Screenshots/Sprint_2/Admins/\" as \"TMS_469_04\"","match":{"arguments":[{"val":"\"src/test/resources/Screenshots/Sprint_2/Admins/\"","offset":35},{"val":"\"TMS_469_04\"","offset":88}],"location":"com.fdmgroup.global.stepdefinitions.Hooks.take_a_screenshot_and_saving_it_in_as(java.lang.String,java.lang.String)"},"keyword":"And "}],"tags":[{"name":"@CreateAssessmentFormFeature"},{"name":"@TC_TMS469_04"}]},{"start_timestamp":"2023-08-08T16:14:32.172Z","before":[{"result":{"duration":11729300,"status":"passed"},"match":{"location":"com.fdmgroup.global.stepdefinitions.Hooks.setup()"}}],"line":60,"name":"TC_TMS469_05 Test that Admin should be able to enter instructions in \"Instructions\" input field","description":"","id":"as-an-academy-admin--i-want-to-create-an-assessment-template--so-that-i-can-start-designing-customized-assessments-from-there.;tc-tms469-05-test-that-admin-should-be-able-to-enter-instructions-in-\"instructions\"-input-field","type":"scenario","keyword":"Scenario","steps":[{"result":{"duration":368371300,"status":"passed"},"line":61,"name":"User is logged in as an Admin and navigate to Create Assessment Form page","match":{"location":"com.fdmgroup.admins.stepdefinitions.CreateAssessmentForm_stepdefinitions.user_is_logged_in_as_an_admin_and_navigate_to_create_assessment_form_page()"},"keyword":"Given "},{"result":{"duration":248811600,"status":"passed"},"line":62,"name":"Admin click on Instructions input field","match":{"location":"com.fdmgroup.admins.stepdefinitions.CreateAssessmentForm_stepdefinitions.admin_click_on_instructions_input_field()"},"keyword":"When "},{"result":{"duration":24148400,"status":"passed"},"line":63,"name":"The Instructions input field should be editable","match":{"location":"com.fdmgroup.admins.stepdefinitions.CreateAssessmentForm_stepdefinitions.the_instructions_input_field_should_be_editable()"},"keyword":"Then "},{"result":{"duration":89971600,"status":"passed"},"line":64,"name":"Admin enter \"QA Test Instructions\" in Instructions input field","match":{"arguments":[{"val":"\"QA Test Instructions\"","offset":12}],"location":"com.fdmgroup.admins.stepdefinitions.CreateAssessmentForm_stepdefinitions.admin_enter_in_instructions_input_field(java.lang.String)"},"keyword":"When "},{"result":{"duration":26419200,"status":"passed"},"line":65,"name":"The \"QA Test Instructions\" should be entered into Instructions input field","match":{"arguments":[{"val":"\"QA Test Instructions\"","offset":4}],"location":"com.fdmgroup.admins.stepdefinitions.CreateAssessmentForm_stepdefinitions.the_should_be_entered_into_instructions_input_field(java.lang.String)"},"keyword":"Then "},{"result":{"duration":226400100,"status":"passed"},"line":66,"name":"Take a screenshot and saving it in \"src/test/resources/Screenshots/Sprint_2/Admins/\" as \"TMS_469_05\"","match":{"arguments":[{"val":"\"src/test/resources/Screenshots/Sprint_2/Admins/\"","offset":35},{"val":"\"TMS_469_05\"","offset":88}],"location":"com.fdmgroup.global.stepdefinitions.Hooks.take_a_screenshot_and_saving_it_in_as(java.lang.String,java.lang.String)"},"keyword":"And "}],"tags":[{"name":"@CreateAssessmentFormFeature"},{"name":"@TC_TMS469_05"}]},{"start_timestamp":"2023-08-08T16:14:33.187Z","before":[{"result":{"duration":9556900,"status":"passed"},"match":{"location":"com.fdmgroup.global.stepdefinitions.Hooks.setup()"}}],"line":69,"name":"TC_TMS469_06 Test that Admin should be able to see \"Create\" button disabled when mandatory fields are empty","description":"","id":"as-an-academy-admin--i-want-to-create-an-assessment-template--so-that-i-can-start-designing-customized-assessments-from-there.;tc-tms469-06-test-that-admin-should-be-able-to-see-\"create\"-button-disabled-when-mandatory-fields-are-empty","type":"scenario","keyword":"Scenario","steps":[{"result":{"duration":381250900,"status":"passed"},"line":70,"name":"User is logged in as an Admin and navigate to Create Assessment Form page","match":{"location":"com.fdmgroup.admins.stepdefinitions.CreateAssessmentForm_stepdefinitions.user_is_logged_in_as_an_admin_and_navigate_to_create_assessment_form_page()"},"keyword":"Given "},{"result":{"duration":50478700,"status":"passed"},"line":71,"name":"Admin check that mandatory field Assessment Name is empty","match":{"location":"com.fdmgroup.admins.stepdefinitions.CreateAssessmentForm_stepdefinitions.admin_check_that_mandatory_field_assessment_name_is_empty()"},"keyword":"When "},{"result":{"duration":34065000,"status":"passed"},"line":72,"name":"Assessment Name input field should be empty","match":{"location":"com.fdmgroup.admins.stepdefinitions.CreateAssessmentForm_stepdefinitions.assessment_name_input_field_should_be_empty()"},"keyword":"Then "},{"result":{"duration":93203700,"status":"passed"},"line":73,"name":"Admin check that mandatory field Status is selected as \"Select status\" option","match":{"arguments":[{"val":"\"Select status\"","offset":55}],"location":"com.fdmgroup.admins.stepdefinitions.CreateAssessmentForm_stepdefinitions.admin_check_that_mandatory_field_status_is_selected_as_option(java.lang.String)"},"keyword":"When "},{"result":{"duration":84218100,"status":"passed"},"line":74,"name":"Status dropdown list should be selected as \"Select status\" option","match":{"arguments":[{"val":"\"Select status\"","offset":43}],"location":"com.fdmgroup.admins.stepdefinitions.CreateAssessmentForm_stepdefinitions.status_dropdown_list_should_be_selected_as_option(java.lang.String)"},"keyword":"Then "},{"result":{"duration":85186800,"status":"passed"},"line":75,"name":"Admin check that mandatory field Grade Scale is selected as \"Select Grade Scale\" option","match":{"arguments":[{"val":"\"Select Grade Scale\"","offset":60}],"location":"com.fdmgroup.admins.stepdefinitions.CreateAssessmentForm_stepdefinitions.admin_check_that_mandatory_field_grade_scale_is_selected_as_option(java.lang.String)"},"keyword":"When "},{"result":{"duration":74150500,"status":"passed"},"line":76,"name":"Grade Scale dropdown list should be selected as \"Select Grade Scale\" option","match":{"arguments":[{"val":"\"Select Grade Scale\"","offset":48}],"location":"com.fdmgroup.admins.stepdefinitions.CreateAssessmentForm_stepdefinitions.grade_scale_dropdown_list_should_be_selected_as_option(java.lang.String)"},"keyword":"Then "},{"result":{"duration":28458100,"status":"passed"},"line":77,"name":"Admin confirm that Create button is disabled","match":{"location":"com.fdmgroup.admins.stepdefinitions.CreateAssessmentForm_stepdefinitions.admin_confirm_that_create_button_is_disabled()"},"keyword":"When "},{"result":{"duration":20738400,"status":"passed"},"line":78,"name":"Create button should be disabled","match":{"location":"com.fdmgroup.admins.stepdefinitions.CreateAssessmentForm_stepdefinitions.create_button_should_be_disabled()"},"keyword":"Then "},{"result":{"duration":203230600,"status":"passed"},"line":79,"name":"Take a screenshot and saving it in \"src/test/resources/Screenshots/Sprint_2/Admins/\" as \"TMS_469_06\"","match":{"arguments":[{"val":"\"src/test/resources/Screenshots/Sprint_2/Admins/\"","offset":35},{"val":"\"TMS_469_06\"","offset":88}],"location":"com.fdmgroup.global.stepdefinitions.Hooks.take_a_screenshot_and_saving_it_in_as(java.lang.String,java.lang.String)"},"keyword":"And "}],"tags":[{"name":"@CreateAssessmentFormFeature"},{"name":"@TC_TMS469_06"}]},{"start_timestamp":"2023-08-08T16:14:34.275Z","before":[{"result":{"duration":8448900,"status":"passed"},"match":{"location":"com.fdmgroup.global.stepdefinitions.Hooks.setup()"}}],"line":82,"name":"TC_TMS469_07 Test that Admin should be able to see \"Create\" button enabled when mandatory fields are filled","description":"","id":"as-an-academy-admin--i-want-to-create-an-assessment-template--so-that-i-can-start-designing-customized-assessments-from-there.;tc-tms469-07-test-that-admin-should-be-able-to-see-\"create\"-button-enabled-when-mandatory-fields-are-filled","type":"scenario","keyword":"Scenario","steps":[{"result":{"duration":987963900,"status":"passed"},"line":83,"name":"User is logged in as an Admin and navigate to Create Assessment Form page","match":{"location":"com.fdmgroup.admins.stepdefinitions.CreateAssessmentForm_stepdefinitions.user_is_logged_in_as_an_admin_and_navigate_to_create_assessment_form_page()"},"keyword":"Given "},{"result":{"duration":230742100,"status":"passed"},"line":84,"name":"Admin enter \"Test Create Button\" in Assessment Name input field","match":{"arguments":[{"val":"\"Test Create Button\"","offset":12}],"location":"com.fdmgroup.admins.stepdefinitions.CreateAssessmentForm_stepdefinitions.admin_enter_in_assessment_name_input_field(java.lang.String)"},"keyword":"When "},{"result":{"duration":75784500,"status":"passed"},"line":85,"name":"\"Test Create Button\" should be displayed in Assessment Name input field","match":{"arguments":[{"val":"\"Test Create Button\"","offset":0}],"location":"com.fdmgroup.admins.stepdefinitions.CreateAssessmentForm_stepdefinitions.should_be_displayed_in_assessment_name_input_field(java.lang.String)"},"keyword":"Then "},{"result":{"duration":97972200,"status":"passed"},"line":86,"name":"Admin click on Status dropdown list","match":{"location":"com.fdmgroup.admins.stepdefinitions.CreateAssessmentForm_stepdefinitions.admin_click_on_status_dropdown_list()"},"keyword":"When "},{"result":{"duration":60477800,"status":"passed"},"line":87,"name":"Status dropdown list should be displayed","match":{"location":"com.fdmgroup.admins.stepdefinitions.CreateAssessmentForm_stepdefinitions.status_dropdown_list_should_be_displayed()"},"keyword":"Then "},{"result":{"duration":182308800,"status":"passed"},"line":88,"name":"Admin select \"Active\" status from Status dropdown list","match":{"arguments":[{"val":"\"Active\"","offset":13}],"location":"com.fdmgroup.admins.stepdefinitions.CreateAssessmentForm_stepdefinitions.admin_select_active_status_from_status_dropdown_list(java.lang.String)"},"keyword":"When "},{"result":{"duration":115363300,"status":"passed"},"line":89,"name":"\"Active\" status should be selected","match":{"arguments":[{"val":"\"Active\"","offset":0}],"location":"com.fdmgroup.admins.stepdefinitions.CreateAssessmentForm_stepdefinitions.active_status_should_be_selected(java.lang.String)"},"keyword":"Then "},{"result":{"duration":119681400,"status":"passed"},"line":90,"name":"Admin click on Grade Scale dropdown list","match":{"location":"com.fdmgroup.admins.stepdefinitions.CreateAssessmentForm_stepdefinitions.admin_click_on_grade_scale_dropdown_list()"},"keyword":"When "},{"result":{"duration":41826700,"status":"passed"},"line":91,"name":"Grade Scale dropdown list should be displayed","match":{"location":"com.fdmgroup.admins.stepdefinitions.CreateAssessmentForm_stepdefinitions.grade_scale_dropdown_list_should_be_displayed()"},"keyword":"Then "},{"result":{"duration":161086000,"status":"passed"},"line":92,"name":"Admin select \"FDM Academy Grade Scale\" option from Grade Scale dropdown list","match":{"arguments":[{"val":"\"FDM Academy Grade Scale\"","offset":13}],"location":"com.fdmgroup.admins.stepdefinitions.CreateAssessmentForm_stepdefinitions.admin_select_option_from_grade_scale_dropdown_list(java.lang.String)"},"keyword":"When "},{"result":{"duration":105602100,"status":"passed"},"line":93,"name":"\"FDM Academy Grade Scale\" option should be selected","match":{"arguments":[{"val":"\"FDM Academy Grade Scale\"","offset":0}],"location":"com.fdmgroup.admins.stepdefinitions.CreateAssessmentForm_stepdefinitions.option_should_be_selected(java.lang.String)"},"keyword":"Then "},{"result":{"duration":28734700,"status":"passed"},"line":94,"name":"Admin confirm that Create button is enabled","match":{"location":"com.fdmgroup.admins.stepdefinitions.CreateAssessmentForm_stepdefinitions.admin_confirm_that_create_button_is_enabled()"},"keyword":"When "},{"result":{"duration":22589900,"status":"passed"},"line":95,"name":"Create button should be enabled","match":{"location":"com.fdmgroup.admins.stepdefinitions.CreateAssessmentForm_stepdefinitions.create_button_should_be_enabled()"},"keyword":"Then "},{"result":{"duration":220508600,"status":"passed"},"line":96,"name":"Take a screenshot and saving it in \"src/test/resources/Screenshots/Sprint_2/Admins/\" as \"TMS_469_07\"","match":{"arguments":[{"val":"\"src/test/resources/Screenshots/Sprint_2/Admins/\"","offset":35},{"val":"\"TMS_469_07\"","offset":88}],"location":"com.fdmgroup.global.stepdefinitions.Hooks.take_a_screenshot_and_saving_it_in_as(java.lang.String,java.lang.String)"},"keyword":"And "}],"tags":[{"name":"@CreateAssessmentFormFeature"},{"name":"@TC_TMS469_07"}]},{"start_timestamp":"2023-08-08T16:14:36.776Z","before":[{"result":{"duration":7430400,"status":"passed"},"match":{"location":"com.fdmgroup.global.stepdefinitions.Hooks.setup()"}}],"line":99,"name":"TC_TMS469_08 Test that Admin should be able to clear all fields when click on \"Cancel\" button","description":"","id":"as-an-academy-admin--i-want-to-create-an-assessment-template--so-that-i-can-start-designing-customized-assessments-from-there.;tc-tms469-08-test-that-admin-should-be-able-to-clear-all-fields-when-click-on-\"cancel\"-button","type":"scenario","keyword":"Scenario","steps":[{"result":{"duration":521353200,"status":"passed"},"line":100,"name":"User is logged in as an Admin and navigate to Create Assessment Form page","match":{"location":"com.fdmgroup.admins.stepdefinitions.CreateAssessmentForm_stepdefinitions.user_is_logged_in_as_an_admin_and_navigate_to_create_assessment_form_page()"},"keyword":"Given "},{"result":{"duration":132970600,"status":"passed"},"line":101,"name":"Admin enter \"Test Cancel Button\" in Assessment Name input field","match":{"arguments":[{"val":"\"Test Cancel Button\"","offset":12}],"location":"com.fdmgroup.admins.stepdefinitions.CreateAssessmentForm_stepdefinitions.admin_enter_in_assessment_name_input_field(java.lang.String)"},"keyword":"When "},{"result":{"duration":27769500,"status":"passed"},"line":102,"name":"\"Test Cancel Button\" should be displayed in Assessment Name input field","match":{"arguments":[{"val":"\"Test Cancel Button\"","offset":0}],"location":"com.fdmgroup.admins.stepdefinitions.CreateAssessmentForm_stepdefinitions.should_be_displayed_in_assessment_name_input_field(java.lang.String)"},"keyword":"Then "},{"result":{"duration":71095500,"status":"passed"},"line":103,"name":"Admin click on Status dropdown list","match":{"location":"com.fdmgroup.admins.stepdefinitions.CreateAssessmentForm_stepdefinitions.admin_click_on_status_dropdown_list()"},"keyword":"When "},{"result":{"duration":50555500,"status":"passed"},"line":104,"name":"Status dropdown list should be displayed","match":{"location":"com.fdmgroup.admins.stepdefinitions.CreateAssessmentForm_stepdefinitions.status_dropdown_list_should_be_displayed()"},"keyword":"Then "},{"result":{"duration":119480500,"status":"passed"},"line":105,"name":"Admin select \"Active\" status from Status dropdown list","match":{"arguments":[{"val":"\"Active\"","offset":13}],"location":"com.fdmgroup.admins.stepdefinitions.CreateAssessmentForm_stepdefinitions.admin_select_active_status_from_status_dropdown_list(java.lang.String)"},"keyword":"When "},{"result":{"duration":72457700,"status":"passed"},"line":106,"name":"\"Active\" status should be selected","match":{"arguments":[{"val":"\"Active\"","offset":0}],"location":"com.fdmgroup.admins.stepdefinitions.CreateAssessmentForm_stepdefinitions.active_status_should_be_selected(java.lang.String)"},"keyword":"Then "},{"result":{"duration":68583400,"status":"passed"},"line":107,"name":"Admin click on Grade Scale dropdown list","match":{"location":"com.fdmgroup.admins.stepdefinitions.CreateAssessmentForm_stepdefinitions.admin_click_on_grade_scale_dropdown_list()"},"keyword":"When "},{"result":{"duration":31707800,"status":"passed"},"line":108,"name":"Grade Scale dropdown list should be displayed","match":{"location":"com.fdmgroup.admins.stepdefinitions.CreateAssessmentForm_stepdefinitions.grade_scale_dropdown_list_should_be_displayed()"},"keyword":"Then "},{"result":{"duration":115066200,"status":"passed"},"line":109,"name":"Admin select \"FDM Academy Grade Scale\" option from Grade Scale dropdown list","match":{"arguments":[{"val":"\"FDM Academy Grade Scale\"","offset":13}],"location":"com.fdmgroup.admins.stepdefinitions.CreateAssessmentForm_stepdefinitions.admin_select_option_from_grade_scale_dropdown_list(java.lang.String)"},"keyword":"When "},{"result":{"duration":84295000,"status":"passed"},"line":110,"name":"\"FDM Academy Grade Scale\" option should be selected","match":{"arguments":[{"val":"\"FDM Academy Grade Scale\"","offset":0}],"location":"com.fdmgroup.admins.stepdefinitions.CreateAssessmentForm_stepdefinitions.option_should_be_selected(java.lang.String)"},"keyword":"Then "},{"result":{"duration":120402100,"status":"passed"},"line":111,"name":"Admin enter \"Test Description\" in Description input field","match":{"arguments":[{"val":"\"Test Description\"","offset":12}],"location":"com.fdmgroup.admins.stepdefinitions.CreateAssessmentForm_stepdefinitions.admin_enter_in_description_input_field(java.lang.String)"},"keyword":"When "},{"result":{"duration":30442300,"status":"passed"},"line":112,"name":"The \"Test Description\" should be entered into Description input field","match":{"arguments":[{"val":"\"Test Description\"","offset":4}],"location":"com.fdmgroup.admins.stepdefinitions.CreateAssessmentForm_stepdefinitions.the_should_be_entered_into_description_input_field(java.lang.String)"},"keyword":"Then "},{"result":{"duration":147082100,"status":"passed"},"line":113,"name":"Admin enter \"Test Instructions\" in Instructions input field","match":{"arguments":[{"val":"\"Test Instructions\"","offset":12}],"location":"com.fdmgroup.admins.stepdefinitions.CreateAssessmentForm_stepdefinitions.admin_enter_in_instructions_input_field(java.lang.String)"},"keyword":"When "},{"result":{"duration":39592200,"status":"passed"},"line":114,"name":"The \"Test Instructions\" should be entered into Instructions input field","match":{"arguments":[{"val":"\"Test Instructions\"","offset":4}],"location":"com.fdmgroup.admins.stepdefinitions.CreateAssessmentForm_stepdefinitions.the_should_be_entered_into_instructions_input_field(java.lang.String)"},"keyword":"Then "},{"result":{"duration":61122000,"status":"passed"},"line":115,"name":"Admin click on Cancel button","match":{"location":"com.fdmgroup.admins.stepdefinitions.CreateAssessmentForm_stepdefinitions.admin_click_on_cancel_button()"},"keyword":"When "},{"result":{"duration":153623300,"status":"passed"},"line":116,"name":"Data from all the fields should be cleared","match":{"location":"com.fdmgroup.admins.stepdefinitions.CreateAssessmentForm_stepdefinitions.data_from_all_the_fields_should_be_cleared()"},"keyword":"Then "},{"result":{"duration":209360700,"status":"passed"},"line":117,"name":"Take a screenshot and saving it in \"src/test/resources/Screenshots/Sprint_2/Admins/\" as \"TMS_469_08\"","match":{"arguments":[{"val":"\"src/test/resources/Screenshots/Sprint_2/Admins/\"","offset":35},{"val":"\"TMS_469_08\"","offset":88}],"location":"com.fdmgroup.global.stepdefinitions.Hooks.take_a_screenshot_and_saving_it_in_as(java.lang.String,java.lang.String)"},"keyword":"And "}],"tags":[{"name":"@CreateAssessmentFormFeature"},{"name":"@TC_TMS469_08"}]},{"start_timestamp":"2023-08-08T16:14:38.869Z","before":[{"result":{"duration":12116600,"status":"passed"},"match":{"location":"com.fdmgroup.global.stepdefinitions.Hooks.setup()"}}],"line":120,"name":"TC_TMS469_09 Test that Admin should be able to see heading on Create Assessment page","description":"","id":"as-an-academy-admin--i-want-to-create-an-assessment-template--so-that-i-can-start-designing-customized-assessments-from-there.;tc-tms469-09-test-that-admin-should-be-able-to-see-heading-on-create-assessment-page","type":"scenario","keyword":"Scenario","steps":[{"result":{"duration":277276300,"status":"passed"},"line":121,"name":"User is logged in as an Admin and navigate to Create Assessment Form page","match":{"location":"com.fdmgroup.admins.stepdefinitions.CreateAssessmentForm_stepdefinitions.user_is_logged_in_as_an_admin_and_navigate_to_create_assessment_form_page()"},"keyword":"Given "},{"result":{"duration":28588400,"status":"passed"},"line":122,"name":"Admin confirm that \"Create Assessment Form\" is displayed as a heading of the page","match":{"arguments":[{"val":"\"Create Assessment Form\"","offset":19}],"location":"com.fdmgroup.admins.stepdefinitions.CreateAssessmentForm_stepdefinitions.admin_confirm_that_is_displayed_as_a_heading_of_the_page(java.lang.String)"},"keyword":"When "},{"result":{"duration":29966900,"status":"passed"},"line":123,"name":"\"Create Assessment Form\" should be displayed as a page heading","match":{"arguments":[{"val":"\"Create Assessment Form\"","offset":0}],"location":"com.fdmgroup.admins.stepdefinitions.CreateAssessmentForm_stepdefinitions.should_be_displayed_as_a_page_heading(java.lang.String)"},"keyword":"Then "},{"result":{"duration":267764700,"status":"passed"},"line":124,"name":"Take a screenshot and saving it in \"src/test/resources/Screenshots/Sprint_2/Admins/\" as \"TMS_469_09\"","match":{"arguments":[{"val":"\"src/test/resources/Screenshots/Sprint_2/Admins/\"","offset":35},{"val":"\"TMS_469_09\"","offset":88}],"location":"com.fdmgroup.global.stepdefinitions.Hooks.take_a_screenshot_and_saving_it_in_as(java.lang.String,java.lang.String)"},"keyword":"And "}],"tags":[{"name":"@CreateAssessmentFormFeature"},{"name":"@TC_TMS469_09"}]},{"start_timestamp":"2023-08-08T16:14:39.506Z","before":[{"result":{"duration":7446600,"status":"passed"},"match":{"location":"com.fdmgroup.global.stepdefinitions.Hooks.setup()"}}],"line":127,"name":"TC_TMS469_10 Test that Admin should be able to see pop-up with text \"Assessment created successfully.\" when click on \"Create\" button","description":"","id":"as-an-academy-admin--i-want-to-create-an-assessment-template--so-that-i-can-start-designing-customized-assessments-from-there.;tc-tms469-10-test-that-admin-should-be-able-to-see-pop-up-with-text-\"assessment-created-successfully.\"-when-click-on-\"create\"-button","type":"scenario","keyword":"Scenario","steps":[{"result":{"duration":424726100,"status":"passed"},"line":128,"name":"User is logged in as an Admin and navigate to Create Assessment Form page","match":{"location":"com.fdmgroup.admins.stepdefinitions.CreateAssessmentForm_stepdefinitions.user_is_logged_in_as_an_admin_and_navigate_to_create_assessment_form_page()"},"keyword":"Given "},{"result":{"duration":121098500,"status":"passed"},"line":129,"name":"Admin enter \"Test Create Button\" in Assessment Name input field","match":{"arguments":[{"val":"\"Test Create Button\"","offset":12}],"location":"com.fdmgroup.admins.stepdefinitions.CreateAssessmentForm_stepdefinitions.admin_enter_in_assessment_name_input_field(java.lang.String)"},"keyword":"When "},{"result":{"duration":30037500,"status":"passed"},"line":130,"name":"\"Test Create Button\" should be displayed in Assessment Name input field","match":{"arguments":[{"val":"\"Test Create Button\"","offset":0}],"location":"com.fdmgroup.admins.stepdefinitions.CreateAssessmentForm_stepdefinitions.should_be_displayed_in_assessment_name_input_field(java.lang.String)"},"keyword":"Then "},{"result":{"duration":78275400,"status":"passed"},"line":131,"name":"Admin click on Status dropdown list","match":{"location":"com.fdmgroup.admins.stepdefinitions.CreateAssessmentForm_stepdefinitions.admin_click_on_status_dropdown_list()"},"keyword":"When "},{"result":{"duration":37214200,"status":"passed"},"line":132,"name":"Status dropdown list should be displayed","match":{"location":"com.fdmgroup.admins.stepdefinitions.CreateAssessmentForm_stepdefinitions.status_dropdown_list_should_be_displayed()"},"keyword":"Then "},{"result":{"duration":127695000,"status":"passed"},"line":133,"name":"Admin select \"Active\" status from Status dropdown list","match":{"arguments":[{"val":"\"Active\"","offset":13}],"location":"com.fdmgroup.admins.stepdefinitions.CreateAssessmentForm_stepdefinitions.admin_select_active_status_from_status_dropdown_list(java.lang.String)"},"keyword":"When "},{"result":{"duration":76190600,"status":"passed"},"line":134,"name":"\"Active\" status should be selected","match":{"arguments":[{"val":"\"Active\"","offset":0}],"location":"com.fdmgroup.admins.stepdefinitions.CreateAssessmentForm_stepdefinitions.active_status_should_be_selected(java.lang.String)"},"keyword":"Then "},{"result":{"duration":77738600,"status":"passed"},"line":135,"name":"Admin click on Grade Scale dropdown list","match":{"location":"com.fdmgroup.admins.stepdefinitions.CreateAssessmentForm_stepdefinitions.admin_click_on_grade_scale_dropdown_list()"},"keyword":"When "},{"result":{"duration":32957300,"status":"passed"},"line":136,"name":"Grade Scale dropdown list should be displayed","match":{"location":"com.fdmgroup.admins.stepdefinitions.CreateAssessmentForm_stepdefinitions.grade_scale_dropdown_list_should_be_displayed()"},"keyword":"Then "},{"result":{"duration":100301600,"status":"passed"},"line":137,"name":"Admin select \"FDM Academy Grade Scale\" option from Grade Scale dropdown list","match":{"arguments":[{"val":"\"FDM Academy Grade Scale\"","offset":13}],"location":"com.fdmgroup.admins.stepdefinitions.CreateAssessmentForm_stepdefinitions.admin_select_option_from_grade_scale_dropdown_list(java.lang.String)"},"keyword":"When "},{"result":{"duration":68984200,"status":"passed"},"line":138,"name":"\"FDM Academy Grade Scale\" option should be selected","match":{"arguments":[{"val":"\"FDM Academy Grade Scale\"","offset":0}],"location":"com.fdmgroup.admins.stepdefinitions.CreateAssessmentForm_stepdefinitions.option_should_be_selected(java.lang.String)"},"keyword":"Then "},{"result":{"duration":907942200,"status":"passed"},"line":139,"name":"Admin click on Create button","match":{"location":"com.fdmgroup.admins.stepdefinitions.CreateAssessmentForm_stepdefinitions.admin_click_on_create_button()"},"keyword":"When "},{"result":{"error_message":"org.junit.ComparisonFailure: expected:<[Assessment created successfully.]> but was:<[]>\r\n\tat org.junit.Assert.assertEquals(Assert.java:117)\r\n\tat org.junit.Assert.assertEquals(Assert.java:146)\r\n\tat com.fdmgroup.admins.stepdefinitions.CreateAssessmentForm_stepdefinitions.pop_up_should_be_displayed_with_text(CreateAssessmentForm_stepdefinitions.java:231)\r\n\tat .Pop-up should be displayed with text \"Assessment created successfully.\"(file:///D:/team1Testing/fdm_tms_qe_pod/src/test/resources/Features/Sprint_2/Admins/TMS_239_CreateAssessment.feature:140)\r\n","duration":64534600,"status":"failed"},"line":140,"name":"Pop-up should be displayed with text \"Assessment created successfully.\"","match":{"arguments":[{"val":"\"Assessment created successfully.\"","offset":37}],"location":"com.fdmgroup.admins.stepdefinitions.CreateAssessmentForm_stepdefinitions.pop_up_should_be_displayed_with_text(java.lang.String)"},"keyword":"Then "},{"result":{"status":"skipped"},"line":141,"name":"Take a screenshot and saving it in \"src/test/resources/Screenshots/Sprint_2/Admins/\" as \"TMS_469_10\"","match":{"arguments":[{"val":"\"src/test/resources/Screenshots/Sprint_2/Admins/\"","offset":35},{"val":"\"TMS_469_10\"","offset":88}],"location":"com.fdmgroup.global.stepdefinitions.Hooks.take_a_screenshot_and_saving_it_in_as(java.lang.String,java.lang.String)"},"keyword":"And "}],"tags":[{"name":"@CreateAssessmentFormFeature"},{"name":"@TC_TMS469_10"}]},{"start_timestamp":"2023-08-08T16:14:41.848Z","before":[{"result":{"duration":9144100,"status":"passed"},"match":{"location":"com.fdmgroup.global.stepdefinitions.Hooks.setup()"}}],"line":144,"name":"TC_TMS469_11 Test that Admin should be able to see pop-up with text \"Assessment already exists. Try different assessment name.\" when click on \"Create\" button","description":"","id":"as-an-academy-admin--i-want-to-create-an-assessment-template--so-that-i-can-start-designing-customized-assessments-from-there.;tc-tms469-11-test-that-admin-should-be-able-to-see-pop-up-with-text-\"assessment-already-exists.-try-different-assessment-name.\"-when-click-on-\"create\"-button","type":"scenario","keyword":"Scenario","steps":[{"result":{"duration":382440900,"status":"passed"},"line":145,"name":"User is logged in as an Admin and navigate to Create Assessment Form page","match":{"location":"com.fdmgroup.admins.stepdefinitions.CreateAssessmentForm_stepdefinitions.user_is_logged_in_as_an_admin_and_navigate_to_create_assessment_form_page()"},"keyword":"Given "},{"result":{"duration":174590700,"status":"passed"},"line":146,"name":"Admin enter \"Test Create Button\" in Assessment Name input field","match":{"arguments":[{"val":"\"Test Create Button\"","offset":12}],"location":"com.fdmgroup.admins.stepdefinitions.CreateAssessmentForm_stepdefinitions.admin_enter_in_assessment_name_input_field(java.lang.String)"},"keyword":"When "},{"result":{"duration":31213000,"status":"passed"},"line":147,"name":"\"Test Create Button\" should be displayed in Assessment Name input field","match":{"arguments":[{"val":"\"Test Create Button\"","offset":0}],"location":"com.fdmgroup.admins.stepdefinitions.CreateAssessmentForm_stepdefinitions.should_be_displayed_in_assessment_name_input_field(java.lang.String)"},"keyword":"Then "},{"result":{"duration":91498400,"status":"passed"},"line":148,"name":"Admin click on Status dropdown list","match":{"location":"com.fdmgroup.admins.stepdefinitions.CreateAssessmentForm_stepdefinitions.admin_click_on_status_dropdown_list()"},"keyword":"When "},{"result":{"duration":81308600,"status":"passed"},"line":149,"name":"Status dropdown list should be displayed","match":{"location":"com.fdmgroup.admins.stepdefinitions.CreateAssessmentForm_stepdefinitions.status_dropdown_list_should_be_displayed()"},"keyword":"Then "},{"result":{"duration":164988300,"status":"passed"},"line":150,"name":"Admin select \"Active\" status from Status dropdown list","match":{"arguments":[{"val":"\"Active\"","offset":13}],"location":"com.fdmgroup.admins.stepdefinitions.CreateAssessmentForm_stepdefinitions.admin_select_active_status_from_status_dropdown_list(java.lang.String)"},"keyword":"When "},{"result":{"duration":100391900,"status":"passed"},"line":151,"name":"\"Active\" status should be selected","match":{"arguments":[{"val":"\"Active\"","offset":0}],"location":"com.fdmgroup.admins.stepdefinitions.CreateAssessmentForm_stepdefinitions.active_status_should_be_selected(java.lang.String)"},"keyword":"Then "},{"result":{"duration":89477400,"status":"passed"},"line":152,"name":"Admin click on Grade Scale dropdown list","match":{"location":"com.fdmgroup.admins.stepdefinitions.CreateAssessmentForm_stepdefinitions.admin_click_on_grade_scale_dropdown_list()"},"keyword":"When "},{"result":{"duration":47469200,"status":"passed"},"line":153,"name":"Grade Scale dropdown list should be displayed","match":{"location":"com.fdmgroup.admins.stepdefinitions.CreateAssessmentForm_stepdefinitions.grade_scale_dropdown_list_should_be_displayed()"},"keyword":"Then "},{"result":{"duration":146220200,"status":"passed"},"line":154,"name":"Admin select \"FDM Academy Grade Scale\" option from Grade Scale dropdown list","match":{"arguments":[{"val":"\"FDM Academy Grade Scale\"","offset":13}],"location":"com.fdmgroup.admins.stepdefinitions.CreateAssessmentForm_stepdefinitions.admin_select_option_from_grade_scale_dropdown_list(java.lang.String)"},"keyword":"When "},{"result":{"duration":79293300,"status":"passed"},"line":155,"name":"\"FDM Academy Grade Scale\" option should be selected","match":{"arguments":[{"val":"\"FDM Academy Grade Scale\"","offset":0}],"location":"com.fdmgroup.admins.stepdefinitions.CreateAssessmentForm_stepdefinitions.option_should_be_selected(java.lang.String)"},"keyword":"Then "},{"result":{"duration":104821900,"status":"passed"},"line":156,"name":"Admin click on Create button","match":{"location":"com.fdmgroup.admins.stepdefinitions.CreateAssessmentForm_stepdefinitions.admin_click_on_create_button()"},"keyword":"When "},{"result":{"error_message":"org.junit.ComparisonFailure: expected:<[Assessment already exists. Try different assessment name.]> but was:<[]>\r\n\tat org.junit.Assert.assertEquals(Assert.java:117)\r\n\tat org.junit.Assert.assertEquals(Assert.java:146)\r\n\tat com.fdmgroup.admins.stepdefinitions.CreateAssessmentForm_stepdefinitions.pop_up_should_be_displayed_with_text(CreateAssessmentForm_stepdefinitions.java:231)\r\n\tat .Pop-up should be displayed with text \"Assessment already exists. Try different assessment name.\"(file:///D:/team1Testing/fdm_tms_qe_pod/src/test/resources/Features/Sprint_2/Admins/TMS_239_CreateAssessment.feature:157)\r\n","duration":24555000,"status":"failed"},"line":157,"name":"Pop-up should be displayed with text \"Assessment already exists. Try different assessment name.\"","match":{"arguments":[{"val":"\"Assessment already exists. Try different assessment name.\"","offset":37}],"location":"com.fdmgroup.admins.stepdefinitions.CreateAssessmentForm_stepdefinitions.pop_up_should_be_displayed_with_text(java.lang.String)"},"keyword":"Then "},{"result":{"status":"skipped"},"line":158,"name":"Take a screenshot and saving it in \"src/test/resources/Screenshots/Sprint_2/Admins/\" as \"TMS_469_11\"","match":{"arguments":[{"val":"\"src/test/resources/Screenshots/Sprint_2/Admins/\"","offset":35},{"val":"\"TMS_469_11\"","offset":88}],"location":"com.fdmgroup.global.stepdefinitions.Hooks.take_a_screenshot_and_saving_it_in_as(java.lang.String,java.lang.String)"},"keyword":"And "}],"tags":[{"name":"@CreateAssessmentFormFeature"},{"name":"@TC_TMS469_11"}]},{"start_timestamp":"2023-08-08T16:14:43.403Z","before":[{"result":{"duration":6002200,"status":"passed"},"match":{"location":"com.fdmgroup.global.stepdefinitions.Hooks.setup()"}}],"line":161,"name":"TC_TMS469_12 Test that Admin should be able to close pop-up when click on \"x\" close buton","description":"","id":"as-an-academy-admin--i-want-to-create-an-assessment-template--so-that-i-can-start-designing-customized-assessments-from-there.;tc-tms469-12-test-that-admin-should-be-able-to-close-pop-up-when-click-on-\"x\"-close-buton","type":"scenario","keyword":"Scenario","steps":[{"result":{"duration":411298300,"status":"passed"},"line":162,"name":"User is logged in as an Admin and navigate to Create Assessment Form page","match":{"location":"com.fdmgroup.admins.stepdefinitions.CreateAssessmentForm_stepdefinitions.user_is_logged_in_as_an_admin_and_navigate_to_create_assessment_form_page()"},"keyword":"Given "},{"result":{"duration":172382300,"status":"passed"},"line":163,"name":"Admin enter \"Test close Button\" in Assessment Name input field","match":{"arguments":[{"val":"\"Test close Button\"","offset":12}],"location":"com.fdmgroup.admins.stepdefinitions.CreateAssessmentForm_stepdefinitions.admin_enter_in_assessment_name_input_field(java.lang.String)"},"keyword":"When "},{"result":{"duration":29075000,"status":"passed"},"line":164,"name":"\"Test close Button\" should be displayed in Assessment Name input field","match":{"arguments":[{"val":"\"Test close Button\"","offset":0}],"location":"com.fdmgroup.admins.stepdefinitions.CreateAssessmentForm_stepdefinitions.should_be_displayed_in_assessment_name_input_field(java.lang.String)"},"keyword":"Then "},{"result":{"duration":71999700,"status":"passed"},"line":165,"name":"Admin click on Status dropdown list","match":{"location":"com.fdmgroup.admins.stepdefinitions.CreateAssessmentForm_stepdefinitions.admin_click_on_status_dropdown_list()"},"keyword":"When "},{"result":{"duration":39999300,"status":"passed"},"line":166,"name":"Status dropdown list should be displayed","match":{"location":"com.fdmgroup.admins.stepdefinitions.CreateAssessmentForm_stepdefinitions.status_dropdown_list_should_be_displayed()"},"keyword":"Then "},{"result":{"duration":140739400,"status":"passed"},"line":167,"name":"Admin select \"Active\" status from Status dropdown list","match":{"arguments":[{"val":"\"Active\"","offset":13}],"location":"com.fdmgroup.admins.stepdefinitions.CreateAssessmentForm_stepdefinitions.admin_select_active_status_from_status_dropdown_list(java.lang.String)"},"keyword":"When "},{"result":{"duration":109140800,"status":"passed"},"line":168,"name":"\"Active\" status should be selected","match":{"arguments":[{"val":"\"Active\"","offset":0}],"location":"com.fdmgroup.admins.stepdefinitions.CreateAssessmentForm_stepdefinitions.active_status_should_be_selected(java.lang.String)"},"keyword":"Then "},{"result":{"duration":104051800,"status":"passed"},"line":169,"name":"Admin click on Grade Scale dropdown list","match":{"location":"com.fdmgroup.admins.stepdefinitions.CreateAssessmentForm_stepdefinitions.admin_click_on_grade_scale_dropdown_list()"},"keyword":"When "},{"result":{"duration":88138200,"status":"passed"},"line":170,"name":"Grade Scale dropdown list should be displayed","match":{"location":"com.fdmgroup.admins.stepdefinitions.CreateAssessmentForm_stepdefinitions.grade_scale_dropdown_list_should_be_displayed()"},"keyword":"Then "},{"result":{"duration":129542000,"status":"passed"},"line":171,"name":"Admin select \"FDM Academy Grade Scale\" option from Grade Scale dropdown list","match":{"arguments":[{"val":"\"FDM Academy Grade Scale\"","offset":13}],"location":"com.fdmgroup.admins.stepdefinitions.CreateAssessmentForm_stepdefinitions.admin_select_option_from_grade_scale_dropdown_list(java.lang.String)"},"keyword":"When "},{"result":{"duration":81390000,"status":"passed"},"line":172,"name":"\"FDM Academy Grade Scale\" option should be selected","match":{"arguments":[{"val":"\"FDM Academy Grade Scale\"","offset":0}],"location":"com.fdmgroup.admins.stepdefinitions.CreateAssessmentForm_stepdefinitions.option_should_be_selected(java.lang.String)"},"keyword":"Then "},{"result":{"duration":64314000,"status":"passed"},"line":173,"name":"Admin click on Create button","match":{"location":"com.fdmgroup.admins.stepdefinitions.CreateAssessmentForm_stepdefinitions.admin_click_on_create_button()"},"keyword":"When "},{"result":{"duration":52969800,"status":"passed"},"line":174,"name":"Pop-up should be displayed with the x close button on top-right corner","match":{"location":"com.fdmgroup.admins.stepdefinitions.CreateAssessmentForm_stepdefinitions.pop_up_should_be_displayed_with_the_x_close_button_on_top_right_corner()"},"keyword":"Then "},{"result":{"duration":61700600,"status":"passed"},"line":175,"name":"Admin click on x close button","match":{"location":"com.fdmgroup.admins.stepdefinitions.CreateAssessmentForm_stepdefinitions.admin_click_on_x_close_button()"},"keyword":"When "},{"result":{"duration":27634500,"status":"passed"},"line":176,"name":"Pop-up should be closed","match":{"location":"com.fdmgroup.admins.stepdefinitions.CreateAssessmentForm_stepdefinitions.pop_up_should_be_closed()"},"keyword":"Then "},{"result":{"duration":313453500,"status":"passed"},"line":177,"name":"Take a screenshot and saving it in \"src/test/resources/Screenshots/Sprint_2/Admins/\" as \"TMS_469_12\"","match":{"arguments":[{"val":"\"src/test/resources/Screenshots/Sprint_2/Admins/\"","offset":35},{"val":"\"TMS_469_12\"","offset":88}],"location":"com.fdmgroup.global.stepdefinitions.Hooks.take_a_screenshot_and_saving_it_in_as(java.lang.String,java.lang.String)"},"keyword":"And "}],"tags":[{"name":"@CreateAssessmentFormFeature"},{"name":"@TC_TMS469_12"}]},{"start_timestamp":"2023-08-08T16:14:45.338Z","before":[{"result":{"duration":8388400,"status":"passed"},"match":{"location":"com.fdmgroup.global.stepdefinitions.Hooks.setup()"}}],"line":180,"name":"TC_TMS469_13 Test that Admin should be able to open Customize Form page when click on \"Customize Form\" button inside the pop-up","description":"","id":"as-an-academy-admin--i-want-to-create-an-assessment-template--so-that-i-can-start-designing-customized-assessments-from-there.;tc-tms469-13-test-that-admin-should-be-able-to-open-customize-form-page-when-click-on-\"customize-form\"-button-inside-the-pop-up","type":"scenario","keyword":"Scenario","steps":[{"result":{"duration":613178800,"status":"passed"},"line":181,"name":"User is logged in as an Admin and navigate to Create Assessment Form page","match":{"location":"com.fdmgroup.admins.stepdefinitions.CreateAssessmentForm_stepdefinitions.user_is_logged_in_as_an_admin_and_navigate_to_create_assessment_form_page()"},"keyword":"Given "},{"result":{"duration":191284200,"status":"passed"},"line":182,"name":"Admin enter \"Test Customize Form\" in Assessment Name input field","match":{"arguments":[{"val":"\"Test Customize Form\"","offset":12}],"location":"com.fdmgroup.admins.stepdefinitions.CreateAssessmentForm_stepdefinitions.admin_enter_in_assessment_name_input_field(java.lang.String)"},"keyword":"When "},{"result":{"duration":28462500,"status":"passed"},"line":183,"name":"\"Test Customize Form\" should be displayed in Assessment Name input field","match":{"arguments":[{"val":"\"Test Customize Form\"","offset":0}],"location":"com.fdmgroup.admins.stepdefinitions.CreateAssessmentForm_stepdefinitions.should_be_displayed_in_assessment_name_input_field(java.lang.String)"},"keyword":"Then "},{"result":{"duration":75774500,"status":"passed"},"line":184,"name":"Admin click on Status dropdown list","match":{"location":"com.fdmgroup.admins.stepdefinitions.CreateAssessmentForm_stepdefinitions.admin_click_on_status_dropdown_list()"},"keyword":"When "},{"result":{"duration":48768200,"status":"passed"},"line":185,"name":"Status dropdown list should be displayed","match":{"location":"com.fdmgroup.admins.stepdefinitions.CreateAssessmentForm_stepdefinitions.status_dropdown_list_should_be_displayed()"},"keyword":"Then "},{"result":{"duration":141786600,"status":"passed"},"line":186,"name":"Admin select \"Active\" status from Status dropdown list","match":{"arguments":[{"val":"\"Active\"","offset":13}],"location":"com.fdmgroup.admins.stepdefinitions.CreateAssessmentForm_stepdefinitions.admin_select_active_status_from_status_dropdown_list(java.lang.String)"},"keyword":"When "},{"result":{"duration":76125400,"status":"passed"},"line":187,"name":"\"Active\" status should be selected","match":{"arguments":[{"val":"\"Active\"","offset":0}],"location":"com.fdmgroup.admins.stepdefinitions.CreateAssessmentForm_stepdefinitions.active_status_should_be_selected(java.lang.String)"},"keyword":"Then "},{"result":{"duration":178377700,"status":"passed"},"line":188,"name":"Admin click on Grade Scale dropdown list","match":{"location":"com.fdmgroup.admins.stepdefinitions.CreateAssessmentForm_stepdefinitions.admin_click_on_grade_scale_dropdown_list()"},"keyword":"When "},{"result":{"duration":54147000,"status":"passed"},"line":189,"name":"Grade Scale dropdown list should be displayed","match":{"location":"com.fdmgroup.admins.stepdefinitions.CreateAssessmentForm_stepdefinitions.grade_scale_dropdown_list_should_be_displayed()"},"keyword":"Then "},{"result":{"duration":142402300,"status":"passed"},"line":190,"name":"Admin select \"FDM Academy Grade Scale\" option from Grade Scale dropdown list","match":{"arguments":[{"val":"\"FDM Academy Grade Scale\"","offset":13}],"location":"com.fdmgroup.admins.stepdefinitions.CreateAssessmentForm_stepdefinitions.admin_select_option_from_grade_scale_dropdown_list(java.lang.String)"},"keyword":"When "},{"result":{"duration":108229600,"status":"passed"},"line":191,"name":"\"FDM Academy Grade Scale\" option should be selected","match":{"arguments":[{"val":"\"FDM Academy Grade Scale\"","offset":0}],"location":"com.fdmgroup.admins.stepdefinitions.CreateAssessmentForm_stepdefinitions.option_should_be_selected(java.lang.String)"},"keyword":"Then "},{"result":{"duration":77345700,"status":"passed"},"line":192,"name":"Admin click on Create button","match":{"location":"com.fdmgroup.admins.stepdefinitions.CreateAssessmentForm_stepdefinitions.admin_click_on_create_button()"},"keyword":"When "},{"result":{"duration":31427700,"status":"passed"},"line":193,"name":"Pop-up should be displayed with Customize Form button","match":{"location":"com.fdmgroup.admins.stepdefinitions.CreateAssessmentForm_stepdefinitions.pop_up_should_be_displayed_with_customize_form_button()"},"keyword":"Then "},{"result":{"duration":82235200,"status":"passed"},"line":194,"name":"Admin click on Customize Form button","match":{"location":"com.fdmgroup.admins.stepdefinitions.CreateAssessmentForm_stepdefinitions.admin_click_on_customize_form_button()"},"keyword":"When "},{"result":{"error_message":"org.openqa.selenium.TimeoutException: java.util.concurrent.TimeoutException\nBuild info: version: '4.10.0', revision: 'c14d967899'\nSystem info: os.name: 'Windows 10', os.arch: 'amd64', os.version: '10.0', java.version: '17.0.7'\nDriver info: org.openqa.selenium.chrome.ChromeDriver\nCommand: [059dde213a00f77aed17d898e48969a4, findElement {using=xpath, value=//h2[text()='Customize Form']}]\nCapabilities {acceptInsecureCerts: false, browserName: chrome, browserVersion: 115.0.5790.171, chrome: {chromedriverVersion: 114.0.5735.90 (386bc09e8f4f..., userDataDir: C:\\Users\\SOFIA\\AppData\\Loca...}, goog:chromeOptions: {debuggerAddress: localhost:64737}, networkConnectionEnabled: false, pageLoadStrategy: normal, platformName: windows, proxy: Proxy(), se:cdp: ws://localhost:64737/devtoo..., se:cdpVersion: 115.0.5790.171, setWindowRect: true, strictFileInteractability: false, timeouts: {implicit: 0, pageLoad: 300000, script: 30000}, unhandledPromptBehavior: dismiss and notify, webauthn:extension:credBlob: true, webauthn:extension:largeBlob: true, webauthn:extension:minPinLength: true, webauthn:extension:prf: true, webauthn:virtualAuthenticators: true}\nSession ID: 059dde213a00f77aed17d898e48969a4\r\n\tat org.openqa.selenium.remote.http.netty.NettyHttpHandler.makeCall(NettyHttpHandler.java:65)\r\n\tat org.openqa.selenium.remote.http.AddSeleniumUserAgent.lambda$apply$0(AddSeleniumUserAgent.java:42)\r\n\tat org.openqa.selenium.remote.http.Filter.lambda$andFinally$1(Filter.java:55)\r\n\tat org.openqa.selenium.remote.http.netty.NettyHttpHandler.execute(NettyHttpHandler.java:48)\r\n\tat org.openqa.selenium.remote.http.AddSeleniumUserAgent.lambda$apply$0(AddSeleniumUserAgent.java:42)\r\n\tat org.openqa.selenium.remote.http.Filter.lambda$andFinally$1(Filter.java:55)\r\n\tat org.openqa.selenium.remote.http.netty.NettyClient.execute(NettyClient.java:97)\r\n\tat org.openqa.selenium.remote.HttpCommandExecutor.execute(HttpCommandExecutor.java:188)\r\n\tat org.openqa.selenium.remote.service.DriverCommandExecutor.invokeExecute(DriverCommandExecutor.java:196)\r\n\tat org.openqa.selenium.remote.service.DriverCommandExecutor.execute(DriverCommandExecutor.java:171)\r\n\tat org.openqa.selenium.remote.RemoteWebDriver.execute(RemoteWebDriver.java:531)\r\n\tat org.openqa.selenium.remote.ElementLocation$ElementFinder$2.findElement(ElementLocation.java:165)\r\n\tat org.openqa.selenium.remote.ElementLocation.findElement(ElementLocation.java:59)\r\n\tat org.openqa.selenium.remote.RemoteWebDriver.findElement(RemoteWebDriver.java:350)\r\n\tat org.openqa.selenium.remote.RemoteWebDriver.findElement(RemoteWebDriver.java:344)\r\n\tat org.openqa.selenium.support.pagefactory.DefaultElementLocator.findElement(DefaultElementLocator.java:68)\r\n\tat org.openqa.selenium.support.pagefactory.internal.LocatingElementHandler.invoke(LocatingElementHandler.java:38)\r\n\tat jdk.proxy2/jdk.proxy2.$Proxy52.isEnabled(Unknown Source)\r\n\tat com.fdmgroup.admins.pages.CreateAssessmentFormPage.isCustomizeFormTitleTextEnabled(CreateAssessmentFormPage.java:183)\r\n\tat com.fdmgroup.admins.stepdefinitions.CreateAssessmentForm_stepdefinitions.customize_form_page_should_be_displayed(CreateAssessmentForm_stepdefinitions.java:261)\r\n\tat .Customize Form page should be displayed(file:///D:/team1Testing/fdm_tms_qe_pod/src/test/resources/Features/Sprint_2/Admins/TMS_239_CreateAssessment.feature:195)\r\nCaused by: java.util.concurrent.TimeoutException\r\n\tat java.base/java.util.concurrent.CompletableFuture.timedGet(CompletableFuture.java:1960)\r\n\tat java.base/java.util.concurrent.CompletableFuture.get(CompletableFuture.java:2095)\r\n\tat org.asynchttpclient.netty.NettyResponseFuture.get(NettyResponseFuture.java:206)\r\n\tat org.openqa.selenium.remote.http.netty.NettyHttpHandler.makeCall(NettyHttpHandler.java:59)\r\n\tat org.openqa.selenium.remote.http.AddSeleniumUserAgent.lambda$apply$0(AddSeleniumUserAgent.java:42)\r\n\tat org.openqa.selenium.remote.http.Filter.lambda$andFinally$1(Filter.java:55)\r\n\tat org.openqa.selenium.remote.http.netty.NettyHttpHandler.execute(NettyHttpHandler.java:48)\r\n\tat org.openqa.selenium.remote.http.AddSeleniumUserAgent.lambda$apply$0(AddSeleniumUserAgent.java:42)\r\n\tat org.openqa.selenium.remote.http.Filter.lambda$andFinally$1(Filter.java:55)\r\n\tat org.openqa.selenium.remote.http.netty.NettyClient.execute(NettyClient.java:97)\r\n\tat org.openqa.selenium.remote.HttpCommandExecutor.execute(HttpCommandExecutor.java:188)\r\n\tat org.openqa.selenium.remote.service.DriverCommandExecutor.invokeExecute(DriverCommandExecutor.java:196)\r\n\tat org.openqa.selenium.remote.service.DriverCommandExecutor.execute(DriverCommandExecutor.java:171)\r\n\tat org.openqa.selenium.remote.RemoteWebDriver.execute(RemoteWebDriver.java:531)\r\n\tat org.openqa.selenium.remote.ElementLocation$ElementFinder$2.findElement(ElementLocation.java:165)\r\n\tat org.openqa.selenium.remote.ElementLocation.findElement(ElementLocation.java:59)\r\n\tat org.openqa.selenium.remote.RemoteWebDriver.findElement(RemoteWebDriver.java:350)\r\n\tat org.openqa.selenium.remote.RemoteWebDriver.findElement(RemoteWebDriver.java:344)\r\n\tat org.openqa.selenium.support.pagefactory.DefaultElementLocator.findElement(DefaultElementLocator.java:68)\r\n\tat org.openqa.selenium.support.pagefactory.internal.LocatingElementHandler.invoke(LocatingElementHandler.java:38)\r\n\tat jdk.proxy2/jdk.proxy2.$Proxy52.isEnabled(Unknown Source)\r\n\tat com.fdmgroup.admins.pages.CreateAssessmentFormPage.isCustomizeFormTitleTextEnabled(CreateAssessmentFormPage.java:183)\r\n\tat com.fdmgroup.admins.stepdefinitions.CreateAssessmentForm_stepdefinitions.customize_form_page_should_be_displayed(CreateAssessmentForm_stepdefinitions.java:261)\r\n\tat java.base/jdk.internal.reflect.NativeMethodAccessorImpl.invoke0(Native Method)\r\n\tat java.base/jdk.internal.reflect.NativeMethodAccessorImpl.invoke(NativeMethodAccessorImpl.java:77)\r\n\tat java.base/jdk.internal.reflect.DelegatingMethodAccessorImpl.invoke(DelegatingMethodAccessorImpl.java:43)\r\n\tat java.base/java.lang.reflect.Method.invoke(Method.java:568)\r\n\tat io.cucumber.java.Invoker.doInvoke(Invoker.java:66)\r\n\tat io.cucumber.java.Invoker.invoke(Invoker.java:24)\r\n\tat io.cucumber.java.AbstractGlueDefinition.invokeMethod(AbstractGlueDefinition.java:47)\r\n\tat io.cucumber.java.JavaStepDefinition.execute(JavaStepDefinition.java:29)\r\n\tat io.cucumber.core.runner.CoreStepDefinition.execute(CoreStepDefinition.java:66)\r\n\tat io.cucumber.core.runner.PickleStepDefinitionMatch.runStep(PickleStepDefinitionMatch.java:63)\r\n\tat io.cucumber.core.runner.ExecutionMode$1.execute(ExecutionMode.java:10)\r\n\tat io.cucumber.core.runner.TestStep.executeStep(TestStep.java:84)\r\n\tat io.cucumber.core.runner.TestStep.run(TestStep.java:56)\r\n\tat io.cucumber.core.runner.PickleStepTestStep.run(PickleStepTestStep.java:51)\r\n\tat io.cucumber.core.runner.TestCase.run(TestCase.java:84)\r\n\tat io.cucumber.core.runner.Runner.runPickle(Runner.java:75)\r\n\tat io.cucumber.junit.PickleRunners$NoStepDescriptions.lambda$run$0(PickleRunners.java:151)\r\n\tat io.cucumber.core.runtime.CucumberExecutionContext.lambda$runTestCase$5(CucumberExecutionContext.java:137)\r\n\tat io.cucumber.core.runtime.RethrowingThrowableCollector.executeAndThrow(RethrowingThrowableCollector.java:23)\r\n\tat io.cucumber.core.runtime.CucumberExecutionContext.runTestCase(CucumberExecutionContext.java:137)\r\n\tat io.cucumber.junit.PickleRunners$NoStepDescriptions.run(PickleRunners.java:148)\r\n\tat io.cucumber.junit.FeatureRunner.runChild(FeatureRunner.java:144)\r\n\tat io.cucumber.junit.FeatureRunner.runChild(FeatureRunner.java:28)\r\n\tat org.junit.runners.ParentRunner$4.run(ParentRunner.java:331)\r\n\tat org.junit.runners.ParentRunner$1.schedule(ParentRunner.java:79)\r\n\tat org.junit.runners.ParentRunner.runChildren(ParentRunner.java:329)\r\n\tat org.junit.runners.ParentRunner.access$100(ParentRunner.java:66)\r\n\tat org.junit.runners.ParentRunner$2.evaluate(ParentRunner.java:293)\r\n\tat org.junit.runners.ParentRunner$3.evaluate(ParentRunner.java:306)\r\n\tat org.junit.runners.ParentRunner.run(ParentRunner.java:413)\r\n\tat io.cucumber.junit.FeatureRunner.run(FeatureRunner.java:137)\r\n\tat io.cucumber.junit.Cucumber.runChild(Cucumber.java:196)\r\n\tat io.cucumber.junit.Cucumber.runChild(Cucumber.java:89)\r\n\tat org.junit.runners.ParentRunner$4.run(ParentRunner.java:331)\r\n\tat org.junit.runners.ParentRunner$1.schedule(ParentRunner.java:79)\r\n\tat org.junit.runners.ParentRunner.runChildren(ParentRunner.java:329)\r\n\tat org.junit.runners.ParentRunner.access$100(ParentRunner.java:66)\r\n\tat org.junit.runners.ParentRunner$2.evaluate(ParentRunner.java:293)\r\n\tat io.cucumber.core.runtime.CucumberExecutionContext.lambda$runFeatures$6(CucumberExecutionContext.java:148)\r\n\tat io.cucumber.core.runtime.CucumberExecutionContext.execute(CucumberExecutionContext.java:163)\r\n\tat io.cucumber.core.runtime.CucumberExecutionContext.runFeatures(CucumberExecutionContext.java:146)\r\n\tat io.cucumber.junit.Cucumber$StartAndFinishTestRun.evaluate(Cucumber.java:226)\r\n\tat org.junit.runners.ParentRunner$3.evaluate(ParentRunner.java:306)\r\n\tat org.junit.runners.ParentRunner.run(ParentRunner.java:413)\r\n\tat org.eclipse.jdt.internal.junit4.runner.JUnit4TestReference.run(JUnit4TestReference.java:93)\r\n\tat org.eclipse.jdt.internal.junit.runner.TestExecution.run(TestExecution.java:40)\r\n\tat org.eclipse.jdt.internal.junit.runner.RemoteTestRunner.runTests(RemoteTestRunner.java:529)\r\n\tat org.eclipse.jdt.internal.junit.runner.RemoteTestRunner.runTests(RemoteTestRunner.java:756)\r\n\tat org.eclipse.jdt.internal.junit.runner.RemoteTestRunner.run(RemoteTestRunner.java:452)\r\n\tat org.eclipse.jdt.internal.junit.runner.RemoteTestRunner.main(RemoteTestRunner.java:210)\r\n","duration":180477974000,"status":"failed"},"line":195,"name":"Customize Form page should be displayed","match":{"location":"com.fdmgroup.admins.stepdefinitions.CreateAssessmentForm_stepdefinitions.customize_form_page_should_be_displayed()"},"keyword":"Then "},{"result":{"duration":2009000,"status":"skipped"},"line":196,"name":"Take a screenshot and saving it in \"src/test/resources/Screenshots/Sprint_2/Admins/\" as \"TMS_469_13\"","match":{"arguments":[{"val":"\"src/test/resources/Screenshots/Sprint_2/Admins/\"","offset":35},{"val":"\"TMS_469_13\"","offset":88}],"location":"com.fdmgroup.global.stepdefinitions.Hooks.take_a_screenshot_and_saving_it_in_as(java.lang.String,java.lang.String)"},"keyword":"And "}],"tags":[{"name":"@CreateAssessmentFormFeature"},{"name":"@TC_TMS469_13"}]}],"name":"As an Academy Admin, I want to create an assessment template, So that I can start designing customized assessments from there.","description":"","id":"as-an-academy-admin--i-want-to-create-an-assessment-template--so-that-i-can-start-designing-customized-assessments-from-there.","keyword":"Feature","uri":"file:src/test/resources/Features/Sprint_2/Admins/TMS_239_CreateAssessment.feature","tags":[{"name":"@CreateAssessmentFormFeature","type":"Tag","location":{"line":4,"column":1}}]},{"line":1,"elements":[{"start_timestamp":"2023-08-08T16:17:48.259Z","before":[{"result":{"error_message":"org.openqa.selenium.TimeoutException: java.util.concurrent.TimeoutException\nBuild info: version: '4.10.0', revision: 'c14d967899'\nSystem info: os.name: 'Windows 10', os.arch: 'amd64', os.version: '10.0', java.version: '17.0.7'\nDriver info: org.openqa.selenium.chrome.ChromeDriver\nCommand: [059dde213a00f77aed17d898e48969a4, maximizeCurrentWindow {}]\nCapabilities {acceptInsecureCerts: false, browserName: chrome, browserVersion: 115.0.5790.171, chrome: {chromedriverVersion: 114.0.5735.90 (386bc09e8f4f..., userDataDir: C:\\Users\\SOFIA\\AppData\\Loca...}, goog:chromeOptions: {debuggerAddress: localhost:64737}, networkConnectionEnabled: false, pageLoadStrategy: normal, platformName: windows, proxy: Proxy(), se:cdp: ws://localhost:64737/devtoo..., se:cdpVersion: 115.0.5790.171, setWindowRect: true, strictFileInteractability: false, timeouts: {implicit: 0, pageLoad: 300000, script: 30000}, unhandledPromptBehavior: dismiss and notify, webauthn:extension:credBlob: true, webauthn:extension:largeBlob: true, webauthn:extension:minPinLength: true, webauthn:extension:prf: true, webauthn:virtualAuthenticators: true}\nSession ID: 059dde213a00f77aed17d898e48969a4\r\n\tat org.openqa.selenium.remote.http.netty.NettyHttpHandler.makeCall(NettyHttpHandler.java:65)\r\n\tat org.openqa.selenium.remote.http.AddSeleniumUserAgent.lambda$apply$0(AddSeleniumUserAgent.java:42)\r\n\tat org.openqa.selenium.remote.http.Filter.lambda$andFinally$1(Filter.java:55)\r\n\tat org.openqa.selenium.remote.http.netty.NettyHttpHandler.execute(NettyHttpHandler.java:48)\r\n\tat org.openqa.selenium.remote.http.AddSeleniumUserAgent.lambda$apply$0(AddSeleniumUserAgent.java:42)\r\n\tat org.openqa.selenium.remote.http.Filter.lambda$andFinally$1(Filter.java:55)\r\n\tat org.openqa.selenium.remote.http.netty.NettyClient.execute(NettyClient.java:97)\r\n\tat org.openqa.selenium.remote.HttpCommandExecutor.execute(HttpCommandExecutor.java:188)\r\n\tat org.openqa.selenium.remote.service.DriverCommandExecutor.invokeExecute(DriverCommandExecutor.java:196)\r\n\tat org.openqa.selenium.remote.service.DriverCommandExecutor.execute(DriverCommandExecutor.java:171)\r\n\tat org.openqa.selenium.remote.RemoteWebDriver.execute(RemoteWebDriver.java:531)\r\n\tat org.openqa.selenium.remote.RemoteWebDriver.execute(RemoteWebDriver.java:590)\r\n\tat org.openqa.selenium.remote.RemoteWebDriver.execute(RemoteWebDriver.java:594)\r\n\tat org.openqa.selenium.remote.RemoteWebDriver$RemoteWebDriverOptions$RemoteWindow.maximize(RemoteWebDriver.java:955)\r\n\tat com.fdmgroup.global.utilities.BrowserUtilities.maximizeWindow(BrowserUtilities.java:192)\r\n\tat com.fdmgroup.global.stepdefinitions.Hooks.setup(Hooks.java:16)\r\nCaused by: java.util.concurrent.TimeoutException\r\n\tat java.base/java.util.concurrent.CompletableFuture.timedGet(CompletableFuture.java:1960)\r\n\tat java.base/java.util.concurrent.CompletableFuture.get(CompletableFuture.java:2095)\r\n\tat org.asynchttpclient.netty.NettyResponseFuture.get(NettyResponseFuture.java:206)\r\n\tat org.openqa.selenium.remote.http.netty.NettyHttpHandler.makeCall(NettyHttpHandler.java:59)\r\n\tat org.openqa.selenium.remote.http.AddSeleniumUserAgent.lambda$apply$0(AddSeleniumUserAgent.java:42)\r\n\tat org.openqa.selenium.remote.http.Filter.lambda$andFinally$1(Filter.java:55)\r\n\tat org.openqa.selenium.remote.http.netty.NettyHttpHandler.execute(NettyHttpHandler.java:48)\r\n\tat org.openqa.selenium.remote.http.AddSeleniumUserAgent.lambda$apply$0(AddSeleniumUserAgent.java:42)\r\n\tat org.openqa.selenium.remote.http.Filter.lambda$andFinally$1(Filter.java:55)\r\n\tat org.openqa.selenium.remote.http.netty.NettyClient.execute(NettyClient.java:97)\r\n\tat org.openqa.selenium.remote.HttpCommandExecutor.execute(HttpCommandExecutor.java:188)\r\n\tat org.openqa.selenium.remote.service.DriverCommandExecutor.invokeExecute(DriverCommandExecutor.java:196)\r\n\tat org.openqa.selenium.remote.service.DriverCommandExecutor.execute(DriverCommandExecutor.java:171)\r\n\tat org.openqa.selenium.remote.RemoteWebDriver.execute(RemoteWebDriver.java:531)\r\n\tat org.openqa.selenium.remote.RemoteWebDriver.execute(RemoteWebDriver.java:590)\r\n\tat org.openqa.selenium.remote.RemoteWebDriver.execute(RemoteWebDriver.java:594)\r\n\tat org.openqa.selenium.remote.RemoteWebDriver$RemoteWebDriverOptions$RemoteWindow.maximize(RemoteWebDriver.java:955)\r\n\tat com.fdmgroup.global.utilities.BrowserUtilities.maximizeWindow(BrowserUtilities.java:192)\r\n\tat com.fdmgroup.global.stepdefinitions.Hooks.setup(Hooks.java:16)\r\n\tat java.base/jdk.internal.reflect.NativeMethodAccessorImpl.invoke0(Native Method)\r\n\tat java.base/jdk.internal.reflect.NativeMethodAccessorImpl.invoke(NativeMethodAccessorImpl.java:77)\r\n\tat java.base/jdk.internal.reflect.DelegatingMethodAccessorImpl.invoke(DelegatingMethodAccessorImpl.java:43)\r\n\tat java.base/java.lang.reflect.Method.invoke(Method.java:568)\r\n\tat io.cucumber.java.Invoker.doInvoke(Invoker.java:66)\r\n\tat io.cucumber.java.Invoker.invoke(Invoker.java:24)\r\n\tat io.cucumber.java.AbstractGlueDefinition.invokeMethod(AbstractGlueDefinition.java:47)\r\n\tat io.cucumber.java.JavaHookDefinition.execute(JavaHookDefinition.java:64)\r\n\tat io.cucumber.core.runner.CoreHookDefinition.execute(CoreHookDefinition.java:46)\r\n\tat io.cucumber.core.runner.HookDefinitionMatch.runStep(HookDefinitionMatch.java:21)\r\n\tat io.cucumber.core.runner.ExecutionMode$1.execute(ExecutionMode.java:10)\r\n\tat io.cucumber.core.runner.TestStep.executeStep(TestStep.java:84)\r\n\tat io.cucumber.core.runner.TestStep.run(TestStep.java:56)\r\n\tat io.cucumber.core.runner.TestCase.run(TestCase.java:78)\r\n\tat io.cucumber.core.runner.Runner.runPickle(Runner.java:75)\r\n\tat io.cucumber.junit.PickleRunners$NoStepDescriptions.lambda$run$0(PickleRunners.java:151)\r\n\tat io.cucumber.core.runtime.CucumberExecutionContext.lambda$runTestCase$5(CucumberExecutionContext.java:137)\r\n\tat io.cucumber.core.runtime.RethrowingThrowableCollector.executeAndThrow(RethrowingThrowableCollector.java:23)\r\n\tat io.cucumber.core.runtime.CucumberExecutionContext.runTestCase(CucumberExecutionContext.java:137)\r\n\tat io.cucumber.junit.PickleRunners$NoStepDescriptions.run(PickleRunners.java:148)\r\n\tat io.cucumber.junit.FeatureRunner.runChild(FeatureRunner.java:144)\r\n\tat io.cucumber.junit.FeatureRunner.runChild(FeatureRunner.java:28)\r\n\tat org.junit.runners.ParentRunner$4.run(ParentRunner.java:331)\r\n\tat org.junit.runners.ParentRunner$1.schedule(ParentRunner.java:79)\r\n\tat org.junit.runners.ParentRunner.runChildren(ParentRunner.java:329)\r\n\tat org.junit.runners.ParentRunner.access$100(ParentRunner.java:66)\r\n\tat org.junit.runners.ParentRunner$2.evaluate(ParentRunner.java:293)\r\n\tat org.junit.runners.ParentRunner$3.evaluate(ParentRunner.java:306)\r\n\tat org.junit.runners.ParentRunner.run(ParentRunner.java:413)\r\n\tat io.cucumber.junit.FeatureRunner.run(FeatureRunner.java:137)\r\n\tat io.cucumber.junit.Cucumber.runChild(Cucumber.java:196)\r\n\tat io.cucumber.junit.Cucumber.runChild(Cucumber.java:89)\r\n\tat org.junit.runners.ParentRunner$4.run(ParentRunner.java:331)\r\n\tat org.junit.runners.ParentRunner$1.schedule(ParentRunner.java:79)\r\n\tat org.junit.runners.ParentRunner.runChildren(ParentRunner.java:329)\r\n\tat org.junit.runners.ParentRunner.access$100(ParentRunner.java:66)\r\n\tat org.junit.runners.ParentRunner$2.evaluate(ParentRunner.java:293)\r\n\tat io.cucumber.core.runtime.CucumberExecutionContext.lambda$runFeatures$6(CucumberExecutionContext.java:148)\r\n\tat io.cucumber.core.runtime.CucumberExecutionContext.execute(CucumberExecutionContext.java:163)\r\n\tat io.cucumber.core.runtime.CucumberExecutionContext.runFeatures(CucumberExecutionContext.java:146)\r\n\tat io.cucumber.junit.Cucumber$StartAndFinishTestRun.evaluate(Cucumber.java:226)\r\n\tat org.junit.runners.ParentRunner$3.evaluate(ParentRunner.java:306)\r\n\tat org.junit.runners.ParentRunner.run(ParentRunner.java:413)\r\n\tat org.eclipse.jdt.internal.junit4.runner.JUnit4TestReference.run(JUnit4TestReference.java:93)\r\n\tat org.eclipse.jdt.internal.junit.runner.TestExecution.run(TestExecution.java:40)\r\n\tat org.eclipse.jdt.internal.junit.runner.RemoteTestRunner.runTests(RemoteTestRunner.java:529)\r\n\tat org.eclipse.jdt.internal.junit.runner.RemoteTestRunner.runTests(RemoteTestRunner.java:756)\r\n\tat org.eclipse.jdt.internal.junit.runner.RemoteTestRunner.run(RemoteTestRunner.java:452)\r\n\tat org.eclipse.jdt.internal.junit.runner.RemoteTestRunner.main(RemoteTestRunner.java:210)\r\n","duration":180639837300,"status":"failed"},"match":{"location":"com.fdmgroup.global.stepdefinitions.Hooks.setup()"}}],"line":3,"name":"TC_TMS27_01 Test that Admin can select filter button on the left top corner.","description":"","id":"sort-filter-on-start-date;tc-tms27-01-test-that-admin-can-select-filter-button-on-the-left-top-corner.","type":"scenario","keyword":"Scenario","steps":[{"result":{"duration":3991600,"status":"skipped"},"line":4,"name":"Admin clicks on calendar button on the Nav bar","match":{"location":"com.fdmgroup.admins.stepdefinitions.CalendarView_stepdefinitions.admin_clicks_on_calendar_button_on_the_nav_bar()"},"keyword":"When "},{"result":{"status":"skipped"},"line":5,"name":"Admin clicks on filter button on the right top corner","match":{"location":"com.fdmgroup.admins.stepdefinitions.CalendarView_stepdefinitions.admin_clicks_on_filter_button_on_the_right_top_corner()"},"keyword":"Then "},{"result":{"status":"skipped"},"line":6,"name":"Take a screenshot and saving it in \"src/test/resources/Screenshots/Admins/Sprint_2/\" as \"TMS_27_01\"","match":{"arguments":[{"val":"\"src/test/resources/Screenshots/Admins/Sprint_2/\"","offset":35},{"val":"\"TMS_27_01\"","offset":88}],"location":"com.fdmgroup.global.stepdefinitions.Hooks.take_a_screenshot_and_saving_it_in_as(java.lang.String,java.lang.String)"},"keyword":"And "}]},{"start_timestamp":"2023-08-08T16:20:49.089Z","before":[{"result":{"error_message":"org.openqa.selenium.TimeoutException: java.util.concurrent.TimeoutException\nBuild info: version: '4.10.0', revision: 'c14d967899'\nSystem info: os.name: 'Windows 10', os.arch: 'amd64', os.version: '10.0', java.version: '17.0.7'\nDriver info: org.openqa.selenium.chrome.ChromeDriver\nCommand: [059dde213a00f77aed17d898e48969a4, maximizeCurrentWindow {}]\nCapabilities {acceptInsecureCerts: false, browserName: chrome, browserVersion: 115.0.5790.171, chrome: {chromedriverVersion: 114.0.5735.90 (386bc09e8f4f..., userDataDir: C:\\Users\\SOFIA\\AppData\\Loca...}, goog:chromeOptions: {debuggerAddress: localhost:64737}, networkConnectionEnabled: false, pageLoadStrategy: normal, platformName: windows, proxy: Proxy(), se:cdp: ws://localhost:64737/devtoo..., se:cdpVersion: 115.0.5790.171, setWindowRect: true, strictFileInteractability: false, timeouts: {implicit: 0, pageLoad: 300000, script: 30000}, unhandledPromptBehavior: dismiss and notify, webauthn:extension:credBlob: true, webauthn:extension:largeBlob: true, webauthn:extension:minPinLength: true, webauthn:extension:prf: true, webauthn:virtualAuthenticators: true}\nSession ID: 059dde213a00f77aed17d898e48969a4\r\n\tat org.openqa.selenium.remote.http.netty.NettyHttpHandler.makeCall(NettyHttpHandler.java:65)\r\n\tat org.openqa.selenium.remote.http.AddSeleniumUserAgent.lambda$apply$0(AddSeleniumUserAgent.java:42)\r\n\tat org.openqa.selenium.remote.http.Filter.lambda$andFinally$1(Filter.java:55)\r\n\tat org.openqa.selenium.remote.http.netty.NettyHttpHandler.execute(NettyHttpHandler.java:48)\r\n\tat org.openqa.selenium.remote.http.AddSeleniumUserAgent.lambda$apply$0(AddSeleniumUserAgent.java:42)\r\n\tat org.openqa.selenium.remote.http.Filter.lambda$andFinally$1(Filter.java:55)\r\n\tat org.openqa.selenium.remote.http.netty.NettyClient.execute(NettyClient.java:97)\r\n\tat org.openqa.selenium.remote.HttpCommandExecutor.execute(HttpCommandExecutor.java:188)\r\n\tat org.openqa.selenium.remote.service.DriverCommandExecutor.invokeExecute(DriverCommandExecutor.java:196)\r\n\tat org.openqa.selenium.remote.service.DriverCommandExecutor.execute(DriverCommandExecutor.java:171)\r\n\tat org.openqa.selenium.remote.RemoteWebDriver.execute(RemoteWebDriver.java:531)\r\n\tat org.openqa.selenium.remote.RemoteWebDriver.execute(RemoteWebDriver.java:590)\r\n\tat org.openqa.selenium.remote.RemoteWebDriver.execute(RemoteWebDriver.java:594)\r\n\tat org.openqa.selenium.remote.RemoteWebDriver$RemoteWebDriverOptions$RemoteWindow.maximize(RemoteWebDriver.java:955)\r\n\tat com.fdmgroup.global.utilities.BrowserUtilities.maximizeWindow(BrowserUtilities.java:192)\r\n\tat com.fdmgroup.global.stepdefinitions.Hooks.setup(Hooks.java:16)\r\nCaused by: java.util.concurrent.TimeoutException\r\n\tat java.base/java.util.concurrent.CompletableFuture.timedGet(CompletableFuture.java:1960)\r\n\tat java.base/java.util.concurrent.CompletableFuture.get(CompletableFuture.java:2095)\r\n\tat org.asynchttpclient.netty.NettyResponseFuture.get(NettyResponseFuture.java:206)\r\n\tat org.openqa.selenium.remote.http.netty.NettyHttpHandler.makeCall(NettyHttpHandler.java:59)\r\n\tat org.openqa.selenium.remote.http.AddSeleniumUserAgent.lambda$apply$0(AddSeleniumUserAgent.java:42)\r\n\tat org.openqa.selenium.remote.http.Filter.lambda$andFinally$1(Filter.java:55)\r\n\tat org.openqa.selenium.remote.http.netty.NettyHttpHandler.execute(NettyHttpHandler.java:48)\r\n\tat org.openqa.selenium.remote.http.AddSeleniumUserAgent.lambda$apply$0(AddSeleniumUserAgent.java:42)\r\n\tat org.openqa.selenium.remote.http.Filter.lambda$andFinally$1(Filter.java:55)\r\n\tat org.openqa.selenium.remote.http.netty.NettyClient.execute(NettyClient.java:97)\r\n\tat org.openqa.selenium.remote.HttpCommandExecutor.execute(HttpCommandExecutor.java:188)\r\n\tat org.openqa.selenium.remote.service.DriverCommandExecutor.invokeExecute(DriverCommandExecutor.java:196)\r\n\tat org.openqa.selenium.remote.service.DriverCommandExecutor.execute(DriverCommandExecutor.java:171)\r\n\tat org.openqa.selenium.remote.RemoteWebDriver.execute(RemoteWebDriver.java:531)\r\n\tat org.openqa.selenium.remote.RemoteWebDriver.execute(RemoteWebDriver.java:590)\r\n\tat org.openqa.selenium.remote.RemoteWebDriver.execute(RemoteWebDriver.java:594)\r\n\tat org.openqa.selenium.remote.RemoteWebDriver$RemoteWebDriverOptions$RemoteWindow.maximize(RemoteWebDriver.java:955)\r\n\tat com.fdmgroup.global.utilities.BrowserUtilities.maximizeWindow(BrowserUtilities.java:192)\r\n\tat com.fdmgroup.global.stepdefinitions.Hooks.setup(Hooks.java:16)\r\n\tat java.base/jdk.internal.reflect.NativeMethodAccessorImpl.invoke0(Native Method)\r\n\tat java.base/jdk.internal.reflect.NativeMethodAccessorImpl.invoke(NativeMethodAccessorImpl.java:77)\r\n\tat java.base/jdk.internal.reflect.DelegatingMethodAccessorImpl.invoke(DelegatingMethodAccessorImpl.java:43)\r\n\tat java.base/java.lang.reflect.Method.invoke(Method.java:568)\r\n\tat io.cucumber.java.Invoker.doInvoke(Invoker.java:66)\r\n\tat io.cucumber.java.Invoker.invoke(Invoker.java:24)\r\n\tat io.cucumber.java.AbstractGlueDefinition.invokeMethod(AbstractGlueDefinition.java:47)\r\n\tat io.cucumber.java.JavaHookDefinition.execute(JavaHookDefinition.java:64)\r\n\tat io.cucumber.core.runner.CoreHookDefinition.execute(CoreHookDefinition.java:46)\r\n\tat io.cucumber.core.runner.HookDefinitionMatch.runStep(HookDefinitionMatch.java:21)\r\n\tat io.cucumber.core.runner.ExecutionMode$1.execute(ExecutionMode.java:10)\r\n\tat io.cucumber.core.runner.TestStep.executeStep(TestStep.java:84)\r\n\tat io.cucumber.core.runner.TestStep.run(TestStep.java:56)\r\n\tat io.cucumber.core.runner.TestCase.run(TestCase.java:78)\r\n\tat io.cucumber.core.runner.Runner.runPickle(Runner.java:75)\r\n\tat io.cucumber.junit.PickleRunners$NoStepDescriptions.lambda$run$0(PickleRunners.java:151)\r\n\tat io.cucumber.core.runtime.CucumberExecutionContext.lambda$runTestCase$5(CucumberExecutionContext.java:137)\r\n\tat io.cucumber.core.runtime.RethrowingThrowableCollector.executeAndThrow(RethrowingThrowableCollector.java:23)\r\n\tat io.cucumber.core.runtime.CucumberExecutionContext.runTestCase(CucumberExecutionContext.java:137)\r\n\tat io.cucumber.junit.PickleRunners$NoStepDescriptions.run(PickleRunners.java:148)\r\n\tat io.cucumber.junit.FeatureRunner.runChild(FeatureRunner.java:144)\r\n\tat io.cucumber.junit.FeatureRunner.runChild(FeatureRunner.java:28)\r\n\tat org.junit.runners.ParentRunner$4.run(ParentRunner.java:331)\r\n\tat org.junit.runners.ParentRunner$1.schedule(ParentRunner.java:79)\r\n\tat org.junit.runners.ParentRunner.runChildren(ParentRunner.java:329)\r\n\tat org.junit.runners.ParentRunner.access$100(ParentRunner.java:66)\r\n\tat org.junit.runners.ParentRunner$2.evaluate(ParentRunner.java:293)\r\n\tat org.junit.runners.ParentRunner$3.evaluate(ParentRunner.java:306)\r\n\tat org.junit.runners.ParentRunner.run(ParentRunner.java:413)\r\n\tat io.cucumber.junit.FeatureRunner.run(FeatureRunner.java:137)\r\n\tat io.cucumber.junit.Cucumber.runChild(Cucumber.java:196)\r\n\tat io.cucumber.junit.Cucumber.runChild(Cucumber.java:89)\r\n\tat org.junit.runners.ParentRunner$4.run(ParentRunner.java:331)\r\n\tat org.junit.runners.ParentRunner$1.schedule(ParentRunner.java:79)\r\n\tat org.junit.runners.ParentRunner.runChildren(ParentRunner.java:329)\r\n\tat org.junit.runners.ParentRunner.access$100(ParentRunner.java:66)\r\n\tat org.junit.runners.ParentRunner$2.evaluate(ParentRunner.java:293)\r\n\tat io.cucumber.core.runtime.CucumberExecutionContext.lambda$runFeatures$6(CucumberExecutionContext.java:148)\r\n\tat io.cucumber.core.runtime.CucumberExecutionContext.execute(CucumberExecutionContext.java:163)\r\n\tat io.cucumber.core.runtime.CucumberExecutionContext.runFeatures(CucumberExecutionContext.java:146)\r\n\tat io.cucumber.junit.Cucumber$StartAndFinishTestRun.evaluate(Cucumber.java:226)\r\n\tat org.junit.runners.ParentRunner$3.evaluate(ParentRunner.java:306)\r\n\tat org.junit.runners.ParentRunner.run(ParentRunner.java:413)\r\n\tat org.eclipse.jdt.internal.junit4.runner.JUnit4TestReference.run(JUnit4TestReference.java:93)\r\n\tat org.eclipse.jdt.internal.junit.runner.TestExecution.run(TestExecution.java:40)\r\n\tat org.eclipse.jdt.internal.junit.runner.RemoteTestRunner.runTests(RemoteTestRunner.java:529)\r\n\tat org.eclipse.jdt.internal.junit.runner.RemoteTestRunner.runTests(RemoteTestRunner.java:756)\r\n\tat org.eclipse.jdt.internal.junit.runner.RemoteTestRunner.run(RemoteTestRunner.java:452)\r\n\tat org.eclipse.jdt.internal.junit.runner.RemoteTestRunner.main(RemoteTestRunner.java:210)\r\n","duration":180232681700,"status":"failed"},"match":{"location":"com.fdmgroup.global.stepdefinitions.Hooks.setup()"}}],"line":8,"name":"TC_TMS27_02 Test that Admin can select specific week by navigating through the left navigator and right navigator button through a button on top right corner.","description":"","id":"sort-filter-on-start-date;tc-tms27-02-test-that-admin-can-select-specific-week-by-navigating-through-the-left-navigator-and-right-navigator-button-through-a-button-on-top-right-corner.","type":"scenario","keyword":"Scenario","steps":[{"result":{"duration":3568700,"status":"skipped"},"line":9,"name":"Admin clicks on calendar button on the Nav bar","match":{"location":"com.fdmgroup.admins.stepdefinitions.CalendarView_stepdefinitions.admin_clicks_on_calendar_button_on_the_nav_bar()"},"keyword":"When "},{"result":{"status":"skipped"},"line":10,"name":"Admin clicks on left navigator button on the center corner button","match":{"location":"com.fdmgroup.admins.stepdefinitions.CalendarView_stepdefinitions.admin_clicks_on_left_navigator_button_on_the_center_corner_button()"},"keyword":"Then "},{"result":{"status":"skipped"},"line":11,"name":"Admin clicks on right navigator button on the center corner button","match":{"location":"com.fdmgroup.admins.stepdefinitions.CalendarView_stepdefinitions.admin_clicks_on_right_navigator_button_on_the_center_corner_button()"},"keyword":"Then "},{"result":{"status":"skipped"},"line":12,"name":"Take a screenshot and saving it in \"src/test/resources/Screenshots/Admins/Sprint_2/\" as \"TMS_27_02\"","match":{"arguments":[{"val":"\"src/test/resources/Screenshots/Admins/Sprint_2/\"","offset":35},{"val":"\"TMS_27_02\"","offset":88}],"location":"com.fdmgroup.global.stepdefinitions.Hooks.take_a_screenshot_and_saving_it_in_as(java.lang.String,java.lang.String)"},"keyword":"And "}]},{"start_timestamp":"2023-08-08T16:23:49.826Z","before":[{"result":{"error_message":"org.openqa.selenium.TimeoutException: java.util.concurrent.TimeoutException\nBuild info: version: '4.10.0', revision: 'c14d967899'\nSystem info: os.name: 'Windows 10', os.arch: 'amd64', os.version: '10.0', java.version: '17.0.7'\nDriver info: org.openqa.selenium.chrome.ChromeDriver\nCommand: [059dde213a00f77aed17d898e48969a4, maximizeCurrentWindow {}]\nCapabilities {acceptInsecureCerts: false, browserName: chrome, browserVersion: 115.0.5790.171, chrome: {chromedriverVersion: 114.0.5735.90 (386bc09e8f4f..., userDataDir: C:\\Users\\SOFIA\\AppData\\Loca...}, goog:chromeOptions: {debuggerAddress: localhost:64737}, networkConnectionEnabled: false, pageLoadStrategy: normal, platformName: windows, proxy: Proxy(), se:cdp: ws://localhost:64737/devtoo..., se:cdpVersion: 115.0.5790.171, setWindowRect: true, strictFileInteractability: false, timeouts: {implicit: 0, pageLoad: 300000, script: 30000}, unhandledPromptBehavior: dismiss and notify, webauthn:extension:credBlob: true, webauthn:extension:largeBlob: true, webauthn:extension:minPinLength: true, webauthn:extension:prf: true, webauthn:virtualAuthenticators: true}\nSession ID: 059dde213a00f77aed17d898e48969a4\r\n\tat org.openqa.selenium.remote.http.netty.NettyHttpHandler.makeCall(NettyHttpHandler.java:65)\r\n\tat org.openqa.selenium.remote.http.AddSeleniumUserAgent.lambda$apply$0(AddSeleniumUserAgent.java:42)\r\n\tat org.openqa.selenium.remote.http.Filter.lambda$andFinally$1(Filter.java:55)\r\n\tat org.openqa.selenium.remote.http.netty.NettyHttpHandler.execute(NettyHttpHandler.java:48)\r\n\tat org.openqa.selenium.remote.http.AddSeleniumUserAgent.lambda$apply$0(AddSeleniumUserAgent.java:42)\r\n\tat org.openqa.selenium.remote.http.Filter.lambda$andFinally$1(Filter.java:55)\r\n\tat org.openqa.selenium.remote.http.netty.NettyClient.execute(NettyClient.java:97)\r\n\tat org.openqa.selenium.remote.HttpCommandExecutor.execute(HttpCommandExecutor.java:188)\r\n\tat org.openqa.selenium.remote.service.DriverCommandExecutor.invokeExecute(DriverCommandExecutor.java:196)\r\n\tat org.openqa.selenium.remote.service.DriverCommandExecutor.execute(DriverCommandExecutor.java:171)\r\n\tat org.openqa.selenium.remote.RemoteWebDriver.execute(RemoteWebDriver.java:531)\r\n\tat org.openqa.selenium.remote.RemoteWebDriver.execute(RemoteWebDriver.java:590)\r\n\tat org.openqa.selenium.remote.RemoteWebDriver.execute(RemoteWebDriver.java:594)\r\n\tat org.openqa.selenium.remote.RemoteWebDriver$RemoteWebDriverOptions$RemoteWindow.maximize(RemoteWebDriver.java:955)\r\n\tat com.fdmgroup.global.utilities.BrowserUtilities.maximizeWindow(BrowserUtilities.java:192)\r\n\tat com.fdmgroup.global.stepdefinitions.Hooks.setup(Hooks.java:16)\r\nCaused by: java.util.concurrent.TimeoutException\r\n\tat java.base/java.util.concurrent.CompletableFuture.timedGet(CompletableFuture.java:1960)\r\n\tat java.base/java.util.concurrent.CompletableFuture.get(CompletableFuture.java:2095)\r\n\tat org.asynchttpclient.netty.NettyResponseFuture.get(NettyResponseFuture.java:206)\r\n\tat org.openqa.selenium.remote.http.netty.NettyHttpHandler.makeCall(NettyHttpHandler.java:59)\r\n\tat org.openqa.selenium.remote.http.AddSeleniumUserAgent.lambda$apply$0(AddSeleniumUserAgent.java:42)\r\n\tat org.openqa.selenium.remote.http.Filter.lambda$andFinally$1(Filter.java:55)\r\n\tat org.openqa.selenium.remote.http.netty.NettyHttpHandler.execute(NettyHttpHandler.java:48)\r\n\tat org.openqa.selenium.remote.http.AddSeleniumUserAgent.lambda$apply$0(AddSeleniumUserAgent.java:42)\r\n\tat org.openqa.selenium.remote.http.Filter.lambda$andFinally$1(Filter.java:55)\r\n\tat org.openqa.selenium.remote.http.netty.NettyClient.execute(NettyClient.java:97)\r\n\tat org.openqa.selenium.remote.HttpCommandExecutor.execute(HttpCommandExecutor.java:188)\r\n\tat org.openqa.selenium.remote.service.DriverCommandExecutor.invokeExecute(DriverCommandExecutor.java:196)\r\n\tat org.openqa.selenium.remote.service.DriverCommandExecutor.execute(DriverCommandExecutor.java:171)\r\n\tat org.openqa.selenium.remote.RemoteWebDriver.execute(RemoteWebDriver.java:531)\r\n\tat org.openqa.selenium.remote.RemoteWebDriver.execute(RemoteWebDriver.java:590)\r\n\tat org.openqa.selenium.remote.RemoteWebDriver.execute(RemoteWebDriver.java:594)\r\n\tat org.openqa.selenium.remote.RemoteWebDriver$RemoteWebDriverOptions$RemoteWindow.maximize(RemoteWebDriver.java:955)\r\n\tat com.fdmgroup.global.utilities.BrowserUtilities.maximizeWindow(BrowserUtilities.java:192)\r\n\tat com.fdmgroup.global.stepdefinitions.Hooks.setup(Hooks.java:16)\r\n\tat java.base/jdk.internal.reflect.NativeMethodAccessorImpl.invoke0(Native Method)\r\n\tat java.base/jdk.internal.reflect.NativeMethodAccessorImpl.invoke(NativeMethodAccessorImpl.java:77)\r\n\tat java.base/jdk.internal.reflect.DelegatingMethodAccessorImpl.invoke(DelegatingMethodAccessorImpl.java:43)\r\n\tat java.base/java.lang.reflect.Method.invoke(Method.java:568)\r\n\tat io.cucumber.java.Invoker.doInvoke(Invoker.java:66)\r\n\tat io.cucumber.java.Invoker.invoke(Invoker.java:24)\r\n\tat io.cucumber.java.AbstractGlueDefinition.invokeMethod(AbstractGlueDefinition.java:47)\r\n\tat io.cucumber.java.JavaHookDefinition.execute(JavaHookDefinition.java:64)\r\n\tat io.cucumber.core.runner.CoreHookDefinition.execute(CoreHookDefinition.java:46)\r\n\tat io.cucumber.core.runner.HookDefinitionMatch.runStep(HookDefinitionMatch.java:21)\r\n\tat io.cucumber.core.runner.ExecutionMode$1.execute(ExecutionMode.java:10)\r\n\tat io.cucumber.core.runner.TestStep.executeStep(TestStep.java:84)\r\n\tat io.cucumber.core.runner.TestStep.run(TestStep.java:56)\r\n\tat io.cucumber.core.runner.TestCase.run(TestCase.java:78)\r\n\tat io.cucumber.core.runner.Runner.runPickle(Runner.java:75)\r\n\tat io.cucumber.junit.PickleRunners$NoStepDescriptions.lambda$run$0(PickleRunners.java:151)\r\n\tat io.cucumber.core.runtime.CucumberExecutionContext.lambda$runTestCase$5(CucumberExecutionContext.java:137)\r\n\tat io.cucumber.core.runtime.RethrowingThrowableCollector.executeAndThrow(RethrowingThrowableCollector.java:23)\r\n\tat io.cucumber.core.runtime.CucumberExecutionContext.runTestCase(CucumberExecutionContext.java:137)\r\n\tat io.cucumber.junit.PickleRunners$NoStepDescriptions.run(PickleRunners.java:148)\r\n\tat io.cucumber.junit.FeatureRunner.runChild(FeatureRunner.java:144)\r\n\tat io.cucumber.junit.FeatureRunner.runChild(FeatureRunner.java:28)\r\n\tat org.junit.runners.ParentRunner$4.run(ParentRunner.java:331)\r\n\tat org.junit.runners.ParentRunner$1.schedule(ParentRunner.java:79)\r\n\tat org.junit.runners.ParentRunner.runChildren(ParentRunner.java:329)\r\n\tat org.junit.runners.ParentRunner.access$100(ParentRunner.java:66)\r\n\tat org.junit.runners.ParentRunner$2.evaluate(ParentRunner.java:293)\r\n\tat org.junit.runners.ParentRunner$3.evaluate(ParentRunner.java:306)\r\n\tat org.junit.runners.ParentRunner.run(ParentRunner.java:413)\r\n\tat io.cucumber.junit.FeatureRunner.run(FeatureRunner.java:137)\r\n\tat io.cucumber.junit.Cucumber.runChild(Cucumber.java:196)\r\n\tat io.cucumber.junit.Cucumber.runChild(Cucumber.java:89)\r\n\tat org.junit.runners.ParentRunner$4.run(ParentRunner.java:331)\r\n\tat org.junit.runners.ParentRunner$1.schedule(ParentRunner.java:79)\r\n\tat org.junit.runners.ParentRunner.runChildren(ParentRunner.java:329)\r\n\tat org.junit.runners.ParentRunner.access$100(ParentRunner.java:66)\r\n\tat org.junit.runners.ParentRunner$2.evaluate(ParentRunner.java:293)\r\n\tat io.cucumber.core.runtime.CucumberExecutionContext.lambda$runFeatures$6(CucumberExecutionContext.java:148)\r\n\tat io.cucumber.core.runtime.CucumberExecutionContext.execute(CucumberExecutionContext.java:163)\r\n\tat io.cucumber.core.runtime.CucumberExecutionContext.runFeatures(CucumberExecutionContext.java:146)\r\n\tat io.cucumber.junit.Cucumber$StartAndFinishTestRun.evaluate(Cucumber.java:226)\r\n\tat org.junit.runners.ParentRunner$3.evaluate(ParentRunner.java:306)\r\n\tat org.junit.runners.ParentRunner.run(ParentRunner.java:413)\r\n\tat org.eclipse.jdt.internal.junit4.runner.JUnit4TestReference.run(JUnit4TestReference.java:93)\r\n\tat org.eclipse.jdt.internal.junit.runner.TestExecution.run(TestExecution.java:40)\r\n\tat org.eclipse.jdt.internal.junit.runner.RemoteTestRunner.runTests(RemoteTestRunner.java:529)\r\n\tat org.eclipse.jdt.internal.junit.runner.RemoteTestRunner.runTests(RemoteTestRunner.java:756)\r\n\tat org.eclipse.jdt.internal.junit.runner.RemoteTestRunner.run(RemoteTestRunner.java:452)\r\n\tat org.eclipse.jdt.internal.junit.runner.RemoteTestRunner.main(RemoteTestRunner.java:210)\r\n","duration":180428377100,"status":"failed"},"match":{"location":"com.fdmgroup.global.stepdefinitions.Hooks.setup()"}}],"line":14,"name":"TC_TMS27_03 Test that Admin can intially see  one weekly calendar","description":"","id":"sort-filter-on-start-date;tc-tms27-03-test-that-admin-can-intially-see--one-weekly-calendar","type":"scenario","keyword":"Scenario","steps":[{"result":{"duration":13188600,"status":"skipped"},"line":15,"name":"Admin clicks on calendar button on the Nav bar","match":{"location":"com.fdmgroup.admins.stepdefinitions.CalendarView_stepdefinitions.admin_clicks_on_calendar_button_on_the_nav_bar()"},"keyword":"When "},{"result":{"status":"skipped"},"line":16,"name":"Admin is on calendar page","match":{"location":"com.fdmgroup.admins.stepdefinitions.CalendarView_stepdefinitions.admin_is_on_calendar_page()"},"keyword":"Then "},{"result":{"status":"skipped"},"line":17,"name":"Take a screenshot and saving it in \"src/test/resources/Screenshots/Admins/Sprint_2/\" as \"TMS_27_03\"","match":{"arguments":[{"val":"\"src/test/resources/Screenshots/Admins/Sprint_2/\"","offset":35},{"val":"\"TMS_27_03\"","offset":88}],"location":"com.fdmgroup.global.stepdefinitions.Hooks.take_a_screenshot_and_saving_it_in_as(java.lang.String,java.lang.String)"},"keyword":"And "}]},{"start_timestamp":"2023-08-08T16:26:50.902Z","before":[{"result":{"error_message":"org.openqa.selenium.TimeoutException: java.util.concurrent.TimeoutException\nBuild info: version: '4.10.0', revision: 'c14d967899'\nSystem info: os.name: 'Windows 10', os.arch: 'amd64', os.version: '10.0', java.version: '17.0.7'\nDriver info: org.openqa.selenium.chrome.ChromeDriver\nCommand: [059dde213a00f77aed17d898e48969a4, maximizeCurrentWindow {}]\nCapabilities {acceptInsecureCerts: false, browserName: chrome, browserVersion: 115.0.5790.171, chrome: {chromedriverVersion: 114.0.5735.90 (386bc09e8f4f..., userDataDir: C:\\Users\\SOFIA\\AppData\\Loca...}, goog:chromeOptions: {debuggerAddress: localhost:64737}, networkConnectionEnabled: false, pageLoadStrategy: normal, platformName: windows, proxy: Proxy(), se:cdp: ws://localhost:64737/devtoo..., se:cdpVersion: 115.0.5790.171, setWindowRect: true, strictFileInteractability: false, timeouts: {implicit: 0, pageLoad: 300000, script: 30000}, unhandledPromptBehavior: dismiss and notify, webauthn:extension:credBlob: true, webauthn:extension:largeBlob: true, webauthn:extension:minPinLength: true, webauthn:extension:prf: true, webauthn:virtualAuthenticators: true}\nSession ID: 059dde213a00f77aed17d898e48969a4\r\n\tat org.openqa.selenium.remote.http.netty.NettyHttpHandler.makeCall(NettyHttpHandler.java:65)\r\n\tat org.openqa.selenium.remote.http.AddSeleniumUserAgent.lambda$apply$0(AddSeleniumUserAgent.java:42)\r\n\tat org.openqa.selenium.remote.http.Filter.lambda$andFinally$1(Filter.java:55)\r\n\tat org.openqa.selenium.remote.http.netty.NettyHttpHandler.execute(NettyHttpHandler.java:48)\r\n\tat org.openqa.selenium.remote.http.AddSeleniumUserAgent.lambda$apply$0(AddSeleniumUserAgent.java:42)\r\n\tat org.openqa.selenium.remote.http.Filter.lambda$andFinally$1(Filter.java:55)\r\n\tat org.openqa.selenium.remote.http.netty.NettyClient.execute(NettyClient.java:97)\r\n\tat org.openqa.selenium.remote.HttpCommandExecutor.execute(HttpCommandExecutor.java:188)\r\n\tat org.openqa.selenium.remote.service.DriverCommandExecutor.invokeExecute(DriverCommandExecutor.java:196)\r\n\tat org.openqa.selenium.remote.service.DriverCommandExecutor.execute(DriverCommandExecutor.java:171)\r\n\tat org.openqa.selenium.remote.RemoteWebDriver.execute(RemoteWebDriver.java:531)\r\n\tat org.openqa.selenium.remote.RemoteWebDriver.execute(RemoteWebDriver.java:590)\r\n\tat org.openqa.selenium.remote.RemoteWebDriver.execute(RemoteWebDriver.java:594)\r\n\tat org.openqa.selenium.remote.RemoteWebDriver$RemoteWebDriverOptions$RemoteWindow.maximize(RemoteWebDriver.java:955)\r\n\tat com.fdmgroup.global.utilities.BrowserUtilities.maximizeWindow(BrowserUtilities.java:192)\r\n\tat com.fdmgroup.global.stepdefinitions.Hooks.setup(Hooks.java:16)\r\nCaused by: java.util.concurrent.TimeoutException\r\n\tat java.base/java.util.concurrent.CompletableFuture.timedGet(CompletableFuture.java:1960)\r\n\tat java.base/java.util.concurrent.CompletableFuture.get(CompletableFuture.java:2095)\r\n\tat org.asynchttpclient.netty.NettyResponseFuture.get(NettyResponseFuture.java:206)\r\n\tat org.openqa.selenium.remote.http.netty.NettyHttpHandler.makeCall(NettyHttpHandler.java:59)\r\n\tat org.openqa.selenium.remote.http.AddSeleniumUserAgent.lambda$apply$0(AddSeleniumUserAgent.java:42)\r\n\tat org.openqa.selenium.remote.http.Filter.lambda$andFinally$1(Filter.java:55)\r\n\tat org.openqa.selenium.remote.http.netty.NettyHttpHandler.execute(NettyHttpHandler.java:48)\r\n\tat org.openqa.selenium.remote.http.AddSeleniumUserAgent.lambda$apply$0(AddSeleniumUserAgent.java:42)\r\n\tat org.openqa.selenium.remote.http.Filter.lambda$andFinally$1(Filter.java:55)\r\n\tat org.openqa.selenium.remote.http.netty.NettyClient.execute(NettyClient.java:97)\r\n\tat org.openqa.selenium.remote.HttpCommandExecutor.execute(HttpCommandExecutor.java:188)\r\n\tat org.openqa.selenium.remote.service.DriverCommandExecutor.invokeExecute(DriverCommandExecutor.java:196)\r\n\tat org.openqa.selenium.remote.service.DriverCommandExecutor.execute(DriverCommandExecutor.java:171)\r\n\tat org.openqa.selenium.remote.RemoteWebDriver.execute(RemoteWebDriver.java:531)\r\n\tat org.openqa.selenium.remote.RemoteWebDriver.execute(RemoteWebDriver.java:590)\r\n\tat org.openqa.selenium.remote.RemoteWebDriver.execute(RemoteWebDriver.java:594)\r\n\tat org.openqa.selenium.remote.RemoteWebDriver$RemoteWebDriverOptions$RemoteWindow.maximize(RemoteWebDriver.java:955)\r\n\tat com.fdmgroup.global.utilities.BrowserUtilities.maximizeWindow(BrowserUtilities.java:192)\r\n\tat com.fdmgroup.global.stepdefinitions.Hooks.setup(Hooks.java:16)\r\n\tat jdk.internal.reflect.GeneratedMethodAccessor117.invoke(Unknown Source)\r\n\tat java.base/jdk.internal.reflect.DelegatingMethodAccessorImpl.invoke(DelegatingMethodAccessorImpl.java:43)\r\n\tat java.base/java.lang.reflect.Method.invoke(Method.java:568)\r\n\tat io.cucumber.java.Invoker.doInvoke(Invoker.java:66)\r\n\tat io.cucumber.java.Invoker.invoke(Invoker.java:24)\r\n\tat io.cucumber.java.AbstractGlueDefinition.invokeMethod(AbstractGlueDefinition.java:47)\r\n\tat io.cucumber.java.JavaHookDefinition.execute(JavaHookDefinition.java:64)\r\n\tat io.cucumber.core.runner.CoreHookDefinition.execute(CoreHookDefinition.java:46)\r\n\tat io.cucumber.core.runner.HookDefinitionMatch.runStep(HookDefinitionMatch.java:21)\r\n\tat io.cucumber.core.runner.ExecutionMode$1.execute(ExecutionMode.java:10)\r\n\tat io.cucumber.core.runner.TestStep.executeStep(TestStep.java:84)\r\n\tat io.cucumber.core.runner.TestStep.run(TestStep.java:56)\r\n\tat io.cucumber.core.runner.TestCase.run(TestCase.java:78)\r\n\tat io.cucumber.core.runner.Runner.runPickle(Runner.java:75)\r\n\tat io.cucumber.junit.PickleRunners$NoStepDescriptions.lambda$run$0(PickleRunners.java:151)\r\n\tat io.cucumber.core.runtime.CucumberExecutionContext.lambda$runTestCase$5(CucumberExecutionContext.java:137)\r\n\tat io.cucumber.core.runtime.RethrowingThrowableCollector.executeAndThrow(RethrowingThrowableCollector.java:23)\r\n\tat io.cucumber.core.runtime.CucumberExecutionContext.runTestCase(CucumberExecutionContext.java:137)\r\n\tat io.cucumber.junit.PickleRunners$NoStepDescriptions.run(PickleRunners.java:148)\r\n\tat io.cucumber.junit.FeatureRunner.runChild(FeatureRunner.java:144)\r\n\tat io.cucumber.junit.FeatureRunner.runChild(FeatureRunner.java:28)\r\n\tat org.junit.runners.ParentRunner$4.run(ParentRunner.java:331)\r\n\tat org.junit.runners.ParentRunner$1.schedule(ParentRunner.java:79)\r\n\tat org.junit.runners.ParentRunner.runChildren(ParentRunner.java:329)\r\n\tat org.junit.runners.ParentRunner.access$100(ParentRunner.java:66)\r\n\tat org.junit.runners.ParentRunner$2.evaluate(ParentRunner.java:293)\r\n\tat org.junit.runners.ParentRunner$3.evaluate(ParentRunner.java:306)\r\n\tat org.junit.runners.ParentRunner.run(ParentRunner.java:413)\r\n\tat io.cucumber.junit.FeatureRunner.run(FeatureRunner.java:137)\r\n\tat io.cucumber.junit.Cucumber.runChild(Cucumber.java:196)\r\n\tat io.cucumber.junit.Cucumber.runChild(Cucumber.java:89)\r\n\tat org.junit.runners.ParentRunner$4.run(ParentRunner.java:331)\r\n\tat org.junit.runners.ParentRunner$1.schedule(ParentRunner.java:79)\r\n\tat org.junit.runners.ParentRunner.runChildren(ParentRunner.java:329)\r\n\tat org.junit.runners.ParentRunner.access$100(ParentRunner.java:66)\r\n\tat org.junit.runners.ParentRunner$2.evaluate(ParentRunner.java:293)\r\n\tat io.cucumber.core.runtime.CucumberExecutionContext.lambda$runFeatures$6(CucumberExecutionContext.java:148)\r\n\tat io.cucumber.core.runtime.CucumberExecutionContext.execute(CucumberExecutionContext.java:163)\r\n\tat io.cucumber.core.runtime.CucumberExecutionContext.runFeatures(CucumberExecutionContext.java:146)\r\n\tat io.cucumber.junit.Cucumber$StartAndFinishTestRun.evaluate(Cucumber.java:226)\r\n\tat org.junit.runners.ParentRunner$3.evaluate(ParentRunner.java:306)\r\n\tat org.junit.runners.ParentRunner.run(ParentRunner.java:413)\r\n\tat org.eclipse.jdt.internal.junit4.runner.JUnit4TestReference.run(JUnit4TestReference.java:93)\r\n\tat org.eclipse.jdt.internal.junit.runner.TestExecution.run(TestExecution.java:40)\r\n\tat org.eclipse.jdt.internal.junit.runner.RemoteTestRunner.runTests(RemoteTestRunner.java:529)\r\n\tat org.eclipse.jdt.internal.junit.runner.RemoteTestRunner.runTests(RemoteTestRunner.java:756)\r\n\tat org.eclipse.jdt.internal.junit.runner.RemoteTestRunner.run(RemoteTestRunner.java:452)\r\n\tat org.eclipse.jdt.internal.junit.runner.RemoteTestRunner.main(RemoteTestRunner.java:210)\r\n","duration":180235251100,"status":"failed"},"match":{"location":"com.fdmgroup.global.stepdefinitions.Hooks.setup()"}}],"line":19,"name":"TC_TMS27_04 Test that Admin can see the calendar that is aligned to current date.","description":"","id":"sort-filter-on-start-date;tc-tms27-04-test-that-admin-can-see-the-calendar-that-is-aligned-to-current-date.","type":"scenario","keyword":"Scenario","steps":[{"result":{"duration":7646100,"status":"skipped"},"line":20,"name":"Admin clicks on calendar button on the Nav bar","match":{"location":"com.fdmgroup.admins.stepdefinitions.CalendarView_stepdefinitions.admin_clicks_on_calendar_button_on_the_nav_bar()"},"keyword":"When "},{"result":{"status":"skipped"},"line":21,"name":"Admin is on calendar page","match":{"location":"com.fdmgroup.admins.stepdefinitions.CalendarView_stepdefinitions.admin_is_on_calendar_page()"},"keyword":"Then "},{"result":{"status":"skipped"},"line":22,"name":"Take a screenshot and saving it in \"src/test/resources/Screenshots/Admins/Sprint_2/\" as \"TMS_27_04\"","match":{"arguments":[{"val":"\"src/test/resources/Screenshots/Admins/Sprint_2/\"","offset":35},{"val":"\"TMS_27_04\"","offset":88}],"location":"com.fdmgroup.global.stepdefinitions.Hooks.take_a_screenshot_and_saving_it_in_as(java.lang.String,java.lang.String)"},"keyword":"And "}]},{"start_timestamp":"2023-08-08T16:29:51.630Z","before":[{"result":{"error_message":"org.openqa.selenium.TimeoutException: java.util.concurrent.TimeoutException\nBuild info: version: '4.10.0', revision: 'c14d967899'\nSystem info: os.name: 'Windows 10', os.arch: 'amd64', os.version: '10.0', java.version: '17.0.7'\nDriver info: org.openqa.selenium.chrome.ChromeDriver\nCommand: [059dde213a00f77aed17d898e48969a4, maximizeCurrentWindow {}]\nCapabilities {acceptInsecureCerts: false, browserName: chrome, browserVersion: 115.0.5790.171, chrome: {chromedriverVersion: 114.0.5735.90 (386bc09e8f4f..., userDataDir: C:\\Users\\SOFIA\\AppData\\Loca...}, goog:chromeOptions: {debuggerAddress: localhost:64737}, networkConnectionEnabled: false, pageLoadStrategy: normal, platformName: windows, proxy: Proxy(), se:cdp: ws://localhost:64737/devtoo..., se:cdpVersion: 115.0.5790.171, setWindowRect: true, strictFileInteractability: false, timeouts: {implicit: 0, pageLoad: 300000, script: 30000}, unhandledPromptBehavior: dismiss and notify, webauthn:extension:credBlob: true, webauthn:extension:largeBlob: true, webauthn:extension:minPinLength: true, webauthn:extension:prf: true, webauthn:virtualAuthenticators: true}\nSession ID: 059dde213a00f77aed17d898e48969a4\r\n\tat org.openqa.selenium.remote.http.netty.NettyHttpHandler.makeCall(NettyHttpHandler.java:65)\r\n\tat org.openqa.selenium.remote.http.AddSeleniumUserAgent.lambda$apply$0(AddSeleniumUserAgent.java:42)\r\n\tat org.openqa.selenium.remote.http.Filter.lambda$andFinally$1(Filter.java:55)\r\n\tat org.openqa.selenium.remote.http.netty.NettyHttpHandler.execute(NettyHttpHandler.java:48)\r\n\tat org.openqa.selenium.remote.http.AddSeleniumUserAgent.lambda$apply$0(AddSeleniumUserAgent.java:42)\r\n\tat org.openqa.selenium.remote.http.Filter.lambda$andFinally$1(Filter.java:55)\r\n\tat org.openqa.selenium.remote.http.netty.NettyClient.execute(NettyClient.java:97)\r\n\tat org.openqa.selenium.remote.HttpCommandExecutor.execute(HttpCommandExecutor.java:188)\r\n\tat org.openqa.selenium.remote.service.DriverCommandExecutor.invokeExecute(DriverCommandExecutor.java:196)\r\n\tat org.openqa.selenium.remote.service.DriverCommandExecutor.execute(DriverCommandExecutor.java:171)\r\n\tat org.openqa.selenium.remote.RemoteWebDriver.execute(RemoteWebDriver.java:531)\r\n\tat org.openqa.selenium.remote.RemoteWebDriver.execute(RemoteWebDriver.java:590)\r\n\tat org.openqa.selenium.remote.RemoteWebDriver.execute(RemoteWebDriver.java:594)\r\n\tat org.openqa.selenium.remote.RemoteWebDriver$RemoteWebDriverOptions$RemoteWindow.maximize(RemoteWebDriver.java:955)\r\n\tat com.fdmgroup.global.utilities.BrowserUtilities.maximizeWindow(BrowserUtilities.java:192)\r\n\tat com.fdmgroup.global.stepdefinitions.Hooks.setup(Hooks.java:16)\r\nCaused by: java.util.concurrent.TimeoutException\r\n\tat java.base/java.util.concurrent.CompletableFuture.timedGet(CompletableFuture.java:1960)\r\n\tat java.base/java.util.concurrent.CompletableFuture.get(CompletableFuture.java:2095)\r\n\tat org.asynchttpclient.netty.NettyResponseFuture.get(NettyResponseFuture.java:206)\r\n\tat org.openqa.selenium.remote.http.netty.NettyHttpHandler.makeCall(NettyHttpHandler.java:59)\r\n\tat org.openqa.selenium.remote.http.AddSeleniumUserAgent.lambda$apply$0(AddSeleniumUserAgent.java:42)\r\n\tat org.openqa.selenium.remote.http.Filter.lambda$andFinally$1(Filter.java:55)\r\n\tat org.openqa.selenium.remote.http.netty.NettyHttpHandler.execute(NettyHttpHandler.java:48)\r\n\tat org.openqa.selenium.remote.http.AddSeleniumUserAgent.lambda$apply$0(AddSeleniumUserAgent.java:42)\r\n\tat org.openqa.selenium.remote.http.Filter.lambda$andFinally$1(Filter.java:55)\r\n\tat org.openqa.selenium.remote.http.netty.NettyClient.execute(NettyClient.java:97)\r\n\tat org.openqa.selenium.remote.HttpCommandExecutor.execute(HttpCommandExecutor.java:188)\r\n\tat org.openqa.selenium.remote.service.DriverCommandExecutor.invokeExecute(DriverCommandExecutor.java:196)\r\n\tat org.openqa.selenium.remote.service.DriverCommandExecutor.execute(DriverCommandExecutor.java:171)\r\n\tat org.openqa.selenium.remote.RemoteWebDriver.execute(RemoteWebDriver.java:531)\r\n\tat org.openqa.selenium.remote.RemoteWebDriver.execute(RemoteWebDriver.java:590)\r\n\tat org.openqa.selenium.remote.RemoteWebDriver.execute(RemoteWebDriver.java:594)\r\n\tat org.openqa.selenium.remote.RemoteWebDriver$RemoteWebDriverOptions$RemoteWindow.maximize(RemoteWebDriver.java:955)\r\n\tat com.fdmgroup.global.utilities.BrowserUtilities.maximizeWindow(BrowserUtilities.java:192)\r\n\tat com.fdmgroup.global.stepdefinitions.Hooks.setup(Hooks.java:16)\r\n\tat jdk.internal.reflect.GeneratedMethodAccessor117.invoke(Unknown Source)\r\n\tat java.base/jdk.internal.reflect.DelegatingMethodAccessorImpl.invoke(DelegatingMethodAccessorImpl.java:43)\r\n\tat java.base/java.lang.reflect.Method.invoke(Method.java:568)\r\n\tat io.cucumber.java.Invoker.doInvoke(Invoker.java:66)\r\n\tat io.cucumber.java.Invoker.invoke(Invoker.java:24)\r\n\tat io.cucumber.java.AbstractGlueDefinition.invokeMethod(AbstractGlueDefinition.java:47)\r\n\tat io.cucumber.java.JavaHookDefinition.execute(JavaHookDefinition.java:64)\r\n\tat io.cucumber.core.runner.CoreHookDefinition.execute(CoreHookDefinition.java:46)\r\n\tat io.cucumber.core.runner.HookDefinitionMatch.runStep(HookDefinitionMatch.java:21)\r\n\tat io.cucumber.core.runner.ExecutionMode$1.execute(ExecutionMode.java:10)\r\n\tat io.cucumber.core.runner.TestStep.executeStep(TestStep.java:84)\r\n\tat io.cucumber.core.runner.TestStep.run(TestStep.java:56)\r\n\tat io.cucumber.core.runner.TestCase.run(TestCase.java:78)\r\n\tat io.cucumber.core.runner.Runner.runPickle(Runner.java:75)\r\n\tat io.cucumber.junit.PickleRunners$NoStepDescriptions.lambda$run$0(PickleRunners.java:151)\r\n\tat io.cucumber.core.runtime.CucumberExecutionContext.lambda$runTestCase$5(CucumberExecutionContext.java:137)\r\n\tat io.cucumber.core.runtime.RethrowingThrowableCollector.executeAndThrow(RethrowingThrowableCollector.java:23)\r\n\tat io.cucumber.core.runtime.CucumberExecutionContext.runTestCase(CucumberExecutionContext.java:137)\r\n\tat io.cucumber.junit.PickleRunners$NoStepDescriptions.run(PickleRunners.java:148)\r\n\tat io.cucumber.junit.FeatureRunner.runChild(FeatureRunner.java:144)\r\n\tat io.cucumber.junit.FeatureRunner.runChild(FeatureRunner.java:28)\r\n\tat org.junit.runners.ParentRunner$4.run(ParentRunner.java:331)\r\n\tat org.junit.runners.ParentRunner$1.schedule(ParentRunner.java:79)\r\n\tat org.junit.runners.ParentRunner.runChildren(ParentRunner.java:329)\r\n\tat org.junit.runners.ParentRunner.access$100(ParentRunner.java:66)\r\n\tat org.junit.runners.ParentRunner$2.evaluate(ParentRunner.java:293)\r\n\tat org.junit.runners.ParentRunner$3.evaluate(ParentRunner.java:306)\r\n\tat org.junit.runners.ParentRunner.run(ParentRunner.java:413)\r\n\tat io.cucumber.junit.FeatureRunner.run(FeatureRunner.java:137)\r\n\tat io.cucumber.junit.Cucumber.runChild(Cucumber.java:196)\r\n\tat io.cucumber.junit.Cucumber.runChild(Cucumber.java:89)\r\n\tat org.junit.runners.ParentRunner$4.run(ParentRunner.java:331)\r\n\tat org.junit.runners.ParentRunner$1.schedule(ParentRunner.java:79)\r\n\tat org.junit.runners.ParentRunner.runChildren(ParentRunner.java:329)\r\n\tat org.junit.runners.ParentRunner.access$100(ParentRunner.java:66)\r\n\tat org.junit.runners.ParentRunner$2.evaluate(ParentRunner.java:293)\r\n\tat io.cucumber.core.runtime.CucumberExecutionContext.lambda$runFeatures$6(CucumberExecutionContext.java:148)\r\n\tat io.cucumber.core.runtime.CucumberExecutionContext.execute(CucumberExecutionContext.java:163)\r\n\tat io.cucumber.core.runtime.CucumberExecutionContext.runFeatures(CucumberExecutionContext.java:146)\r\n\tat io.cucumber.junit.Cucumber$StartAndFinishTestRun.evaluate(Cucumber.java:226)\r\n\tat org.junit.runners.ParentRunner$3.evaluate(ParentRunner.java:306)\r\n\tat org.junit.runners.ParentRunner.run(ParentRunner.java:413)\r\n\tat org.eclipse.jdt.internal.junit4.runner.JUnit4TestReference.run(JUnit4TestReference.java:93)\r\n\tat org.eclipse.jdt.internal.junit.runner.TestExecution.run(TestExecution.java:40)\r\n\tat org.eclipse.jdt.internal.junit.runner.RemoteTestRunner.runTests(RemoteTestRunner.java:529)\r\n\tat org.eclipse.jdt.internal.junit.runner.RemoteTestRunner.runTests(RemoteTestRunner.java:756)\r\n\tat org.eclipse.jdt.internal.junit.runner.RemoteTestRunner.run(RemoteTestRunner.java:452)\r\n\tat org.eclipse.jdt.internal.junit.runner.RemoteTestRunner.main(RemoteTestRunner.java:210)\r\n","duration":180209188500,"status":"failed"},"match":{"location":"com.fdmgroup.global.stepdefinitions.Hooks.setup()"}}],"line":24,"name":"TC_TMS27_05 Test that Admin can see list of Trainers name in the first Column.","description":"","id":"sort-filter-on-start-date;tc-tms27-05-test-that-admin-can-see-list-of-trainers-name-in-the-first-column.","type":"scenario","keyword":"Scenario","steps":[{"result":{"duration":2220200,"status":"skipped"},"line":25,"name":"Admin clicks on calendar button on the Nav bar","match":{"location":"com.fdmgroup.admins.stepdefinitions.CalendarView_stepdefinitions.admin_clicks_on_calendar_button_on_the_nav_bar()"},"keyword":"When "},{"result":{"status":"skipped"},"line":26,"name":"Admin is on calendar page","match":{"location":"com.fdmgroup.admins.stepdefinitions.CalendarView_stepdefinitions.admin_is_on_calendar_page()"},"keyword":"Then "},{"result":{"duration":21338700,"status":"skipped"},"line":27,"name":"Take a screenshot and saving it in \"src/test/resources/Screenshots/Admins/Sprint_2/\" as \"TMS_27_05\"","match":{"arguments":[{"val":"\"src/test/resources/Screenshots/Admins/Sprint_2/\"","offset":35},{"val":"\"TMS_27_05\"","offset":88}],"location":"com.fdmgroup.global.stepdefinitions.Hooks.take_a_screenshot_and_saving_it_in_as(java.lang.String,java.lang.String)"},"keyword":"And "}]},{"start_timestamp":"2023-08-08T16:32:52.349Z","before":[{"result":{"error_message":"org.openqa.selenium.TimeoutException: java.util.concurrent.TimeoutException\nBuild info: version: '4.10.0', revision: 'c14d967899'\nSystem info: os.name: 'Windows 10', os.arch: 'amd64', os.version: '10.0', java.version: '17.0.7'\nDriver info: org.openqa.selenium.chrome.ChromeDriver\nCommand: [059dde213a00f77aed17d898e48969a4, maximizeCurrentWindow {}]\nCapabilities {acceptInsecureCerts: false, browserName: chrome, browserVersion: 115.0.5790.171, chrome: {chromedriverVersion: 114.0.5735.90 (386bc09e8f4f..., userDataDir: C:\\Users\\SOFIA\\AppData\\Loca...}, goog:chromeOptions: {debuggerAddress: localhost:64737}, networkConnectionEnabled: false, pageLoadStrategy: normal, platformName: windows, proxy: Proxy(), se:cdp: ws://localhost:64737/devtoo..., se:cdpVersion: 115.0.5790.171, setWindowRect: true, strictFileInteractability: false, timeouts: {implicit: 0, pageLoad: 300000, script: 30000}, unhandledPromptBehavior: dismiss and notify, webauthn:extension:credBlob: true, webauthn:extension:largeBlob: true, webauthn:extension:minPinLength: true, webauthn:extension:prf: true, webauthn:virtualAuthenticators: true}\nSession ID: 059dde213a00f77aed17d898e48969a4\r\n\tat org.openqa.selenium.remote.http.netty.NettyHttpHandler.makeCall(NettyHttpHandler.java:65)\r\n\tat org.openqa.selenium.remote.http.AddSeleniumUserAgent.lambda$apply$0(AddSeleniumUserAgent.java:42)\r\n\tat org.openqa.selenium.remote.http.Filter.lambda$andFinally$1(Filter.java:55)\r\n\tat org.openqa.selenium.remote.http.netty.NettyHttpHandler.execute(NettyHttpHandler.java:48)\r\n\tat org.openqa.selenium.remote.http.AddSeleniumUserAgent.lambda$apply$0(AddSeleniumUserAgent.java:42)\r\n\tat org.openqa.selenium.remote.http.Filter.lambda$andFinally$1(Filter.java:55)\r\n\tat org.openqa.selenium.remote.http.netty.NettyClient.execute(NettyClient.java:97)\r\n\tat org.openqa.selenium.remote.HttpCommandExecutor.execute(HttpCommandExecutor.java:188)\r\n\tat org.openqa.selenium.remote.service.DriverCommandExecutor.invokeExecute(DriverCommandExecutor.java:196)\r\n\tat org.openqa.selenium.remote.service.DriverCommandExecutor.execute(DriverCommandExecutor.java:171)\r\n\tat org.openqa.selenium.remote.RemoteWebDriver.execute(RemoteWebDriver.java:531)\r\n\tat org.openqa.selenium.remote.RemoteWebDriver.execute(RemoteWebDriver.java:590)\r\n\tat org.openqa.selenium.remote.RemoteWebDriver.execute(RemoteWebDriver.java:594)\r\n\tat org.openqa.selenium.remote.RemoteWebDriver$RemoteWebDriverOptions$RemoteWindow.maximize(RemoteWebDriver.java:955)\r\n\tat com.fdmgroup.global.utilities.BrowserUtilities.maximizeWindow(BrowserUtilities.java:192)\r\n\tat com.fdmgroup.global.stepdefinitions.Hooks.setup(Hooks.java:16)\r\nCaused by: java.util.concurrent.TimeoutException\r\n\tat java.base/java.util.concurrent.CompletableFuture.timedGet(CompletableFuture.java:1960)\r\n\tat java.base/java.util.concurrent.CompletableFuture.get(CompletableFuture.java:2095)\r\n\tat org.asynchttpclient.netty.NettyResponseFuture.get(NettyResponseFuture.java:206)\r\n\tat org.openqa.selenium.remote.http.netty.NettyHttpHandler.makeCall(NettyHttpHandler.java:59)\r\n\tat org.openqa.selenium.remote.http.AddSeleniumUserAgent.lambda$apply$0(AddSeleniumUserAgent.java:42)\r\n\tat org.openqa.selenium.remote.http.Filter.lambda$andFinally$1(Filter.java:55)\r\n\tat org.openqa.selenium.remote.http.netty.NettyHttpHandler.execute(NettyHttpHandler.java:48)\r\n\tat org.openqa.selenium.remote.http.AddSeleniumUserAgent.lambda$apply$0(AddSeleniumUserAgent.java:42)\r\n\tat org.openqa.selenium.remote.http.Filter.lambda$andFinally$1(Filter.java:55)\r\n\tat org.openqa.selenium.remote.http.netty.NettyClient.execute(NettyClient.java:97)\r\n\tat org.openqa.selenium.remote.HttpCommandExecutor.execute(HttpCommandExecutor.java:188)\r\n\tat org.openqa.selenium.remote.service.DriverCommandExecutor.invokeExecute(DriverCommandExecutor.java:196)\r\n\tat org.openqa.selenium.remote.service.DriverCommandExecutor.execute(DriverCommandExecutor.java:171)\r\n\tat org.openqa.selenium.remote.RemoteWebDriver.execute(RemoteWebDriver.java:531)\r\n\tat org.openqa.selenium.remote.RemoteWebDriver.execute(RemoteWebDriver.java:590)\r\n\tat org.openqa.selenium.remote.RemoteWebDriver.execute(RemoteWebDriver.java:594)\r\n\tat org.openqa.selenium.remote.RemoteWebDriver$RemoteWebDriverOptions$RemoteWindow.maximize(RemoteWebDriver.java:955)\r\n\tat com.fdmgroup.global.utilities.BrowserUtilities.maximizeWindow(BrowserUtilities.java:192)\r\n\tat com.fdmgroup.global.stepdefinitions.Hooks.setup(Hooks.java:16)\r\n\tat jdk.internal.reflect.GeneratedMethodAccessor117.invoke(Unknown Source)\r\n\tat java.base/jdk.internal.reflect.DelegatingMethodAccessorImpl.invoke(DelegatingMethodAccessorImpl.java:43)\r\n\tat java.base/java.lang.reflect.Method.invoke(Method.java:568)\r\n\tat io.cucumber.java.Invoker.doInvoke(Invoker.java:66)\r\n\tat io.cucumber.java.Invoker.invoke(Invoker.java:24)\r\n\tat io.cucumber.java.AbstractGlueDefinition.invokeMethod(AbstractGlueDefinition.java:47)\r\n\tat io.cucumber.java.JavaHookDefinition.execute(JavaHookDefinition.java:64)\r\n\tat io.cucumber.core.runner.CoreHookDefinition.execute(CoreHookDefinition.java:46)\r\n\tat io.cucumber.core.runner.HookDefinitionMatch.runStep(HookDefinitionMatch.java:21)\r\n\tat io.cucumber.core.runner.ExecutionMode$1.execute(ExecutionMode.java:10)\r\n\tat io.cucumber.core.runner.TestStep.executeStep(TestStep.java:84)\r\n\tat io.cucumber.core.runner.TestStep.run(TestStep.java:56)\r\n\tat io.cucumber.core.runner.TestCase.run(TestCase.java:78)\r\n\tat io.cucumber.core.runner.Runner.runPickle(Runner.java:75)\r\n\tat io.cucumber.junit.PickleRunners$NoStepDescriptions.lambda$run$0(PickleRunners.java:151)\r\n\tat io.cucumber.core.runtime.CucumberExecutionContext.lambda$runTestCase$5(CucumberExecutionContext.java:137)\r\n\tat io.cucumber.core.runtime.RethrowingThrowableCollector.executeAndThrow(RethrowingThrowableCollector.java:23)\r\n\tat io.cucumber.core.runtime.CucumberExecutionContext.runTestCase(CucumberExecutionContext.java:137)\r\n\tat io.cucumber.junit.PickleRunners$NoStepDescriptions.run(PickleRunners.java:148)\r\n\tat io.cucumber.junit.FeatureRunner.runChild(FeatureRunner.java:144)\r\n\tat io.cucumber.junit.FeatureRunner.runChild(FeatureRunner.java:28)\r\n\tat org.junit.runners.ParentRunner$4.run(ParentRunner.java:331)\r\n\tat org.junit.runners.ParentRunner$1.schedule(ParentRunner.java:79)\r\n\tat org.junit.runners.ParentRunner.runChildren(ParentRunner.java:329)\r\n\tat org.junit.runners.ParentRunner.access$100(ParentRunner.java:66)\r\n\tat org.junit.runners.ParentRunner$2.evaluate(ParentRunner.java:293)\r\n\tat org.junit.runners.ParentRunner$3.evaluate(ParentRunner.java:306)\r\n\tat org.junit.runners.ParentRunner.run(ParentRunner.java:413)\r\n\tat io.cucumber.junit.FeatureRunner.run(FeatureRunner.java:137)\r\n\tat io.cucumber.junit.Cucumber.runChild(Cucumber.java:196)\r\n\tat io.cucumber.junit.Cucumber.runChild(Cucumber.java:89)\r\n\tat org.junit.runners.ParentRunner$4.run(ParentRunner.java:331)\r\n\tat org.junit.runners.ParentRunner$1.schedule(ParentRunner.java:79)\r\n\tat org.junit.runners.ParentRunner.runChildren(ParentRunner.java:329)\r\n\tat org.junit.runners.ParentRunner.access$100(ParentRunner.java:66)\r\n\tat org.junit.runners.ParentRunner$2.evaluate(ParentRunner.java:293)\r\n\tat io.cucumber.core.runtime.CucumberExecutionContext.lambda$runFeatures$6(CucumberExecutionContext.java:148)\r\n\tat io.cucumber.core.runtime.CucumberExecutionContext.execute(CucumberExecutionContext.java:163)\r\n\tat io.cucumber.core.runtime.CucumberExecutionContext.runFeatures(CucumberExecutionContext.java:146)\r\n\tat io.cucumber.junit.Cucumber$StartAndFinishTestRun.evaluate(Cucumber.java:226)\r\n\tat org.junit.runners.ParentRunner$3.evaluate(ParentRunner.java:306)\r\n\tat org.junit.runners.ParentRunner.run(ParentRunner.java:413)\r\n\tat org.eclipse.jdt.internal.junit4.runner.JUnit4TestReference.run(JUnit4TestReference.java:93)\r\n\tat org.eclipse.jdt.internal.junit.runner.TestExecution.run(TestExecution.java:40)\r\n\tat org.eclipse.jdt.internal.junit.runner.RemoteTestRunner.runTests(RemoteTestRunner.java:529)\r\n\tat org.eclipse.jdt.internal.junit.runner.RemoteTestRunner.runTests(RemoteTestRunner.java:756)\r\n\tat org.eclipse.jdt.internal.junit.runner.RemoteTestRunner.run(RemoteTestRunner.java:452)\r\n\tat org.eclipse.jdt.internal.junit.runner.RemoteTestRunner.main(RemoteTestRunner.java:210)\r\n","duration":180190076200,"status":"failed"},"match":{"location":"com.fdmgroup.global.stepdefinitions.Hooks.setup()"}}],"line":29,"name":"TC_TMS27_06 Test that Calendar has AM and PM section for each day in the date.","description":"","id":"sort-filter-on-start-date;tc-tms27-06-test-that-calendar-has-am-and-pm-section-for-each-day-in-the-date.","type":"scenario","keyword":"Scenario","steps":[{"result":{"duration":4001900,"status":"skipped"},"line":30,"name":"Admin clicks on calendar button on the Nav bar","match":{"location":"com.fdmgroup.admins.stepdefinitions.CalendarView_stepdefinitions.admin_clicks_on_calendar_button_on_the_nav_bar()"},"keyword":"When "},{"result":{"duration":1006700,"status":"skipped"},"line":31,"name":"Admin is on calendar page","match":{"location":"com.fdmgroup.admins.stepdefinitions.CalendarView_stepdefinitions.admin_is_on_calendar_page()"},"keyword":"Then "},{"result":{"status":"skipped"},"line":32,"name":"Take a screenshot and saving it in \"src/test/resources/Screenshots/Admins/Sprint_2/\" as \"TMS_27_06\"","match":{"arguments":[{"val":"\"src/test/resources/Screenshots/Admins/Sprint_2/\"","offset":35},{"val":"\"TMS_27_06\"","offset":88}],"location":"com.fdmgroup.global.stepdefinitions.Hooks.take_a_screenshot_and_saving_it_in_as(java.lang.String,java.lang.String)"},"keyword":"And "}]},{"start_timestamp":"2023-08-08T16:35:53.019Z","before":[{"result":{"error_message":"org.openqa.selenium.TimeoutException: java.util.concurrent.TimeoutException\nBuild info: version: '4.10.0', revision: 'c14d967899'\nSystem info: os.name: 'Windows 10', os.arch: 'amd64', os.version: '10.0', java.version: '17.0.7'\nDriver info: org.openqa.selenium.chrome.ChromeDriver\nCommand: [059dde213a00f77aed17d898e48969a4, maximizeCurrentWindow {}]\nCapabilities {acceptInsecureCerts: false, browserName: chrome, browserVersion: 115.0.5790.171, chrome: {chromedriverVersion: 114.0.5735.90 (386bc09e8f4f..., userDataDir: C:\\Users\\SOFIA\\AppData\\Loca...}, goog:chromeOptions: {debuggerAddress: localhost:64737}, networkConnectionEnabled: false, pageLoadStrategy: normal, platformName: windows, proxy: Proxy(), se:cdp: ws://localhost:64737/devtoo..., se:cdpVersion: 115.0.5790.171, setWindowRect: true, strictFileInteractability: false, timeouts: {implicit: 0, pageLoad: 300000, script: 30000}, unhandledPromptBehavior: dismiss and notify, webauthn:extension:credBlob: true, webauthn:extension:largeBlob: true, webauthn:extension:minPinLength: true, webauthn:extension:prf: true, webauthn:virtualAuthenticators: true}\nSession ID: 059dde213a00f77aed17d898e48969a4\r\n\tat org.openqa.selenium.remote.http.netty.NettyHttpHandler.makeCall(NettyHttpHandler.java:65)\r\n\tat org.openqa.selenium.remote.http.AddSeleniumUserAgent.lambda$apply$0(AddSeleniumUserAgent.java:42)\r\n\tat org.openqa.selenium.remote.http.Filter.lambda$andFinally$1(Filter.java:55)\r\n\tat org.openqa.selenium.remote.http.netty.NettyHttpHandler.execute(NettyHttpHandler.java:48)\r\n\tat org.openqa.selenium.remote.http.AddSeleniumUserAgent.lambda$apply$0(AddSeleniumUserAgent.java:42)\r\n\tat org.openqa.selenium.remote.http.Filter.lambda$andFinally$1(Filter.java:55)\r\n\tat org.openqa.selenium.remote.http.netty.NettyClient.execute(NettyClient.java:97)\r\n\tat org.openqa.selenium.remote.HttpCommandExecutor.execute(HttpCommandExecutor.java:188)\r\n\tat org.openqa.selenium.remote.service.DriverCommandExecutor.invokeExecute(DriverCommandExecutor.java:196)\r\n\tat org.openqa.selenium.remote.service.DriverCommandExecutor.execute(DriverCommandExecutor.java:171)\r\n\tat org.openqa.selenium.remote.RemoteWebDriver.execute(RemoteWebDriver.java:531)\r\n\tat org.openqa.selenium.remote.RemoteWebDriver.execute(RemoteWebDriver.java:590)\r\n\tat org.openqa.selenium.remote.RemoteWebDriver.execute(RemoteWebDriver.java:594)\r\n\tat org.openqa.selenium.remote.RemoteWebDriver$RemoteWebDriverOptions$RemoteWindow.maximize(RemoteWebDriver.java:955)\r\n\tat com.fdmgroup.global.utilities.BrowserUtilities.maximizeWindow(BrowserUtilities.java:192)\r\n\tat com.fdmgroup.global.stepdefinitions.Hooks.setup(Hooks.java:16)\r\nCaused by: java.util.concurrent.TimeoutException\r\n\tat java.base/java.util.concurrent.CompletableFuture.timedGet(CompletableFuture.java:1960)\r\n\tat java.base/java.util.concurrent.CompletableFuture.get(CompletableFuture.java:2095)\r\n\tat org.asynchttpclient.netty.NettyResponseFuture.get(NettyResponseFuture.java:206)\r\n\tat org.openqa.selenium.remote.http.netty.NettyHttpHandler.makeCall(NettyHttpHandler.java:59)\r\n\tat org.openqa.selenium.remote.http.AddSeleniumUserAgent.lambda$apply$0(AddSeleniumUserAgent.java:42)\r\n\tat org.openqa.selenium.remote.http.Filter.lambda$andFinally$1(Filter.java:55)\r\n\tat org.openqa.selenium.remote.http.netty.NettyHttpHandler.execute(NettyHttpHandler.java:48)\r\n\tat org.openqa.selenium.remote.http.AddSeleniumUserAgent.lambda$apply$0(AddSeleniumUserAgent.java:42)\r\n\tat org.openqa.selenium.remote.http.Filter.lambda$andFinally$1(Filter.java:55)\r\n\tat org.openqa.selenium.remote.http.netty.NettyClient.execute(NettyClient.java:97)\r\n\tat org.openqa.selenium.remote.HttpCommandExecutor.execute(HttpCommandExecutor.java:188)\r\n\tat org.openqa.selenium.remote.service.DriverCommandExecutor.invokeExecute(DriverCommandExecutor.java:196)\r\n\tat org.openqa.selenium.remote.service.DriverCommandExecutor.execute(DriverCommandExecutor.java:171)\r\n\tat org.openqa.selenium.remote.RemoteWebDriver.execute(RemoteWebDriver.java:531)\r\n\tat org.openqa.selenium.remote.RemoteWebDriver.execute(RemoteWebDriver.java:590)\r\n\tat org.openqa.selenium.remote.RemoteWebDriver.execute(RemoteWebDriver.java:594)\r\n\tat org.openqa.selenium.remote.RemoteWebDriver$RemoteWebDriverOptions$RemoteWindow.maximize(RemoteWebDriver.java:955)\r\n\tat com.fdmgroup.global.utilities.BrowserUtilities.maximizeWindow(BrowserUtilities.java:192)\r\n\tat com.fdmgroup.global.stepdefinitions.Hooks.setup(Hooks.java:16)\r\n\tat jdk.internal.reflect.GeneratedMethodAccessor117.invoke(Unknown Source)\r\n\tat java.base/jdk.internal.reflect.DelegatingMethodAccessorImpl.invoke(DelegatingMethodAccessorImpl.java:43)\r\n\tat java.base/java.lang.reflect.Method.invoke(Method.java:568)\r\n\tat io.cucumber.java.Invoker.doInvoke(Invoker.java:66)\r\n\tat io.cucumber.java.Invoker.invoke(Invoker.java:24)\r\n\tat io.cucumber.java.AbstractGlueDefinition.invokeMethod(AbstractGlueDefinition.java:47)\r\n\tat io.cucumber.java.JavaHookDefinition.execute(JavaHookDefinition.java:64)\r\n\tat io.cucumber.core.runner.CoreHookDefinition.execute(CoreHookDefinition.java:46)\r\n\tat io.cucumber.core.runner.HookDefinitionMatch.runStep(HookDefinitionMatch.java:21)\r\n\tat io.cucumber.core.runner.ExecutionMode$1.execute(ExecutionMode.java:10)\r\n\tat io.cucumber.core.runner.TestStep.executeStep(TestStep.java:84)\r\n\tat io.cucumber.core.runner.TestStep.run(TestStep.java:56)\r\n\tat io.cucumber.core.runner.TestCase.run(TestCase.java:78)\r\n\tat io.cucumber.core.runner.Runner.runPickle(Runner.java:75)\r\n\tat io.cucumber.junit.PickleRunners$NoStepDescriptions.lambda$run$0(PickleRunners.java:151)\r\n\tat io.cucumber.core.runtime.CucumberExecutionContext.lambda$runTestCase$5(CucumberExecutionContext.java:137)\r\n\tat io.cucumber.core.runtime.RethrowingThrowableCollector.executeAndThrow(RethrowingThrowableCollector.java:23)\r\n\tat io.cucumber.core.runtime.CucumberExecutionContext.runTestCase(CucumberExecutionContext.java:137)\r\n\tat io.cucumber.junit.PickleRunners$NoStepDescriptions.run(PickleRunners.java:148)\r\n\tat io.cucumber.junit.FeatureRunner.runChild(FeatureRunner.java:144)\r\n\tat io.cucumber.junit.FeatureRunner.runChild(FeatureRunner.java:28)\r\n\tat org.junit.runners.ParentRunner$4.run(ParentRunner.java:331)\r\n\tat org.junit.runners.ParentRunner$1.schedule(ParentRunner.java:79)\r\n\tat org.junit.runners.ParentRunner.runChildren(ParentRunner.java:329)\r\n\tat org.junit.runners.ParentRunner.access$100(ParentRunner.java:66)\r\n\tat org.junit.runners.ParentRunner$2.evaluate(ParentRunner.java:293)\r\n\tat org.junit.runners.ParentRunner$3.evaluate(ParentRunner.java:306)\r\n\tat org.junit.runners.ParentRunner.run(ParentRunner.java:413)\r\n\tat io.cucumber.junit.FeatureRunner.run(FeatureRunner.java:137)\r\n\tat io.cucumber.junit.Cucumber.runChild(Cucumber.java:196)\r\n\tat io.cucumber.junit.Cucumber.runChild(Cucumber.java:89)\r\n\tat org.junit.runners.ParentRunner$4.run(ParentRunner.java:331)\r\n\tat org.junit.runners.ParentRunner$1.schedule(ParentRunner.java:79)\r\n\tat org.junit.runners.ParentRunner.runChildren(ParentRunner.java:329)\r\n\tat org.junit.runners.ParentRunner.access$100(ParentRunner.java:66)\r\n\tat org.junit.runners.ParentRunner$2.evaluate(ParentRunner.java:293)\r\n\tat io.cucumber.core.runtime.CucumberExecutionContext.lambda$runFeatures$6(CucumberExecutionContext.java:148)\r\n\tat io.cucumber.core.runtime.CucumberExecutionContext.execute(CucumberExecutionContext.java:163)\r\n\tat io.cucumber.core.runtime.CucumberExecutionContext.runFeatures(CucumberExecutionContext.java:146)\r\n\tat io.cucumber.junit.Cucumber$StartAndFinishTestRun.evaluate(Cucumber.java:226)\r\n\tat org.junit.runners.ParentRunner$3.evaluate(ParentRunner.java:306)\r\n\tat org.junit.runners.ParentRunner.run(ParentRunner.java:413)\r\n\tat org.eclipse.jdt.internal.junit4.runner.JUnit4TestReference.run(JUnit4TestReference.java:93)\r\n\tat org.eclipse.jdt.internal.junit.runner.TestExecution.run(TestExecution.java:40)\r\n\tat org.eclipse.jdt.internal.junit.runner.RemoteTestRunner.runTests(RemoteTestRunner.java:529)\r\n\tat org.eclipse.jdt.internal.junit.runner.RemoteTestRunner.runTests(RemoteTestRunner.java:756)\r\n\tat org.eclipse.jdt.internal.junit.runner.RemoteTestRunner.run(RemoteTestRunner.java:452)\r\n\tat org.eclipse.jdt.internal.junit.runner.RemoteTestRunner.main(RemoteTestRunner.java:210)\r\n","duration":180227882400,"status":"failed"},"match":{"location":"com.fdmgroup.global.stepdefinitions.Hooks.setup()"}}],"line":34,"name":"TC_TMS27_07 Test that Calendar has 1 week calendar button in the right top corner.","description":"","id":"sort-filter-on-start-date;tc-tms27-07-test-that-calendar-has-1-week-calendar-button-in-the-right-top-corner.","type":"scenario","keyword":"Scenario","steps":[{"result":{"duration":4031900,"status":"skipped"},"line":35,"name":"Admin clicks on calendar button on the Nav bar","match":{"location":"com.fdmgroup.admins.stepdefinitions.CalendarView_stepdefinitions.admin_clicks_on_calendar_button_on_the_nav_bar()"},"keyword":"When "},{"result":{"status":"skipped"},"line":36,"name":"Admin clicks on One week button on right top corner","match":{"location":"com.fdmgroup.admins.stepdefinitions.CalendarView_stepdefinitions.admin_clicks_on_one_week_button_on_right_top_corner()"},"keyword":"Then "},{"result":{"status":"skipped"},"line":37,"name":"Take a screenshot and saving it in \"src/test/resources/Screenshots/Admins/Sprint_2/\" as \"TMS_27_07\"","match":{"arguments":[{"val":"\"src/test/resources/Screenshots/Admins/Sprint_2/\"","offset":35},{"val":"\"TMS_27_07\"","offset":88}],"location":"com.fdmgroup.global.stepdefinitions.Hooks.take_a_screenshot_and_saving_it_in_as(java.lang.String,java.lang.String)"},"keyword":"And "}]}],"name":"Sort Filter on Start Date","description":"","id":"sort-filter-on-start-date","keyword":"Feature","uri":"file:src/test/resources/Features/Sprint_2/Admins/TMS_27_CalendarView.feature","tags":[]}]
>>>>>>> refs/heads/TMS_POD_CALENDAR_FUNCTIONALITY
=======
[{"line":1,"elements":[{"start_timestamp":"2023-08-03T16:43:21.276Z","line":2,"name":"Failure while executing Cucumber","description":"","id":"failure;failure-while-executing-cucumber","type":"scenario","keyword":"Scenario","steps":[{"result":{"duration":0,"status":"passed"},"line":3,"name":"Cucumber failed while executing","match":{"arguments":[],"location":"io.cucumber.core.Failure.failure_while_executing_cucumber()"},"keyword":"When "},{"result":{"duration":0,"error_message":"io.cucumber.core.exception.CompositeCucumberException: There were 2 exceptions. The details are in the stacktrace below.\r\n\tat io.cucumber.core.runtime.RethrowingThrowableCollector.getThrowable(RethrowingThrowableCollector.java:57)\r\n\tat io.cucumber.core.runtime.CucumberExecutionContext.getThrowable(CucumberExecutionContext.java:109)\r\n\tat io.cucumber.core.runtime.CucumberExecutionContext.finishTestRun(CucumberExecutionContext.java:104)\r\n\tat io.cucumber.core.runtime.CucumberExecutionContext.runFeatures(CucumberExecutionContext.java:153)\r\n\tat io.cucumber.junit.Cucumber$StartAndFinishTestRun.evaluate(Cucumber.java:226)\r\n\tat org.junit.runners.ParentRunner$3.evaluate(ParentRunner.java:306)\r\n\tat org.junit.runners.ParentRunner.run(ParentRunner.java:413)\r\n\tat org.eclipse.jdt.internal.junit4.runner.JUnit4TestReference.run(JUnit4TestReference.java:93)\r\n\tat org.eclipse.jdt.internal.junit.runner.TestExecution.run(TestExecution.java:40)\r\n\tat org.eclipse.jdt.internal.junit.runner.RemoteTestRunner.runTests(RemoteTestRunner.java:529)\r\n\tat org.eclipse.jdt.internal.junit.runner.RemoteTestRunner.runTests(RemoteTestRunner.java:756)\r\n\tat org.eclipse.jdt.internal.junit.runner.RemoteTestRunner.run(RemoteTestRunner.java:452)\r\n\tat org.eclipse.jdt.internal.junit.runner.RemoteTestRunner.main(RemoteTestRunner.java:210)\r\n\tSuppressed: java.lang.UnsupportedClassVersionError: com/fdmgroup/tms/controllers/AcademyManagementController has been compiled by a more recent version of the Java Runtime (class file version 61.0), this version of the Java Runtime only recognizes class file versions up to 52.0\r\n\t\tat java.lang.ClassLoader.defineClass1(Native Method)\r\n\t\tat java.lang.ClassLoader.defineClass(ClassLoader.java:763)\r\n\t\tat java.security.SecureClassLoader.defineClass(SecureClassLoader.java:142)\r\n\t\tat java.net.URLClassLoader.defineClass(URLClassLoader.java:468)\r\n\t\tat java.net.URLClassLoader.access$100(URLClassLoader.java:74)\r\n\t\tat java.net.URLClassLoader$1.run(URLClassLoader.java:369)\r\n\t\tat java.net.URLClassLoader$1.run(URLClassLoader.java:363)\r\n\t\tat java.security.AccessController.doPrivileged(Native Method)\r\n\t\tat java.net.URLClassLoader.findClass(URLClassLoader.java:362)\r\n\t\tat java.lang.ClassLoader.loadClass(ClassLoader.java:424)\r\n\t\tat sun.misc.Launcher$AppClassLoader.loadClass(Launcher.java:349)\r\n\t\tat java.lang.ClassLoader.loadClass(ClassLoader.java:357)\r\n\t\tat io.cucumber.core.resource.ClasspathScanner.safelyLoadClass(ClasspathScanner.java:107)\r\n\t\tat io.cucumber.core.resource.ClasspathScanner.lambda$processClassFiles$5(ClasspathScanner.java:99)\r\n\t\tat io.cucumber.core.resource.PathScanner$ResourceFileVisitor.visitFile(PathScanner.java:75)\r\n\t\tat io.cucumber.core.resource.PathScanner$ResourceFileVisitor.visitFile(PathScanner.java:60)\r\n\t\tat java.nio.file.Files.walkFileTree(Files.java:2670)\r\n\t\tat io.cucumber.core.resource.PathScanner.findResourcesForPath(PathScanner.java:53)\r\n\t\tat io.cucumber.core.resource.PathScanner.findResourcesForUri(PathScanner.java:31)\r\n\t\tat io.cucumber.core.resource.ClasspathScanner.findClassesForUri(ClasspathScanner.java:73)\r\n\t\tat io.cucumber.core.resource.ClasspathScanner.lambda$findClassesForUris$3(ClasspathScanner.java:65)\r\n\t\tat java.util.stream.ReferencePipeline$3$1.accept(ReferencePipeline.java:193)\r\n\t\tat java.util.ArrayList$ArrayListSpliterator.forEachRemaining(ArrayList.java:1382)\r\n\t\tat java.util.stream.AbstractPipeline.copyInto(AbstractPipeline.java:481)\r\n\t\tat java.util.stream.AbstractPipeline.wrapAndCopyInto(AbstractPipeline.java:471)\r\n\t\tat java.util.stream.ReduceOps$ReduceOp.evaluateSequential(ReduceOps.java:708)\r\n\t\tat java.util.stream.AbstractPipeline.evaluate(AbstractPipeline.java:234)\r\n\t\tat java.util.stream.ReferencePipeline.collect(ReferencePipeline.java:499)\r\n\t\tat io.cucumber.core.resource.ClasspathScanner.findClassesForUris(ClasspathScanner.java:68)\r\n\t\tat io.cucumber.core.resource.ClasspathScanner.scanForClassesInPackage(ClasspathScanner.java:52)\r\n\t\tat io.cucumber.core.resource.ClasspathScanner.scanForClassesInPackage(ClasspathScanner.java:115)\r\n\t\tat java.util.stream.ReferencePipeline$3$1.accept(ReferencePipeline.java:193)\r\n\t\tat java.util.stream.ReferencePipeline$3$1.accept(ReferencePipeline.java:193)\r\n\t\tat java.util.stream.ReferencePipeline$2$1.accept(ReferencePipeline.java:175)\r\n\t\tat java.util.ArrayList$ArrayListSpliterator.forEachRemaining(ArrayList.java:1382)\r\n\t\tat java.util.stream.AbstractPipeline.copyInto(AbstractPipeline.java:481)\r\n\t\tat java.util.stream.AbstractPipeline.wrapAndCopyInto(AbstractPipeline.java:471)\r\n\t\tat java.util.stream.ForEachOps$ForEachOp.evaluateSequential(ForEachOps.java:151)\r\n\t\tat java.util.stream.ForEachOps$ForEachOp$OfRef.evaluateSequential(ForEachOps.java:174)\r\n\t\tat java.util.stream.AbstractPipeline.evaluate(AbstractPipeline.java:234)\r\n\t\tat java.util.stream.ReferencePipeline.forEach(ReferencePipeline.java:418)\r\n\t\tat io.cucumber.java.JavaBackend.loadGlue(JavaBackend.java:41)\r\n\t\tat io.cucumber.core.runner.Runner.<init>(Runner.java:56)\r\n\t\tat io.cucumber.core.runtime.ThreadLocalRunnerSupplier.createRunner(ThreadLocalRunnerSupplier.java:47)\r\n\t\tat java.lang.ThreadLocal$SuppliedThreadLocal.initialValue(ThreadLocal.java:284)\r\n\t\tat java.lang.ThreadLocal.setInitialValue(ThreadLocal.java:180)\r\n\t\tat java.lang.ThreadLocal.get(ThreadLocal.java:170)\r\n\t\tat io.cucumber.core.runtime.ThreadLocalRunnerSupplier.get(ThreadLocalRunnerSupplier.java:40)\r\n\t\tat io.cucumber.core.runtime.RethrowingThrowableCollector.executeAndThrow(RethrowingThrowableCollector.java:35)\r\n\t\tat io.cucumber.core.runtime.CucumberExecutionContext.getRunner(CucumberExecutionContext.java:141)\r\n\t\tat io.cucumber.core.runtime.CucumberExecutionContext.runBeforeAllHooks(CucumberExecutionContext.java:93)\r\n\t\tat io.cucumber.core.runtime.CucumberExecutionContext.lambda$runFeatures$6(CucumberExecutionContext.java:147)\r\n\t\tat io.cucumber.core.runtime.CucumberExecutionContext.execute(CucumberExecutionContext.java:163)\r\n\t\tat io.cucumber.core.runtime.CucumberExecutionContext.runFeatures(CucumberExecutionContext.java:146)\r\n\t\t... 9 more\r\n\tSuppressed: java.lang.UnsupportedClassVersionError: com/fdmgroup/tms/controllers/AcademyManagementController has been compiled by a more recent version of the Java Runtime (class file version 61.0), this version of the Java Runtime only recognizes class file versions up to 52.0\r\n\t\tat java.lang.ClassLoader.defineClass1(Native Method)\r\n\t\tat java.lang.ClassLoader.defineClass(ClassLoader.java:763)\r\n\t\tat java.security.SecureClassLoader.defineClass(SecureClassLoader.java:142)\r\n\t\tat java.net.URLClassLoader.defineClass(URLClassLoader.java:468)\r\n\t\tat java.net.URLClassLoader.access$100(URLClassLoader.java:74)\r\n\t\tat java.net.URLClassLoader$1.run(URLClassLoader.java:369)\r\n\t\tat java.net.URLClassLoader$1.run(URLClassLoader.java:363)\r\n\t\tat java.security.AccessController.doPrivileged(Native Method)\r\n\t\tat java.net.URLClassLoader.findClass(URLClassLoader.java:362)\r\n\t\tat java.lang.ClassLoader.loadClass(ClassLoader.java:424)\r\n\t\tat sun.misc.Launcher$AppClassLoader.loadClass(Launcher.java:349)\r\n\t\tat java.lang.ClassLoader.loadClass(ClassLoader.java:357)\r\n\t\tat io.cucumber.core.resource.ClasspathScanner.safelyLoadClass(ClasspathScanner.java:107)\r\n\t\tat io.cucumber.core.resource.ClasspathScanner.lambda$processClassFiles$5(ClasspathScanner.java:99)\r\n\t\tat io.cucumber.core.resource.PathScanner$ResourceFileVisitor.visitFile(PathScanner.java:75)\r\n\t\tat io.cucumber.core.resource.PathScanner$ResourceFileVisitor.visitFile(PathScanner.java:60)\r\n\t\tat java.nio.file.Files.walkFileTree(Files.java:2670)\r\n\t\tat io.cucumber.core.resource.PathScanner.findResourcesForPath(PathScanner.java:53)\r\n\t\tat io.cucumber.core.resource.PathScanner.findResourcesForUri(PathScanner.java:31)\r\n\t\tat io.cucumber.core.resource.ClasspathScanner.findClassesForUri(ClasspathScanner.java:73)\r\n\t\tat io.cucumber.core.resource.ClasspathScanner.lambda$findClassesForUris$3(ClasspathScanner.java:65)\r\n\t\tat java.util.stream.ReferencePipeline$3$1.accept(ReferencePipeline.java:193)\r\n\t\tat java.util.ArrayList$ArrayListSpliterator.forEachRemaining(ArrayList.java:1382)\r\n\t\tat java.util.stream.AbstractPipeline.copyInto(AbstractPipeline.java:481)\r\n\t\tat java.util.stream.AbstractPipeline.wrapAndCopyInto(AbstractPipeline.java:471)\r\n\t\tat java.util.stream.ReduceOps$ReduceOp.evaluateSequential(ReduceOps.java:708)\r\n\t\tat java.util.stream.AbstractPipeline.evaluate(AbstractPipeline.java:234)\r\n\t\tat java.util.stream.ReferencePipeline.collect(ReferencePipeline.java:499)\r\n\t\tat io.cucumber.core.resource.ClasspathScanner.findClassesForUris(ClasspathScanner.java:68)\r\n\t\tat io.cucumber.core.resource.ClasspathScanner.scanForClassesInPackage(ClasspathScanner.java:52)\r\n\t\tat io.cucumber.core.resource.ClasspathScanner.scanForClassesInPackage(ClasspathScanner.java:115)\r\n\t\tat java.util.stream.ReferencePipeline$3$1.accept(ReferencePipeline.java:193)\r\n\t\tat java.util.stream.ReferencePipeline$3$1.accept(ReferencePipeline.java:193)\r\n\t\tat java.util.stream.ReferencePipeline$2$1.accept(ReferencePipeline.java:175)\r\n\t\tat java.util.ArrayList$ArrayListSpliterator.forEachRemaining(ArrayList.java:1382)\r\n\t\tat java.util.stream.AbstractPipeline.copyInto(AbstractPipeline.java:481)\r\n\t\tat java.util.stream.AbstractPipeline.wrapAndCopyInto(AbstractPipeline.java:471)\r\n\t\tat java.util.stream.ForEachOps$ForEachOp.evaluateSequential(ForEachOps.java:151)\r\n\t\tat java.util.stream.ForEachOps$ForEachOp$OfRef.evaluateSequential(ForEachOps.java:174)\r\n\t\tat java.util.stream.AbstractPipeline.evaluate(AbstractPipeline.java:234)\r\n\t\tat java.util.stream.ReferencePipeline.forEach(ReferencePipeline.java:418)\r\n\t\tat io.cucumber.java.JavaBackend.loadGlue(JavaBackend.java:41)\r\n\t\tat io.cucumber.core.runner.Runner.<init>(Runner.java:56)\r\n\t\tat io.cucumber.core.runtime.ThreadLocalRunnerSupplier.createRunner(ThreadLocalRunnerSupplier.java:47)\r\n\t\tat java.lang.ThreadLocal$SuppliedThreadLocal.initialValue(ThreadLocal.java:284)\r\n\t\tat java.lang.ThreadLocal.setInitialValue(ThreadLocal.java:180)\r\n\t\tat java.lang.ThreadLocal.get(ThreadLocal.java:170)\r\n\t\tat io.cucumber.core.runtime.ThreadLocalRunnerSupplier.get(ThreadLocalRunnerSupplier.java:40)\r\n\t\tat io.cucumber.core.runtime.RethrowingThrowableCollector.executeAndThrow(RethrowingThrowableCollector.java:35)\r\n\t\tat io.cucumber.core.runtime.CucumberExecutionContext.getRunner(CucumberExecutionContext.java:141)\r\n\t\tat io.cucumber.core.runtime.CucumberExecutionContext.runAfterAllHooks(CucumberExecutionContext.java:98)\r\n\t\tat io.cucumber.core.runtime.CucumberExecutionContext.execute(CucumberExecutionContext.java:163)\r\n\t\tat io.cucumber.core.runtime.CucumberExecutionContext.runFeatures(CucumberExecutionContext.java:151)\r\n\t\t... 9 more\r\n","status":"failed"},"line":4,"name":"Cucumber will report this error:","match":{"arguments":[],"location":"io.cucumber.core.Failure.cucumber_reports_this_error()"},"keyword":"Then "}]}],"name":"Test run failed","description":"There were errors during the execution","id":"failure","keyword":"Feature","uri":"classpath:io/cucumber/core/failure.feature","tags":[]}]
>>>>>>> refs/heads/TMS_POD_ACADEMY_USERS
